{"D:\\repository\\wxwzl\\github\\cross-domain-emitter\\src\\index.ts": {"path":"D:\\repository\\wxwzl\\github\\cross-domain-emitter\\src\\index.ts","statementMap":{"0":{"start":{"line":1,"column":0},"end":{"line":1,"column":23}},"1":{"start":{"line":2,"column":0},"end":{"line":2,"column":31}},"2":{"start":{"line":3,"column":0},"end":{"line":3,"column":25}},"3":{"start":{"line":4,"column":0},"end":{"line":4,"column":35}},"4":{"start":{"line":5,"column":0},"end":{"line":5,"column":29}}},"fnMap":{},"branchMap":{},"s":{"0":1,"1":1,"2":1,"3":1,"4":1},"f":{},"b":{}}
,"D:\\repository\\wxwzl\\github\\cross-domain-emitter\\src\\broadcastChannel\\index.ts": {"path":"D:\\repository\\wxwzl\\github\\cross-domain-emitter\\src\\broadcastChannel\\index.ts","statementMap":{"0":{"start":{"line":1,"column":0},"end":{"line":1,"column":58}},"1":{"start":{"line":2,"column":0},"end":{"line":2,"column":24}}},"fnMap":{},"branchMap":{},"s":{"0":2,"1":2},"f":{},"b":{}}
,"D:\\repository\\wxwzl\\github\\cross-domain-emitter\\src\\broadcastChannel\\transceiver\\BroadcastChannelTransceiver.ts": {"path":"D:\\repository\\wxwzl\\github\\cross-domain-emitter\\src\\broadcastChannel\\transceiver\\BroadcastChannelTransceiver.ts","statementMap":{"0":{"start":{"line":143,"column":0},"end":{"line":143,"column":16}},"1":{"start":{"line":1,"column":0},"end":{"line":1,"column":42}},"2":{"start":{"line":2,"column":0},"end":{"line":2,"column":87}},"3":{"start":{"line":3,"column":0},"end":{"line":3,"column":51}},"4":{"start":{"line":5,"column":0},"end":{"line":5,"column":null}},"5":{"start":{"line":6,"column":2},"end":{"line":6,"column":null}},"6":{"start":{"line":7,"column":2},"end":{"line":7,"column":null}},"7":{"start":{"line":17,"column":0},"end":{"line":17,"column":null}},"8":{"start":{"line":17,"column":49},"end":{"line":17,"column":64}},"9":{"start":{"line":26,"column":4},"end":{"line":26,"column":12}},"10":{"start":{"line":18,"column":2},"end":{"line":18,"column":32}},"11":{"start":{"line":19,"column":2},"end":{"line":19,"column":43}},"12":{"start":{"line":21,"column":2},"end":{"line":21,"column":50}},"13":{"start":{"line":23,"column":2},"end":{"line":23,"column":51}},"14":{"start":{"line":27,"column":4},"end":{"line":27,"column":32}},"15":{"start":{"line":28,"column":4},"end":{"line":28,"column":86}},"16":{"start":{"line":29,"column":4},"end":{"line":29,"column":25}},"17":{"start":{"line":32,"column":4},"end":{"line":32,"column":67}},"18":{"start":{"line":35,"column":10},"end":{"line":52,"column":null}},"19":{"start":{"line":36,"column":4},"end":{"line":38,"column":5}},"20":{"start":{"line":37,"column":6},"end":{"line":37,"column":13}},"21":{"start":{"line":40,"column":4},"end":{"line":51,"column":5}},"22":{"start":{"line":41,"column":19},"end":{"line":41,"column":29}},"23":{"start":{"line":42,"column":6},"end":{"line":48,"column":7}},"24":{"start":{"line":43,"column":23},"end":{"line":43,"column":79}},"25":{"start":{"line":44,"column":8},"end":{"line":44,"column":42}},"26":{"start":{"line":45,"column":8},"end":{"line":47,"column":11}},"27":{"start":{"line":46,"column":10},"end":{"line":46,"column":36}},"28":{"start":{"line":50,"column":6},"end":{"line":50,"column":66}},"29":{"start":{"line":54,"column":2},"end":{"line":74,"column":null}},"30":{"start":{"line":55,"column":4},"end":{"line":57,"column":5}},"31":{"start":{"line":56,"column":6},"end":{"line":56,"column":18}},"32":{"start":{"line":59,"column":24},"end":{"line":65,"column":6}},"33":{"start":{"line":67,"column":4},"end":{"line":71,"column":5}},"34":{"start":{"line":68,"column":6},"end":{"line":68,"column":53}},"35":{"start":{"line":70,"column":6},"end":{"line":70,"column":75}},"36":{"start":{"line":73,"column":4},"end":{"line":73,"column":16}},"37":{"start":{"line":76,"column":2},"end":{"line":89,"column":null}},"38":{"start":{"line":77,"column":4},"end":{"line":88,"column":5}},"39":{"start":{"line":78,"column":6},"end":{"line":80,"column":7}},"40":{"start":{"line":79,"column":8},"end":{"line":79,"column":71}},"41":{"start":{"line":81,"column":6},"end":{"line":81,"column":32}},"42":{"start":{"line":84,"column":6},"end":{"line":84,"column":71}},"43":{"start":{"line":87,"column":6},"end":{"line":87,"column":74}},"44":{"start":{"line":91,"column":2},"end":{"line":103,"column":null}},"45":{"start":{"line":92,"column":4},"end":{"line":102,"column":5}},"46":{"start":{"line":93,"column":6},"end":{"line":93,"column":33}},"47":{"start":{"line":96,"column":6},"end":{"line":96,"column":77}},"48":{"start":{"line":98,"column":6},"end":{"line":101,"column":7}},"49":{"start":{"line":99,"column":8},"end":{"line":99,"column":38}},"50":{"start":{"line":100,"column":8},"end":{"line":100,"column":37}},"51":{"start":{"line":105,"column":2},"end":{"line":107,"column":null}},"52":{"start":{"line":106,"column":4},"end":{"line":106,"column":23}},"53":{"start":{"line":109,"column":2},"end":{"line":120,"column":null}},"54":{"start":{"line":110,"column":15},"end":{"line":110,"column":19}},"55":{"start":{"line":111,"column":4},"end":{"line":116,"column":7}},"56":{"start":{"line":112,"column":6},"end":{"line":115,"column":7}},"57":{"start":{"line":113,"column":8},"end":{"line":113,"column":21}},"58":{"start":{"line":114,"column":8},"end":{"line":114,"column":20}},"59":{"start":{"line":117,"column":4},"end":{"line":119,"column":5}},"60":{"start":{"line":118,"column":6},"end":{"line":118,"column":34}},"61":{"start":{"line":122,"column":2},"end":{"line":129,"column":null}},"62":{"start":{"line":122,"column":2},"end":{"line":122,"column":15}},"63":{"start":{"line":123,"column":4},"end":{"line":128,"column":7}},"64":{"start":{"line":124,"column":6},"end":{"line":127,"column":7}},"65":{"start":{"line":125,"column":8},"end":{"line":125,"column":39}},"66":{"start":{"line":126,"column":8},"end":{"line":126,"column":20}},"67":{"start":{"line":131,"column":2},"end":{"line":133,"column":null}},"68":{"start":{"line":132,"column":4},"end":{"line":132,"column":66}},"69":{"start":{"line":138,"column":9},"end":{"line":140,"column":null}},"70":{"start":{"line":139,"column":4},"end":{"line":139,"column":51}},"71":{"start":{"line":141,"column":0},"end":{"line":141,"column":null}},"72":{"start":{"line":17,"column":13},"end":{"line":17,"column":40}},"73":{"start":{"line":144,"column":2},"end":{"line":144,"column":49}}},"fnMap":{"0":{"name":"(anonymous_6)","decl":{"start":{"line":5,"column":0},"end":{"line":5,"column":5}},"loc":{"start":{"line":5,"column":11},"end":{"line":8,"column":1}}},"1":{"name":"(anonymous_7)","decl":{"start":{"line":17,"column":0},"end":{"line":17,"column":13}},"loc":{"start":{"line":17,"column":0},"end":{"line":141,"column":null}}},"2":{"name":"BroadcastChannelTransceiver","decl":{"start":{"line":25,"column":2},"end":{"line":25,"column":14}},"loc":{"start":{"line":25,"column":61},"end":{"line":33,"column":3}}},"3":{"name":"(anonymous_9)","decl":{"start":{"line":35,"column":2},"end":{"line":35,"column":10}},"loc":{"start":{"line":35,"column":44},"end":{"line":52,"column":3}}},"4":{"name":"(anonymous_10)","decl":{"start":{"line":45,"column":53},"end":{"line":45,"column":54}},"loc":{"start":{"line":45,"column":61},"end":{"line":47,"column":9}}},"5":{"name":"(anonymous_11)","decl":{"start":{"line":54,"column":2},"end":{"line":54,"column":6}},"loc":{"start":{"line":54,"column":63},"end":{"line":74,"column":3}}},"6":{"name":"(anonymous_12)","decl":{"start":{"line":76,"column":2},"end":{"line":76,"column":7}},"loc":{"start":{"line":76,"column":2},"end":{"line":89,"column":3}}},"7":{"name":"(anonymous_13)","decl":{"start":{"line":91,"column":2},"end":{"line":91,"column":6}},"loc":{"start":{"line":91,"column":2},"end":{"line":103,"column":3}}},"8":{"name":"(anonymous_14)","decl":{"start":{"line":105,"column":2},"end":{"line":105,"column":14}},"loc":{"start":{"line":105,"column":2},"end":{"line":107,"column":3}}},"9":{"name":"(anonymous_15)","decl":{"start":{"line":109,"column":2},"end":{"line":109,"column":12}},"loc":{"start":{"line":109,"column":40},"end":{"line":120,"column":3}}},"10":{"name":"(anonymous_16)","decl":{"start":{"line":111,"column":29},"end":{"line":111,"column":30}},"loc":{"start":{"line":111,"column":36},"end":{"line":116,"column":5}}},"11":{"name":"(anonymous_17)","decl":{"start":{"line":122,"column":2},"end":{"line":122,"column":15}},"loc":{"start":{"line":122,"column":43},"end":{"line":129,"column":3}}},"12":{"name":"(anonymous_18)","decl":{"start":{"line":123,"column":29},"end":{"line":123,"column":30}},"loc":{"start":{"line":123,"column":43},"end":{"line":128,"column":5}}},"13":{"name":"(anonymous_19)","decl":{"start":{"line":131,"column":2},"end":{"line":131,"column":13}},"loc":{"start":{"line":131,"column":2},"end":{"line":133,"column":3}}},"14":{"name":"(anonymous_20)","decl":{"start":{"line":138,"column":2},"end":{"line":138,"column":9}},"loc":{"start":{"line":138,"column":2},"end":{"line":140,"column":3}}},"15":{"name":"createBroadcastChannelTransceiver","decl":{"start":{"line":143,"column":16},"end":{"line":143,"column":49}},"loc":{"start":{"line":143,"column":97},"end":{"line":145,"column":1}}}},"branchMap":{"0":{"loc":{"start":{"line":5,"column":5},"end":{"line":5,"column":null}},"type":"binary-expr","locations":[{"start":{"line":5,"column":5},"end":{"line":5,"column":11}},{"start":{"line":5,"column":5},"end":{"line":5,"column":null}}]},"1":{"loc":{"start":{"line":26,"column":4},"end":{"line":26,"column":12}},"type":"binary-expr","locations":[{"start":{"line":26,"column":4},"end":{"line":26,"column":11}},{"start":{"line":26,"column":11},"end":{"line":26,"column":12}}]},"2":{"loc":{"start":{"line":28,"column":23},"end":{"line":28,"column":85}},"type":"binary-expr","locations":[{"start":{"line":28,"column":23},"end":{"line":28,"column":41}},{"start":{"line":28,"column":45},"end":{"line":28,"column":85}}]},"3":{"loc":{"start":{"line":36,"column":4},"end":{"line":38,"column":5}},"type":"if","locations":[{"start":{"line":36,"column":4},"end":{"line":38,"column":5}}]},"4":{"loc":{"start":{"line":36,"column":8},"end":{"line":36,"column":42}},"type":"binary-expr","locations":[{"start":{"line":36,"column":8},"end":{"line":36,"column":19}},{"start":{"line":36,"column":23},"end":{"line":36,"column":42}}]},"5":{"loc":{"start":{"line":42,"column":6},"end":{"line":48,"column":7}},"type":"if","locations":[{"start":{"line":42,"column":6},"end":{"line":48,"column":7}}]},"6":{"loc":{"start":{"line":42,"column":10},"end":{"line":42,"column":69}},"type":"binary-expr","locations":[{"start":{"line":42,"column":10},"end":{"line":42,"column":14}},{"start":{"line":42,"column":18},"end":{"line":42,"column":42}},{"start":{"line":42,"column":46},"end":{"line":42,"column":69}}]},"7":{"loc":{"start":{"line":55,"column":4},"end":{"line":57,"column":5}},"type":"if","locations":[{"start":{"line":55,"column":4},"end":{"line":57,"column":5}}]},"8":{"loc":{"start":{"line":55,"column":8},"end":{"line":55,"column":61}},"type":"binary-expr","locations":[{"start":{"line":55,"column":8},"end":{"line":55,"column":35}},{"start":{"line":55,"column":39},"end":{"line":55,"column":61}}]},"9":{"loc":{"start":{"line":77,"column":4},"end":{"line":88,"column":5}},"type":"if","locations":[{"start":{"line":77,"column":4},"end":{"line":88,"column":5}}]},"10":{"loc":{"start":{"line":78,"column":6},"end":{"line":80,"column":7}},"type":"if","locations":[{"start":{"line":78,"column":6},"end":{"line":80,"column":7}}]},"11":{"loc":{"start":{"line":92,"column":4},"end":{"line":102,"column":5}},"type":"if","locations":[{"start":{"line":92,"column":4},"end":{"line":102,"column":5}}]},"12":{"loc":{"start":{"line":98,"column":6},"end":{"line":101,"column":7}},"type":"if","locations":[{"start":{"line":98,"column":6},"end":{"line":101,"column":7}}]},"13":{"loc":{"start":{"line":112,"column":6},"end":{"line":115,"column":7}},"type":"if","locations":[{"start":{"line":112,"column":6},"end":{"line":115,"column":7}}]},"14":{"loc":{"start":{"line":117,"column":4},"end":{"line":119,"column":5}},"type":"if","locations":[{"start":{"line":117,"column":4},"end":{"line":119,"column":5}}]},"15":{"loc":{"start":{"line":124,"column":6},"end":{"line":127,"column":7}},"type":"if","locations":[{"start":{"line":124,"column":6},"end":{"line":127,"column":7}}]},"16":{"loc":{"start":{"line":132,"column":11},"end":{"line":132,"column":65}},"type":"binary-expr","locations":[{"start":{"line":132,"column":11},"end":{"line":132,"column":38}},{"start":{"line":132,"column":42},"end":{"line":132,"column":65}}]}},"s":{"0":2,"1":2,"2":2,"3":2,"4":2,"5":2,"6":2,"7":2,"8":2,"9":0,"10":0,"11":0,"12":0,"13":0,"14":0,"15":0,"16":0,"17":0,"18":2,"19":0,"20":0,"21":0,"22":0,"23":0,"24":0,"25":0,"26":0,"27":0,"28":0,"29":2,"30":0,"31":0,"32":0,"33":0,"34":0,"35":0,"36":0,"37":2,"38":0,"39":0,"40":0,"41":0,"42":0,"43":0,"44":2,"45":0,"46":0,"47":0,"48":0,"49":0,"50":0,"51":2,"52":0,"53":2,"54":0,"55":0,"56":0,"57":0,"58":0,"59":0,"60":0,"61":2,"62":0,"63":0,"64":0,"65":0,"66":0,"67":2,"68":0,"69":2,"70":14,"71":2,"72":2,"73":0},"f":{"0":2,"1":2,"2":0,"3":0,"4":0,"5":0,"6":0,"7":0,"8":0,"9":0,"10":0,"11":0,"12":0,"13":0,"14":14,"15":0},"b":{"0":[2,2],"1":[0,0],"2":[0,0],"3":[0],"4":[0,0],"5":[0],"6":[0,0,0],"7":[0],"8":[0,0],"9":[0],"10":[0],"11":[0],"12":[0],"13":[0],"14":[0],"15":[0],"16":[0,0]}}
,"D:\\repository\\wxwzl\\github\\cross-domain-emitter\\src\\core\\index.ts": {"path":"D:\\repository\\wxwzl\\github\\cross-domain-emitter\\src\\core\\index.ts","statementMap":{"0":{"start":{"line":1,"column":0},"end":{"line":1,"column":9}},"1":{"start":{"line":1,"column":9},"end":{"line":1,"column":28}},"2":{"start":{"line":2,"column":0},"end":{"line":2,"column":9}},"3":{"start":{"line":2,"column":9},"end":{"line":2,"column":82}},"4":{"start":{"line":3,"column":0},"end":{"line":3,"column":9}},"5":{"start":{"line":3,"column":9},"end":{"line":3,"column":25}},"6":{"start":{"line":4,"column":0},"end":{"line":4,"column":9}},"7":{"start":{"line":4,"column":9},"end":{"line":4,"column":35}},"8":{"start":{"line":5,"column":0},"end":{"line":5,"column":46}},"9":{"start":{"line":6,"column":0},"end":{"line":6,"column":30}}},"fnMap":{"0":{"name":"(anonymous_5)","decl":{"start":{"line":1,"column":9},"end":{"line":1,"column":16}},"loc":{"start":{"line":1,"column":9},"end":{"line":1,"column":28}}},"1":{"name":"(anonymous_6)","decl":{"start":{"line":2,"column":9},"end":{"line":2,"column":29}},"loc":{"start":{"line":2,"column":9},"end":{"line":2,"column":82}}},"2":{"name":"(anonymous_7)","decl":{"start":{"line":3,"column":9},"end":{"line":3,"column":16}},"loc":{"start":{"line":3,"column":9},"end":{"line":3,"column":25}}},"3":{"name":"(anonymous_8)","decl":{"start":{"line":4,"column":9},"end":{"line":4,"column":16}},"loc":{"start":{"line":4,"column":9},"end":{"line":4,"column":35}}}},"branchMap":{},"s":{"0":2,"1":2,"2":2,"3":3,"4":2,"5":3,"6":2,"7":6,"8":2,"9":2},"f":{"0":0,"1":1,"2":1,"3":4},"b":{}}
,"D:\\repository\\wxwzl\\github\\cross-domain-emitter\\src\\core\\EventBus\\index.ts": {"path":"D:\\repository\\wxwzl\\github\\cross-domain-emitter\\src\\core\\EventBus\\index.ts","statementMap":{"0":{"start":{"line":1,"column":0},"end":{"line":1,"column":91}},"1":{"start":{"line":2,"column":0},"end":{"line":2,"column":60}},"2":{"start":{"line":3,"column":0},"end":{"line":3,"column":47}},"3":{"start":{"line":4,"column":0},"end":{"line":4,"column":44}},"4":{"start":{"line":5,"column":0},"end":{"line":5,"column":74}},"5":{"start":{"line":7,"column":0},"end":{"line":7,"column":null}},"6":{"start":{"line":7,"column":38},"end":{"line":7,"column":50}},"7":{"start":{"line":8,"column":2},"end":{"line":8,"column":16}},"8":{"start":{"line":9,"column":2},"end":{"line":9,"column":44}},"9":{"start":{"line":10,"column":2},"end":{"line":10,"column":33}},"10":{"start":{"line":11,"column":2},"end":{"line":81,"column":null}},"11":{"start":{"line":17,"column":4},"end":{"line":19,"column":5}},"12":{"start":{"line":18,"column":6},"end":{"line":18,"column":18}},"13":{"start":{"line":20,"column":4},"end":{"line":22,"column":5}},"14":{"start":{"line":21,"column":6},"end":{"line":21,"column":33}},"15":{"start":{"line":23,"column":4},"end":{"line":26,"column":5}},"16":{"start":{"line":24,"column":6},"end":{"line":24,"column":42}},"17":{"start":{"line":25,"column":6},"end":{"line":25,"column":18}},"18":{"start":{"line":27,"column":4},"end":{"line":29,"column":5}},"19":{"start":{"line":28,"column":6},"end":{"line":28,"column":42}},"20":{"start":{"line":31,"column":4},"end":{"line":63,"column":5}},"21":{"start":{"line":32,"column":6},"end":{"line":61,"column":7}},"22":{"start":{"line":33,"column":8},"end":{"line":48,"column":10}},"23":{"start":{"line":36,"column":12},"end":{"line":46,"column":13}},"24":{"start":{"line":37,"column":14},"end":{"line":39,"column":15}},"25":{"start":{"line":38,"column":16},"end":{"line":38,"column":54}},"26":{"start":{"line":40,"column":19},"end":{"line":46,"column":13}},"27":{"start":{"line":41,"column":14},"end":{"line":45,"column":17}},"28":{"start":{"line":50,"column":8},"end":{"line":60,"column":9}},"29":{"start":{"line":51,"column":10},"end":{"line":53,"column":11}},"30":{"start":{"line":52,"column":12},"end":{"line":52,"column":55}},"31":{"start":{"line":54,"column":15},"end":{"line":60,"column":9}},"32":{"start":{"line":55,"column":10},"end":{"line":59,"column":13}},"33":{"start":{"line":62,"column":6},"end":{"line":62,"column":18}},"34":{"start":{"line":64,"column":4},"end":{"line":66,"column":7}},"35":{"start":{"line":65,"column":6},"end":{"line":65,"column":73}},"36":{"start":{"line":67,"column":32},"end":{"line":67,"column":49}},"37":{"start":{"line":68,"column":4},"end":{"line":79,"column":5}},"38":{"start":{"line":68,"column":17},"end":{"line":68,"column":18}},"39":{"start":{"line":69,"column":22},"end":{"line":69,"column":44}},"40":{"start":{"line":70,"column":6},"end":{"line":78,"column":7}},"41":{"start":{"line":71,"column":8},"end":{"line":71,"column":46}},"42":{"start":{"line":73,"column":8},"end":{"line":75,"column":9}},"43":{"start":{"line":74,"column":10},"end":{"line":74,"column":25}},"44":{"start":{"line":76,"column":8},"end":{"line":76,"column":41}},"45":{"start":{"line":77,"column":8},"end":{"line":77,"column":12}},"46":{"start":{"line":80,"column":4},"end":{"line":80,"column":16}},"47":{"start":{"line":83,"column":2},"end":{"line":85,"column":null}},"48":{"start":{"line":84,"column":4},"end":{"line":84,"column":45}},"49":{"start":{"line":86,"column":2},"end":{"line":97,"column":null}},"50":{"start":{"line":87,"column":15},"end":{"line":87,"column":19}},"51":{"start":{"line":88,"column":4},"end":{"line":93,"column":7}},"52":{"start":{"line":89,"column":6},"end":{"line":92,"column":7}},"53":{"start":{"line":90,"column":8},"end":{"line":90,"column":21}},"54":{"start":{"line":91,"column":8},"end":{"line":91,"column":20}},"55":{"start":{"line":94,"column":4},"end":{"line":96,"column":5}},"56":{"start":{"line":95,"column":6},"end":{"line":95,"column":42}},"57":{"start":{"line":98,"column":2},"end":{"line":105,"column":null}},"58":{"start":{"line":98,"column":2},"end":{"line":98,"column":19}},"59":{"start":{"line":99,"column":4},"end":{"line":104,"column":7}},"60":{"start":{"line":100,"column":6},"end":{"line":103,"column":7}},"61":{"start":{"line":101,"column":8},"end":{"line":101,"column":43}},"62":{"start":{"line":102,"column":8},"end":{"line":102,"column":20}},"63":{"start":{"line":106,"column":2},"end":{"line":108,"column":null}},"64":{"start":{"line":107,"column":4},"end":{"line":107,"column":47}},"65":{"start":{"line":109,"column":2},"end":{"line":111,"column":null}},"66":{"start":{"line":110,"column":4},"end":{"line":110,"column":27}},"67":{"start":{"line":112,"column":2},"end":{"line":114,"column":null}},"68":{"start":{"line":113,"column":4},"end":{"line":113,"column":50}},"69":{"start":{"line":115,"column":2},"end":{"line":126,"column":null}},"70":{"start":{"line":116,"column":15},"end":{"line":116,"column":19}},"71":{"start":{"line":117,"column":4},"end":{"line":122,"column":7}},"72":{"start":{"line":118,"column":6},"end":{"line":121,"column":7}},"73":{"start":{"line":119,"column":8},"end":{"line":119,"column":21}},"74":{"start":{"line":120,"column":8},"end":{"line":120,"column":20}},"75":{"start":{"line":123,"column":4},"end":{"line":125,"column":5}},"76":{"start":{"line":124,"column":6},"end":{"line":124,"column":33}},"77":{"start":{"line":127,"column":2},"end":{"line":134,"column":null}},"78":{"start":{"line":127,"column":2},"end":{"line":127,"column":15}},"79":{"start":{"line":128,"column":4},"end":{"line":133,"column":7}},"80":{"start":{"line":129,"column":6},"end":{"line":132,"column":7}},"81":{"start":{"line":130,"column":8},"end":{"line":130,"column":39}},"82":{"start":{"line":131,"column":8},"end":{"line":131,"column":20}},"83":{"start":{"line":135,"column":0},"end":{"line":135,"column":null}}},"fnMap":{"0":{"name":"(anonymous_7)","decl":{"start":{"line":7,"column":0},"end":{"line":7,"column":38}},"loc":{"start":{"line":7,"column":0},"end":{"line":135,"column":null}}},"1":{"name":"(anonymous_9)","decl":{"start":{"line":11,"column":2},"end":{"line":11,"column":6}},"loc":{"start":{"line":15,"column":81},"end":{"line":81,"column":3}}},"2":{"name":"(anonymous_10)","decl":{"start":{"line":35,"column":10},"end":{"line":35,"column":11}},"loc":{"start":{"line":35,"column":18},"end":{"line":47,"column":11}}},"3":{"name":"(anonymous_11)","decl":{"start":{"line":64,"column":26},"end":{"line":64,"column":27}},"loc":{"start":{"line":64,"column":34},"end":{"line":66,"column":5}}},"4":{"name":"(anonymous_12)","decl":{"start":{"line":83,"column":2},"end":{"line":83,"column":17}},"loc":{"start":{"line":83,"column":46},"end":{"line":85,"column":3}}},"5":{"name":"(anonymous_13)","decl":{"start":{"line":86,"column":2},"end":{"line":86,"column":16}},"loc":{"start":{"line":86,"column":45},"end":{"line":97,"column":3}}},"6":{"name":"(anonymous_14)","decl":{"start":{"line":88,"column":33},"end":{"line":88,"column":34}},"loc":{"start":{"line":88,"column":40},"end":{"line":93,"column":5}}},"7":{"name":"(anonymous_15)","decl":{"start":{"line":98,"column":2},"end":{"line":98,"column":19}},"loc":{"start":{"line":98,"column":48},"end":{"line":105,"column":3}}},"8":{"name":"(anonymous_16)","decl":{"start":{"line":99,"column":33},"end":{"line":99,"column":34}},"loc":{"start":{"line":99,"column":47},"end":{"line":104,"column":5}}},"9":{"name":"(anonymous_17)","decl":{"start":{"line":106,"column":2},"end":{"line":106,"column":19}},"loc":{"start":{"line":106,"column":48},"end":{"line":108,"column":3}}},"10":{"name":"(anonymous_18)","decl":{"start":{"line":109,"column":2},"end":{"line":109,"column":18}},"loc":{"start":{"line":109,"column":2},"end":{"line":111,"column":3}}},"11":{"name":"(anonymous_19)","decl":{"start":{"line":112,"column":2},"end":{"line":112,"column":11}},"loc":{"start":{"line":112,"column":28},"end":{"line":114,"column":3}}},"12":{"name":"(anonymous_20)","decl":{"start":{"line":115,"column":2},"end":{"line":115,"column":12}},"loc":{"start":{"line":115,"column":29},"end":{"line":126,"column":3}}},"13":{"name":"(anonymous_21)","decl":{"start":{"line":117,"column":29},"end":{"line":117,"column":30}},"loc":{"start":{"line":117,"column":36},"end":{"line":122,"column":5}}},"14":{"name":"(anonymous_22)","decl":{"start":{"line":127,"column":2},"end":{"line":127,"column":15}},"loc":{"start":{"line":127,"column":32},"end":{"line":134,"column":3}}},"15":{"name":"(anonymous_23)","decl":{"start":{"line":128,"column":29},"end":{"line":128,"column":30}},"loc":{"start":{"line":128,"column":43},"end":{"line":133,"column":5}}}},"branchMap":{"0":{"loc":{"start":{"line":17,"column":4},"end":{"line":19,"column":5}},"type":"if","locations":[{"start":{"line":17,"column":4},"end":{"line":19,"column":5}}]},"1":{"loc":{"start":{"line":20,"column":4},"end":{"line":22,"column":5}},"type":"if","locations":[{"start":{"line":20,"column":4},"end":{"line":22,"column":5}}]},"2":{"loc":{"start":{"line":23,"column":4},"end":{"line":26,"column":5}},"type":"if","locations":[{"start":{"line":23,"column":4},"end":{"line":26,"column":5}}]},"3":{"loc":{"start":{"line":23,"column":8},"end":{"line":23,"column":40}},"type":"binary-expr","locations":[{"start":{"line":23,"column":8},"end":{"line":23,"column":15}},{"start":{"line":23,"column":19},"end":{"line":23,"column":40}}]},"4":{"loc":{"start":{"line":27,"column":4},"end":{"line":29,"column":5}},"type":"if","locations":[{"start":{"line":27,"column":4},"end":{"line":29,"column":5}}]},"5":{"loc":{"start":{"line":27,"column":8},"end":{"line":27,"column":41}},"type":"binary-expr","locations":[{"start":{"line":27,"column":8},"end":{"line":27,"column":15}},{"start":{"line":27,"column":19},"end":{"line":27,"column":41}}]},"6":{"loc":{"start":{"line":31,"column":4},"end":{"line":63,"column":5}},"type":"if","locations":[{"start":{"line":31,"column":4},"end":{"line":63,"column":5}}]},"7":{"loc":{"start":{"line":32,"column":6},"end":{"line":61,"column":7}},"type":"if","locations":[{"start":{"line":32,"column":6},"end":{"line":61,"column":7}},{"start":{"line":49,"column":13},"end":{"line":61,"column":7}}]},"8":{"loc":{"start":{"line":36,"column":12},"end":{"line":46,"column":13}},"type":"if","locations":[{"start":{"line":36,"column":12},"end":{"line":46,"column":13}},{"start":{"line":40,"column":19},"end":{"line":46,"column":13}}]},"9":{"loc":{"start":{"line":37,"column":14},"end":{"line":39,"column":15}},"type":"if","locations":[{"start":{"line":37,"column":14},"end":{"line":39,"column":15}}]},"10":{"loc":{"start":{"line":37,"column":18},"end":{"line":37,"column":50}},"type":"binary-expr","locations":[{"start":{"line":37,"column":18},"end":{"line":37,"column":25}},{"start":{"line":37,"column":29},"end":{"line":37,"column":50}}]},"11":{"loc":{"start":{"line":40,"column":19},"end":{"line":46,"column":13}},"type":"if","locations":[{"start":{"line":40,"column":19},"end":{"line":46,"column":13}}]},"12":{"loc":{"start":{"line":50,"column":8},"end":{"line":60,"column":9}},"type":"if","locations":[{"start":{"line":50,"column":8},"end":{"line":60,"column":9}},{"start":{"line":54,"column":15},"end":{"line":60,"column":9}}]},"13":{"loc":{"start":{"line":51,"column":10},"end":{"line":53,"column":11}},"type":"if","locations":[{"start":{"line":51,"column":10},"end":{"line":53,"column":11}}]},"14":{"loc":{"start":{"line":54,"column":15},"end":{"line":60,"column":9}},"type":"if","locations":[{"start":{"line":54,"column":15},"end":{"line":60,"column":9}}]},"15":{"loc":{"start":{"line":70,"column":6},"end":{"line":78,"column":7}},"type":"if","locations":[{"start":{"line":70,"column":6},"end":{"line":78,"column":7}},{"start":{"line":72,"column":13},"end":{"line":78,"column":7}}]},"16":{"loc":{"start":{"line":70,"column":10},"end":{"line":70,"column":42}},"type":"binary-expr","locations":[{"start":{"line":70,"column":10},"end":{"line":70,"column":17}},{"start":{"line":70,"column":21},"end":{"line":70,"column":42}}]},"17":{"loc":{"start":{"line":73,"column":8},"end":{"line":75,"column":9}},"type":"if","locations":[{"start":{"line":73,"column":8},"end":{"line":75,"column":9}}]},"18":{"loc":{"start":{"line":73,"column":12},"end":{"line":73,"column":35}},"type":"binary-expr","locations":[{"start":{"line":73,"column":12},"end":{"line":73,"column":19}},{"start":{"line":73,"column":23},"end":{"line":73,"column":35}}]},"19":{"loc":{"start":{"line":89,"column":6},"end":{"line":92,"column":7}},"type":"if","locations":[{"start":{"line":89,"column":6},"end":{"line":92,"column":7}}]},"20":{"loc":{"start":{"line":94,"column":4},"end":{"line":96,"column":5}},"type":"if","locations":[{"start":{"line":94,"column":4},"end":{"line":96,"column":5}}]},"21":{"loc":{"start":{"line":100,"column":6},"end":{"line":103,"column":7}},"type":"if","locations":[{"start":{"line":100,"column":6},"end":{"line":103,"column":7}}]},"22":{"loc":{"start":{"line":118,"column":6},"end":{"line":121,"column":7}},"type":"if","locations":[{"start":{"line":118,"column":6},"end":{"line":121,"column":7}}]},"23":{"loc":{"start":{"line":123,"column":4},"end":{"line":125,"column":5}},"type":"if","locations":[{"start":{"line":123,"column":4},"end":{"line":125,"column":5}}]},"24":{"loc":{"start":{"line":129,"column":6},"end":{"line":132,"column":7}},"type":"if","locations":[{"start":{"line":129,"column":6},"end":{"line":132,"column":7}}]}},"s":{"0":2,"1":2,"2":2,"3":2,"4":2,"5":2,"6":2,"7":16,"8":16,"9":16,"10":2,"11":11,"12":7,"13":11,"14":11,"15":11,"16":1,"17":1,"18":10,"19":8,"20":10,"21":0,"22":0,"23":0,"24":0,"25":0,"26":0,"27":0,"28":0,"29":0,"30":0,"31":0,"32":0,"33":0,"34":10,"35":0,"36":10,"37":10,"38":10,"39":4,"40":4,"41":4,"42":0,"43":0,"44":0,"45":0,"46":10,"47":2,"48":14,"49":2,"50":14,"51":14,"52":0,"53":0,"54":0,"55":14,"56":14,"57":2,"58":15,"59":15,"60":14,"61":14,"62":14,"63":2,"64":15,"65":2,"66":0,"67":2,"68":0,"69":2,"70":0,"71":0,"72":0,"73":0,"74":0,"75":0,"76":0,"77":2,"78":0,"79":0,"80":0,"81":0,"82":0,"83":2},"f":{"0":18,"1":11,"2":0,"3":0,"4":14,"5":14,"6":0,"7":15,"8":14,"9":15,"10":0,"11":0,"12":0,"13":0,"14":0,"15":0},"b":{"0":[7],"1":[11],"2":[1],"3":[11,11],"4":[8],"5":[10,10],"6":[0],"7":[0,0],"8":[0,0],"9":[0],"10":[0,0],"11":[0],"12":[0,0],"13":[0],"14":[0],"15":[4,0],"16":[4,4],"17":[0],"18":[0,0],"19":[0],"20":[14],"21":[14],"22":[0],"23":[0],"24":[0]}}
,"D:\\repository\\wxwzl\\github\\cross-domain-emitter\\src\\core\\EventBus\\virtualService.ts": {"path":"D:\\repository\\wxwzl\\github\\cross-domain-emitter\\src\\core\\EventBus\\virtualService.ts","statementMap":{"0":{"start":{"line":24,"column":0},"end":{"line":24,"column":16}},"1":{"start":{"line":1,"column":0},"end":{"line":1,"column":44}},"2":{"start":{"line":3,"column":0},"end":{"line":3,"column":52}},"3":{"start":{"line":25,"column":19},"end":{"line":25,"column":37}},"4":{"start":{"line":26,"column":22},"end":{"line":26,"column":43}},"5":{"start":{"line":27,"column":26},"end":{"line":27,"column":30}},"6":{"start":{"line":28,"column":23},"end":{"line":28,"column":40}},"7":{"start":{"line":29,"column":2},"end":{"line":83,"column":4}},"8":{"start":{"line":31,"column":6},"end":{"line":39,"column":9}},"9":{"start":{"line":32,"column":28},"end":{"line":32,"column":53}},"10":{"start":{"line":33,"column":8},"end":{"line":33,"column":38}},"11":{"start":{"line":34,"column":8},"end":{"line":37,"column":11}},"12":{"start":{"line":35,"column":10},"end":{"line":35,"column":43}},"13":{"start":{"line":36,"column":10},"end":{"line":36,"column":24}},"14":{"start":{"line":38,"column":8},"end":{"line":38,"column":68}},"15":{"start":{"line":41,"column":45},"end":{"line":41,"column":null}},"16":{"start":{"line":42,"column":6},"end":{"line":44,"column":7}},"17":{"start":{"line":43,"column":8},"end":{"line":43,"column":31}},"18":{"start":{"line":45,"column":6},"end":{"line":59,"column":9}},"19":{"start":{"line":46,"column":26},"end":{"line":46,"column":34}},"20":{"start":{"line":47,"column":8},"end":{"line":49,"column":9}},"21":{"start":{"line":48,"column":10},"end":{"line":48,"column":43}},"22":{"start":{"line":50,"column":8},"end":{"line":58,"column":9}},"23":{"start":{"line":51,"column":10},"end":{"line":55,"column":13}},"24":{"start":{"line":52,"column":13},"end":{"line":52,"column":65}},"25":{"start":{"line":54,"column":12},"end":{"line":54,"column":45}},"26":{"start":{"line":57,"column":10},"end":{"line":57,"column":47}},"27":{"start":{"line":60,"column":6},"end":{"line":68,"column":7}},"28":{"start":{"line":61,"column":9},"end":{"line":64,"column":11}},"29":{"start":{"line":62,"column":10},"end":{"line":62,"column":73}},"30":{"start":{"line":63,"column":10},"end":{"line":63,"column":26}},"31":{"start":{"line":66,"column":8},"end":{"line":66,"column":75}},"32":{"start":{"line":67,"column":8},"end":{"line":67,"column":28}},"33":{"start":{"line":71,"column":6},"end":{"line":71,"column":41}},"34":{"start":{"line":74,"column":6},"end":{"line":74,"column":42}},"35":{"start":{"line":77,"column":6},"end":{"line":79,"column":9}},"36":{"start":{"line":78,"column":8},"end":{"line":78,"column":32}},"37":{"start":{"line":80,"column":6},"end":{"line":80,"column":29}},"38":{"start":{"line":81,"column":6},"end":{"line":81,"column":32}}},"fnMap":{"0":{"name":"createVirtualService","decl":{"start":{"line":24,"column":16},"end":{"line":24,"column":36}},"loc":{"start":{"line":24,"column":74},"end":{"line":84,"column":1}}},"1":{"name":"(anonymous_1)","decl":{"start":{"line":30,"column":7},"end":{"line":30,"column":null}},"loc":{"start":{"line":30,"column":7},"end":{"line":40,"column":5}}},"2":{"name":"(anonymous_2)","decl":{"start":{"line":31,"column":25},"end":{"line":31,"column":26}},"loc":{"start":{"line":31,"column":33},"end":{"line":39,"column":7}}},"3":{"name":"(anonymous_3)","decl":{"start":{"line":34,"column":35},"end":{"line":34,"column":36}},"loc":{"start":{"line":34,"column":40},"end":{"line":37,"column":9}}},"4":{"name":"(anonymous_4)","decl":{"start":{"line":41,"column":7},"end":{"line":41,"column":8}},"loc":{"start":{"line":41,"column":57},"end":{"line":69,"column":5}}},"5":{"name":"(anonymous_5)","decl":{"start":{"line":45,"column":28},"end":{"line":45,"column":29}},"loc":{"start":{"line":45,"column":55},"end":{"line":59,"column":7}}},"6":{"name":"(anonymous_6)","decl":{"start":{"line":51,"column":22},"end":{"line":51,"column":23}},"loc":{"start":{"line":51,"column":30},"end":{"line":53,"column":11}}},"7":{"name":"(anonymous_7)","decl":{"start":{"line":53,"column":18},"end":{"line":53,"column":19}},"loc":{"start":{"line":53,"column":23},"end":{"line":55,"column":11}}},"8":{"name":"(anonymous_8)","decl":{"start":{"line":61,"column":60},"end":{"line":61,"column":61}},"loc":{"start":{"line":61,"column":65},"end":{"line":64,"column":9}}},"9":{"name":"(anonymous_9)","decl":{"start":{"line":70,"column":6},"end":{"line":70,"column":7}},"loc":{"start":{"line":70,"column":70},"end":{"line":72,"column":5}}},"10":{"name":"(anonymous_10)","decl":{"start":{"line":73,"column":7},"end":{"line":73,"column":8}},"loc":{"start":{"line":73,"column":71},"end":{"line":75,"column":5}}},"11":{"name":"(anonymous_11)","decl":{"start":{"line":76,"column":11},"end":{"line":76,"column":null}},"loc":{"start":{"line":76,"column":11},"end":{"line":82,"column":5}}},"12":{"name":"(anonymous_12)","decl":{"start":{"line":77,"column":27},"end":{"line":77,"column":28}},"loc":{"start":{"line":77,"column":37},"end":{"line":79,"column":7}}}},"branchMap":{"0":{"loc":{"start":{"line":41,"column":45},"end":{"line":41,"column":null}},"type":"if","locations":[{"start":{"line":41,"column":45},"end":{"line":41,"column":null}}]},"1":{"loc":{"start":{"line":42,"column":6},"end":{"line":44,"column":7}},"type":"if","locations":[{"start":{"line":42,"column":6},"end":{"line":44,"column":7}}]},"2":{"loc":{"start":{"line":47,"column":8},"end":{"line":49,"column":9}},"type":"if","locations":[{"start":{"line":47,"column":8},"end":{"line":49,"column":9}}]},"3":{"loc":{"start":{"line":47,"column":12},"end":{"line":47,"column":40}},"type":"binary-expr","locations":[{"start":{"line":47,"column":12},"end":{"line":47,"column":18}},{"start":{"line":47,"column":22},"end":{"line":47,"column":40}}]},"4":{"loc":{"start":{"line":50,"column":8},"end":{"line":58,"column":9}},"type":"if","locations":[{"start":{"line":50,"column":8},"end":{"line":58,"column":9}},{"start":{"line":56,"column":15},"end":{"line":58,"column":9}}]},"5":{"loc":{"start":{"line":60,"column":6},"end":{"line":68,"column":7}},"type":"if","locations":[{"start":{"line":60,"column":6},"end":{"line":68,"column":7}},{"start":{"line":65,"column":13},"end":{"line":68,"column":7}}]}},"s":{"0":2,"1":2,"2":2,"3":1,"4":1,"5":1,"6":1,"7":1,"8":1,"9":1,"10":1,"11":1,"12":1,"13":1,"14":1,"15":4,"16":2,"17":2,"18":2,"19":1,"20":1,"21":1,"22":1,"23":1,"24":1,"25":1,"26":0,"27":2,"28":2,"29":1,"30":1,"31":0,"32":0,"33":1,"34":0,"35":0,"36":0,"37":0,"38":0},"f":{"0":1,"1":1,"2":1,"3":1,"4":2,"5":1,"6":1,"7":1,"8":1,"9":1,"10":0,"11":0,"12":0},"b":{"0":[2],"1":[2],"2":[1],"3":[1,1],"4":[1,0],"5":[2,0]}}
,"D:\\repository\\wxwzl\\github\\cross-domain-emitter\\src\\core\\store\\index.ts": {"path":"D:\\repository\\wxwzl\\github\\cross-domain-emitter\\src\\core\\store\\index.ts","statementMap":{"0":{"start":{"line":1,"column":0},"end":{"line":1,"column":35}},"1":{"start":{"line":2,"column":0},"end":{"line":2,"column":null}},"2":{"start":{"line":2,"column":35},"end":{"line":2,"column":43}},"3":{"start":{"line":3,"column":2},"end":{"line":3,"column":38}},"4":{"start":{"line":4,"column":2},"end":{"line":8,"column":null}},"5":{"start":{"line":5,"column":19},"end":{"line":5,"column":34}},"6":{"start":{"line":6,"column":4},"end":{"line":6,"column":28}},"7":{"start":{"line":7,"column":4},"end":{"line":7,"column":46}},"8":{"start":{"line":9,"column":2},"end":{"line":11,"column":null}},"9":{"start":{"line":10,"column":4},"end":{"line":10,"column":27}},"10":{"start":{"line":12,"column":0},"end":{"line":12,"column":null}}},"fnMap":{"0":{"name":"(anonymous_7)","decl":{"start":{"line":2,"column":0},"end":{"line":2,"column":35}},"loc":{"start":{"line":2,"column":0},"end":{"line":12,"column":null}}},"1":{"name":"(anonymous_9)","decl":{"start":{"line":4,"column":2},"end":{"line":4,"column":5}},"loc":{"start":{"line":4,"column":33},"end":{"line":8,"column":3}}},"2":{"name":"(anonymous_10)","decl":{"start":{"line":9,"column":2},"end":{"line":9,"column":5}},"loc":{"start":{"line":9,"column":17},"end":{"line":11,"column":3}}}},"branchMap":{},"s":{"0":2,"1":2,"2":2,"3":2,"4":2,"5":3,"6":3,"7":3,"8":2,"9":3,"10":2},"f":{"0":4,"1":3,"2":3},"b":{}}
,"D:\\repository\\wxwzl\\github\\cross-domain-emitter\\src\\core\\transceiver\\BaseTransceiver.ts": {"path":"D:\\repository\\wxwzl\\github\\cross-domain-emitter\\src\\core\\transceiver\\BaseTransceiver.ts","statementMap":{"0":{"start":{"line":5,"column":0},"end":{"line":5,"column":null}},"1":{"start":{"line":13,"column":0},"end":{"line":13,"column":null}},"2":{"start":{"line":27,"column":0},"end":{"line":27,"column":13}},"3":{"start":{"line":28,"column":2},"end":{"line":28,"column":12}},"4":{"start":{"line":29,"column":2},"end":{"line":29,"column":12}},"5":{"start":{"line":30,"column":2},"end":{"line":30,"column":19}},"6":{"start":{"line":34,"column":4},"end":{"line":34,"column":21}},"7":{"start":{"line":35,"column":4},"end":{"line":35,"column":21}},"8":{"start":{"line":36,"column":4},"end":{"line":36,"column":21}},"9":{"start":{"line":37,"column":4},"end":{"line":37,"column":32}},"10":{"start":{"line":38,"column":4},"end":{"line":40,"column":5}},"11":{"start":{"line":39,"column":6},"end":{"line":39,"column":27}},"12":{"start":{"line":42,"column":2},"end":{"line":44,"column":null}},"13":{"start":{"line":43,"column":4},"end":{"line":43,"column":32}},"14":{"start":{"line":45,"column":9},"end":{"line":59,"column":null}},"15":{"start":{"line":46,"column":4},"end":{"line":58,"column":5}},"16":{"start":{"line":47,"column":6},"end":{"line":55,"column":7}},"17":{"start":{"line":48,"column":21},"end":{"line":48,"column":45}},"18":{"start":{"line":49,"column":23},"end":{"line":49,"column":79}},"19":{"start":{"line":50,"column":8},"end":{"line":50,"column":42}},"20":{"start":{"line":51,"column":8},"end":{"line":51,"column":22}},"21":{"start":{"line":53,"column":8},"end":{"line":53,"column":27}},"22":{"start":{"line":54,"column":8},"end":{"line":54,"column":55}},"23":{"start":{"line":57,"column":6},"end":{"line":57,"column":39}},"24":{"start":{"line":60,"column":9},"end":{"line":62,"column":null}},"25":{"start":{"line":61,"column":4},"end":{"line":61,"column":68}},"26":{"start":{"line":63,"column":0},"end":{"line":63,"column":null}},"27":{"start":{"line":27,"column":13},"end":{"line":27,"column":19}}},"fnMap":{"0":{"name":"(anonymous_0)","decl":{"start":{"line":5,"column":0},"end":{"line":5,"column":null}},"loc":{"start":{"line":5,"column":0},"end":{"line":13,"column":null}}},"1":{"name":"(anonymous_2)","decl":{"start":{"line":27,"column":0},"end":{"line":27,"column":13}},"loc":{"start":{"line":27,"column":0},"end":{"line":63,"column":null}}},"2":{"name":"Signal","decl":{"start":{"line":33,"column":2},"end":{"line":33,"column":14}},"loc":{"start":{"line":33,"column":79},"end":{"line":41,"column":3}}},"3":{"name":"(anonymous_4)","decl":{"start":{"line":42,"column":2},"end":{"line":42,"column":11}},"loc":{"start":{"line":42,"column":2},"end":{"line":44,"column":3}}},"4":{"name":"(anonymous_5)","decl":{"start":{"line":45,"column":2},"end":{"line":45,"column":9}},"loc":{"start":{"line":45,"column":48},"end":{"line":59,"column":3}}},"5":{"name":"(anonymous_6)","decl":{"start":{"line":60,"column":2},"end":{"line":60,"column":9}},"loc":{"start":{"line":60,"column":93},"end":{"line":62,"column":3}}}},"branchMap":{"0":{"loc":{"start":{"line":38,"column":4},"end":{"line":40,"column":5}},"type":"if","locations":[{"start":{"line":38,"column":4},"end":{"line":40,"column":5}}]},"1":{"loc":{"start":{"line":46,"column":4},"end":{"line":58,"column":5}},"type":"if","locations":[{"start":{"line":46,"column":4},"end":{"line":58,"column":5}},{"start":{"line":56,"column":11},"end":{"line":58,"column":5}}]}},"s":{"0":2,"1":2,"2":2,"3":4,"4":4,"5":4,"6":4,"7":4,"8":4,"9":4,"10":4,"11":4,"12":2,"13":4,"14":2,"15":0,"16":0,"17":0,"18":0,"19":0,"20":0,"21":0,"22":0,"23":0,"24":2,"25":0,"26":2,"27":2},"f":{"0":15,"1":2,"2":4,"3":4,"4":0,"5":0},"b":{"0":[4],"1":[0,0]}}
,"D:\\repository\\wxwzl\\github\\cross-domain-emitter\\src\\core\\utils\\index.ts": {"path":"D:\\repository\\wxwzl\\github\\cross-domain-emitter\\src\\core\\utils\\index.ts","statementMap":{"0":{"start":{"line":3,"column":0},"end":{"line":3,"column":16}},"1":{"start":{"line":13,"column":0},"end":{"line":13,"column":16}},"2":{"start":{"line":9,"column":2},"end":{"line":9,"column":45}},"3":{"start":{"line":10,"column":2},"end":{"line":10,"column":49}},"4":{"start":{"line":19,"column":2},"end":{"line":19,"column":48}},"5":{"start":{"line":20,"column":2},"end":{"line":20,"column":52}}},"fnMap":{"0":{"name":"hingeJointTransceiver","decl":{"start":{"line":3,"column":16},"end":{"line":3,"column":37}},"loc":{"start":{"line":7,"column":3},"end":{"line":11,"column":1}}},"1":{"name":"unHingeJointTransceiver","decl":{"start":{"line":13,"column":16},"end":{"line":13,"column":39}},"loc":{"start":{"line":17,"column":3},"end":{"line":21,"column":1}}}},"branchMap":{},"s":{"0":2,"1":2,"2":14,"3":14,"4":15,"5":15},"f":{"0":14,"1":15},"b":{}}
,"D:\\repository\\wxwzl\\github\\cross-domain-emitter\\src\\localStorage\\index.ts": {"path":"D:\\repository\\wxwzl\\github\\cross-domain-emitter\\src\\localStorage\\index.ts","statementMap":{"0":{"start":{"line":1,"column":0},"end":{"line":1,"column":54}}},"fnMap":{},"branchMap":{},"s":{"0":2},"f":{},"b":{}}
,"D:\\repository\\wxwzl\\github\\cross-domain-emitter\\src\\localStorage\\transceiver\\LocalStorageTransceiver.ts": {"path":"D:\\repository\\wxwzl\\github\\cross-domain-emitter\\src\\localStorage\\transceiver\\LocalStorageTransceiver.ts","statementMap":{"0":{"start":{"line":114,"column":0},"end":{"line":114,"column":16}},"1":{"start":{"line":1,"column":0},"end":{"line":1,"column":32}},"2":{"start":{"line":2,"column":0},"end":{"line":2,"column":87}},"3":{"start":{"line":3,"column":0},"end":{"line":3,"column":51}},"4":{"start":{"line":4,"column":0},"end":{"line":4,"column":null}},"5":{"start":{"line":5,"column":2},"end":{"line":5,"column":null}},"6":{"start":{"line":6,"column":2},"end":{"line":6,"column":null}},"7":{"start":{"line":9,"column":0},"end":{"line":9,"column":null}},"8":{"start":{"line":9,"column":45},"end":{"line":9,"column":60}},"9":{"start":{"line":17,"column":4},"end":{"line":17,"column":12}},"10":{"start":{"line":10,"column":2},"end":{"line":10,"column":32}},"11":{"start":{"line":11,"column":2},"end":{"line":11,"column":43}},"12":{"start":{"line":12,"column":2},"end":{"line":12,"column":27}},"13":{"start":{"line":13,"column":2},"end":{"line":13,"column":17}},"14":{"start":{"line":14,"column":2},"end":{"line":14,"column":41}},"15":{"start":{"line":15,"column":2},"end":{"line":15,"column":12}},"16":{"start":{"line":18,"column":4},"end":{"line":18,"column":30}},"17":{"start":{"line":19,"column":4},"end":{"line":19,"column":32}},"18":{"start":{"line":20,"column":4},"end":{"line":22,"column":5}},"19":{"start":{"line":21,"column":6},"end":{"line":21,"column":40}},"20":{"start":{"line":23,"column":4},"end":{"line":23,"column":25}},"21":{"start":{"line":25,"column":2},"end":{"line":30,"column":null}},"22":{"start":{"line":26,"column":4},"end":{"line":28,"column":5}},"23":{"start":{"line":27,"column":6},"end":{"line":27,"column":18}},"24":{"start":{"line":29,"column":4},"end":{"line":29,"column":17}},"25":{"start":{"line":31,"column":2},"end":{"line":33,"column":null}},"26":{"start":{"line":32,"column":4},"end":{"line":32,"column":44}},"27":{"start":{"line":34,"column":2},"end":{"line":53,"column":null}},"28":{"start":{"line":35,"column":22},"end":{"line":35,"column":41}},"29":{"start":{"line":36,"column":17},"end":{"line":36,"column":61}},"30":{"start":{"line":37,"column":4},"end":{"line":39,"column":5}},"31":{"start":{"line":38,"column":6},"end":{"line":38,"column":13}},"32":{"start":{"line":40,"column":4},"end":{"line":52,"column":5}},"33":{"start":{"line":41,"column":23},"end":{"line":41,"column":50}},"34":{"start":{"line":42,"column":21},"end":{"line":42,"column":45}},"35":{"start":{"line":43,"column":6},"end":{"line":43,"column":29}},"36":{"start":{"line":44,"column":6},"end":{"line":51,"column":7}},"37":{"start":{"line":45,"column":8},"end":{"line":50,"column":9}},"38":{"start":{"line":46,"column":10},"end":{"line":48,"column":13}},"39":{"start":{"line":47,"column":12},"end":{"line":47,"column":38}},"40":{"start":{"line":49,"column":10},"end":{"line":49,"column":58}},"41":{"start":{"line":54,"column":2},"end":{"line":59,"column":null}},"42":{"start":{"line":55,"column":17},"end":{"line":55,"column":45}},"43":{"start":{"line":56,"column":16},"end":{"line":56,"column":74}},"44":{"start":{"line":57,"column":4},"end":{"line":57,"column":49}},"45":{"start":{"line":58,"column":4},"end":{"line":58,"column":16}},"46":{"start":{"line":60,"column":2},"end":{"line":62,"column":null}},"47":{"start":{"line":61,"column":4},"end":{"line":61,"column":38}},"48":{"start":{"line":63,"column":2},"end":{"line":68,"column":null}},"49":{"start":{"line":64,"column":4},"end":{"line":67,"column":5}},"50":{"start":{"line":65,"column":6},"end":{"line":65,"column":32}},"51":{"start":{"line":66,"column":6},"end":{"line":66,"column":79}},"52":{"start":{"line":69,"column":2},"end":{"line":72,"column":null}},"53":{"start":{"line":70,"column":4},"end":{"line":70,"column":31}},"54":{"start":{"line":71,"column":4},"end":{"line":71,"column":80}},"55":{"start":{"line":73,"column":2},"end":{"line":75,"column":null}},"56":{"start":{"line":74,"column":4},"end":{"line":74,"column":23}},"57":{"start":{"line":76,"column":2},"end":{"line":87,"column":null}},"58":{"start":{"line":77,"column":15},"end":{"line":77,"column":19}},"59":{"start":{"line":78,"column":4},"end":{"line":83,"column":7}},"60":{"start":{"line":79,"column":6},"end":{"line":82,"column":7}},"61":{"start":{"line":80,"column":8},"end":{"line":80,"column":21}},"62":{"start":{"line":81,"column":8},"end":{"line":81,"column":20}},"63":{"start":{"line":84,"column":4},"end":{"line":86,"column":5}},"64":{"start":{"line":85,"column":6},"end":{"line":85,"column":34}},"65":{"start":{"line":88,"column":2},"end":{"line":95,"column":null}},"66":{"start":{"line":88,"column":2},"end":{"line":88,"column":15}},"67":{"start":{"line":89,"column":4},"end":{"line":94,"column":7}},"68":{"start":{"line":90,"column":6},"end":{"line":93,"column":7}},"69":{"start":{"line":91,"column":8},"end":{"line":91,"column":39}},"70":{"start":{"line":92,"column":8},"end":{"line":92,"column":20}},"71":{"start":{"line":96,"column":2},"end":{"line":98,"column":null}},"72":{"start":{"line":97,"column":4},"end":{"line":97,"column":57}},"73":{"start":{"line":99,"column":2},"end":{"line":106,"column":null}},"74":{"start":{"line":100,"column":20},"end":{"line":100,"column":45}},"75":{"start":{"line":101,"column":4},"end":{"line":105,"column":5}},"76":{"start":{"line":102,"column":20},"end":{"line":102,"column":47}},"77":{"start":{"line":103,"column":6},"end":{"line":103,"column":34}},"78":{"start":{"line":104,"column":6},"end":{"line":104,"column":33}},"79":{"start":{"line":107,"column":0},"end":{"line":107,"column":null}},"80":{"start":{"line":9,"column":13},"end":{"line":9,"column":36}},"81":{"start":{"line":115,"column":2},"end":{"line":115,"column":45}}},"fnMap":{"0":{"name":"(anonymous_6)","decl":{"start":{"line":4,"column":0},"end":{"line":4,"column":5}},"loc":{"start":{"line":4,"column":11},"end":{"line":7,"column":1}}},"1":{"name":"(anonymous_7)","decl":{"start":{"line":9,"column":0},"end":{"line":9,"column":13}},"loc":{"start":{"line":9,"column":0},"end":{"line":107,"column":null}}},"2":{"name":"LocalStorageTransceiver","decl":{"start":{"line":16,"column":2},"end":{"line":16,"column":14}},"loc":{"start":{"line":16,"column":57},"end":{"line":24,"column":3}}},"3":{"name":"(anonymous_9)","decl":{"start":{"line":25,"column":2},"end":{"line":25,"column":13}},"loc":{"start":{"line":25,"column":31},"end":{"line":30,"column":3}}},"4":{"name":"(anonymous_10)","decl":{"start":{"line":31,"column":2},"end":{"line":31,"column":13}},"loc":{"start":{"line":31,"column":26},"end":{"line":33,"column":3}}},"5":{"name":"(anonymous_11)","decl":{"start":{"line":34,"column":2},"end":{"line":34,"column":16}},"loc":{"start":{"line":34,"column":36},"end":{"line":53,"column":3}}},"6":{"name":"(anonymous_12)","decl":{"start":{"line":46,"column":55},"end":{"line":46,"column":56}},"loc":{"start":{"line":46,"column":63},"end":{"line":48,"column":11}}},"7":{"name":"(anonymous_13)","decl":{"start":{"line":54,"column":2},"end":{"line":54,"column":6}},"loc":{"start":{"line":54,"column":63},"end":{"line":59,"column":3}}},"8":{"name":"(anonymous_14)","decl":{"start":{"line":60,"column":2},"end":{"line":60,"column":14}},"loc":{"start":{"line":60,"column":32},"end":{"line":62,"column":3}}},"9":{"name":"(anonymous_15)","decl":{"start":{"line":63,"column":2},"end":{"line":63,"column":7}},"loc":{"start":{"line":63,"column":2},"end":{"line":68,"column":3}}},"10":{"name":"(anonymous_16)","decl":{"start":{"line":69,"column":2},"end":{"line":69,"column":6}},"loc":{"start":{"line":69,"column":2},"end":{"line":72,"column":3}}},"11":{"name":"(anonymous_17)","decl":{"start":{"line":73,"column":2},"end":{"line":73,"column":14}},"loc":{"start":{"line":73,"column":2},"end":{"line":75,"column":3}}},"12":{"name":"(anonymous_18)","decl":{"start":{"line":76,"column":2},"end":{"line":76,"column":12}},"loc":{"start":{"line":76,"column":40},"end":{"line":87,"column":3}}},"13":{"name":"(anonymous_19)","decl":{"start":{"line":78,"column":29},"end":{"line":78,"column":30}},"loc":{"start":{"line":78,"column":36},"end":{"line":83,"column":5}}},"14":{"name":"(anonymous_20)","decl":{"start":{"line":88,"column":2},"end":{"line":88,"column":15}},"loc":{"start":{"line":88,"column":43},"end":{"line":95,"column":3}}},"15":{"name":"(anonymous_21)","decl":{"start":{"line":89,"column":29},"end":{"line":89,"column":30}},"loc":{"start":{"line":89,"column":43},"end":{"line":94,"column":5}}},"16":{"name":"(anonymous_22)","decl":{"start":{"line":96,"column":2},"end":{"line":96,"column":13}},"loc":{"start":{"line":96,"column":2},"end":{"line":98,"column":3}}},"17":{"name":"(anonymous_23)","decl":{"start":{"line":99,"column":2},"end":{"line":99,"column":20}},"loc":{"start":{"line":99,"column":2},"end":{"line":106,"column":3}}},"18":{"name":"createLocalStorageTransceiver","decl":{"start":{"line":114,"column":16},"end":{"line":114,"column":45}},"loc":{"start":{"line":114,"column":89},"end":{"line":116,"column":1}}}},"branchMap":{"0":{"loc":{"start":{"line":4,"column":5},"end":{"line":4,"column":null}},"type":"binary-expr","locations":[{"start":{"line":4,"column":5},"end":{"line":4,"column":11}},{"start":{"line":4,"column":5},"end":{"line":4,"column":null}}]},"1":{"loc":{"start":{"line":17,"column":4},"end":{"line":17,"column":12}},"type":"binary-expr","locations":[{"start":{"line":17,"column":4},"end":{"line":17,"column":11}},{"start":{"line":17,"column":11},"end":{"line":17,"column":12}}]},"2":{"loc":{"start":{"line":20,"column":4},"end":{"line":22,"column":5}},"type":"if","locations":[{"start":{"line":20,"column":4},"end":{"line":22,"column":5}}]},"3":{"loc":{"start":{"line":26,"column":4},"end":{"line":28,"column":5}},"type":"if","locations":[{"start":{"line":26,"column":4},"end":{"line":28,"column":5}}]},"4":{"loc":{"start":{"line":26,"column":8},"end":{"line":26,"column":81}},"type":"binary-expr","locations":[{"start":{"line":26,"column":8},"end":{"line":26,"column":23}},{"start":{"line":26,"column":28},"end":{"line":26,"column":37}},{"start":{"line":26,"column":41},"end":{"line":26,"column":80}}]},"5":{"loc":{"start":{"line":37,"column":4},"end":{"line":39,"column":5}},"type":"if","locations":[{"start":{"line":37,"column":4},"end":{"line":39,"column":5}}]},"6":{"loc":{"start":{"line":40,"column":4},"end":{"line":52,"column":5}},"type":"if","locations":[{"start":{"line":40,"column":4},"end":{"line":52,"column":5}}]},"7":{"loc":{"start":{"line":44,"column":6},"end":{"line":51,"column":7}},"type":"if","locations":[{"start":{"line":44,"column":6},"end":{"line":51,"column":7}}]},"8":{"loc":{"start":{"line":45,"column":8},"end":{"line":50,"column":9}},"type":"if","locations":[{"start":{"line":45,"column":8},"end":{"line":50,"column":9}}]},"9":{"loc":{"start":{"line":45,"column":12},"end":{"line":45,"column":46}},"type":"binary-expr","locations":[{"start":{"line":45,"column":12},"end":{"line":45,"column":24}},{"start":{"line":45,"column":28},"end":{"line":45,"column":46}}]},"10":{"loc":{"start":{"line":64,"column":4},"end":{"line":67,"column":5}},"type":"if","locations":[{"start":{"line":64,"column":4},"end":{"line":67,"column":5}}]},"11":{"loc":{"start":{"line":79,"column":6},"end":{"line":82,"column":7}},"type":"if","locations":[{"start":{"line":79,"column":6},"end":{"line":82,"column":7}}]},"12":{"loc":{"start":{"line":84,"column":4},"end":{"line":86,"column":5}},"type":"if","locations":[{"start":{"line":84,"column":4},"end":{"line":86,"column":5}}]},"13":{"loc":{"start":{"line":90,"column":6},"end":{"line":93,"column":7}},"type":"if","locations":[{"start":{"line":90,"column":6},"end":{"line":93,"column":7}}]},"14":{"loc":{"start":{"line":97,"column":11},"end":{"line":97,"column":56}},"type":"binary-expr","locations":[{"start":{"line":97,"column":11},"end":{"line":97,"column":38}},{"start":{"line":97,"column":42},"end":{"line":97,"column":56}}]}},"s":{"0":2,"1":2,"2":2,"3":2,"4":2,"5":2,"6":2,"7":2,"8":2,"9":13,"10":13,"11":13,"12":13,"13":13,"14":13,"15":13,"16":13,"17":13,"18":13,"19":13,"20":13,"21":2,"22":0,"23":0,"24":0,"25":2,"26":0,"27":2,"28":0,"29":0,"30":0,"31":0,"32":0,"33":0,"34":0,"35":0,"36":0,"37":0,"38":0,"39":0,"40":0,"41":2,"42":4,"43":4,"44":4,"45":4,"46":2,"47":4,"48":2,"49":15,"50":15,"51":15,"52":2,"53":15,"54":15,"55":2,"56":0,"57":2,"58":14,"59":14,"60":0,"61":0,"62":0,"63":14,"64":14,"65":2,"66":15,"67":15,"68":14,"69":14,"70":14,"71":2,"72":7,"73":2,"74":0,"75":0,"76":0,"77":0,"78":0,"79":2,"80":2,"81":13},"f":{"0":2,"1":2,"2":13,"3":0,"4":0,"5":0,"6":0,"7":4,"8":4,"9":15,"10":15,"11":0,"12":14,"13":0,"14":15,"15":14,"16":7,"17":0,"18":13},"b":{"0":[2,2],"1":[13,13],"2":[13],"3":[0],"4":[0,0,0],"5":[0],"6":[0],"7":[0],"8":[0],"9":[0,0],"10":[15],"11":[0],"12":[14],"13":[14],"14":[7,7]}}
,"D:\\repository\\wxwzl\\github\\cross-domain-emitter\\src\\sameOrigin\\SameOriginEventBus.ts": {"path":"D:\\repository\\wxwzl\\github\\cross-domain-emitter\\src\\sameOrigin\\SameOriginEventBus.ts","statementMap":{"0":{"start":{"line":155,"column":0},"end":{"line":155,"column":16}},"1":{"start":{"line":2,"column":0},"end":{"line":2,"column":40}},"2":{"start":{"line":3,"column":0},"end":{"line":3,"column":null}},"3":{"start":{"line":17,"column":0},"end":{"line":17,"column":null}},"4":{"start":{"line":17,"column":48},"end":{"line":17,"column":56}},"5":{"start":{"line":22,"column":14},"end":{"line":22,"column":null}},"6":{"start":{"line":23,"column":4},"end":{"line":23,"column":12}},"7":{"start":{"line":24,"column":4},"end":{"line":24,"column":80}},"8":{"start":{"line":25,"column":4},"end":{"line":25,"column":56}},"9":{"start":{"line":28,"column":4},"end":{"line":34,"column":7}},"10":{"start":{"line":37,"column":4},"end":{"line":37,"column":81}},"11":{"start":{"line":40,"column":4},"end":{"line":40,"column":29}},"12":{"start":{"line":49,"column":2},"end":{"line":51,"column":null}},"13":{"start":{"line":50,"column":4},"end":{"line":50,"column":67}},"14":{"start":{"line":59,"column":2},"end":{"line":64,"column":null}},"15":{"start":{"line":61,"column":4},"end":{"line":61,"column":59}},"16":{"start":{"line":63,"column":4},"end":{"line":63,"column":57}},"17":{"start":{"line":70,"column":2},"end":{"line":74,"column":null}},"18":{"start":{"line":71,"column":4},"end":{"line":73,"column":7}},"19":{"start":{"line":72,"column":6},"end":{"line":72,"column":27}},"20":{"start":{"line":80,"column":2},"end":{"line":84,"column":null}},"21":{"start":{"line":81,"column":4},"end":{"line":83,"column":7}},"22":{"start":{"line":82,"column":6},"end":{"line":82,"column":27}},"23":{"start":{"line":89,"column":2},"end":{"line":91,"column":null}},"24":{"start":{"line":90,"column":4},"end":{"line":90,"column":56}},"25":{"start":{"line":93,"column":2},"end":{"line":95,"column":null}},"26":{"start":{"line":94,"column":4},"end":{"line":94,"column":63}},"27":{"start":{"line":99,"column":2},"end":{"line":107,"column":null}},"28":{"start":{"line":100,"column":27},"end":{"line":100,"column":81}},"29":{"start":{"line":101,"column":4},"end":{"line":105,"column":5}},"30":{"start":{"line":102,"column":6},"end":{"line":102,"column":45}},"31":{"start":{"line":103,"column":6},"end":{"line":103,"column":83}},"32":{"start":{"line":104,"column":6},"end":{"line":104,"column":18}},"33":{"start":{"line":106,"column":4},"end":{"line":106,"column":17}},"34":{"start":{"line":112,"column":2},"end":{"line":120,"column":null}},"35":{"start":{"line":113,"column":27},"end":{"line":113,"column":81}},"36":{"start":{"line":114,"column":4},"end":{"line":118,"column":5}},"37":{"start":{"line":115,"column":6},"end":{"line":115,"column":45}},"38":{"start":{"line":116,"column":6},"end":{"line":116,"column":83}},"39":{"start":{"line":117,"column":6},"end":{"line":117,"column":18}},"40":{"start":{"line":119,"column":4},"end":{"line":119,"column":17}},"41":{"start":{"line":124,"column":2},"end":{"line":126,"column":null}},"42":{"start":{"line":125,"column":4},"end":{"line":125,"column":42}},"43":{"start":{"line":131,"column":2},"end":{"line":134,"column":null}},"44":{"start":{"line":132,"column":4},"end":{"line":132,"column":28}},"45":{"start":{"line":133,"column":4},"end":{"line":133,"column":83}},"46":{"start":{"line":139,"column":2},"end":{"line":141,"column":null}},"47":{"start":{"line":140,"column":4},"end":{"line":140,"column":31}},"48":{"start":{"line":146,"column":2},"end":{"line":149,"column":null}},"49":{"start":{"line":147,"column":4},"end":{"line":147,"column":28}},"50":{"start":{"line":148,"column":4},"end":{"line":148,"column":29}},"51":{"start":{"line":150,"column":0},"end":{"line":150,"column":null}},"52":{"start":{"line":158,"column":2},"end":{"line":158,"column":40}}},"fnMap":{"0":{"name":"(anonymous_9)","decl":{"start":{"line":17,"column":0},"end":{"line":17,"column":48}},"loc":{"start":{"line":17,"column":0},"end":{"line":150,"column":null}}},"1":{"name":"SameOriginEventBus","decl":{"start":{"line":22,"column":2},"end":{"line":22,"column":14}},"loc":{"start":{"line":22,"column":57},"end":{"line":41,"column":3}}},"2":{"name":"(anonymous_11)","decl":{"start":{"line":49,"column":2},"end":{"line":49,"column":17}},"loc":{"start":{"line":49,"column":65},"end":{"line":51,"column":3}}},"3":{"name":"(anonymous_12)","decl":{"start":{"line":59,"column":2},"end":{"line":59,"column":15}},"loc":{"start":{"line":59,"column":63},"end":{"line":64,"column":3}}},"4":{"name":"(anonymous_13)","decl":{"start":{"line":70,"column":2},"end":{"line":70,"column":16}},"loc":{"start":{"line":70,"column":50},"end":{"line":74,"column":3}}},"5":{"name":"(anonymous_14)","decl":{"start":{"line":71,"column":31},"end":{"line":71,"column":32}},"loc":{"start":{"line":71,"column":55},"end":{"line":73,"column":5}}},"6":{"name":"(anonymous_15)","decl":{"start":{"line":80,"column":2},"end":{"line":80,"column":19}},"loc":{"start":{"line":80,"column":53},"end":{"line":84,"column":3}}},"7":{"name":"(anonymous_16)","decl":{"start":{"line":81,"column":34},"end":{"line":81,"column":35}},"loc":{"start":{"line":81,"column":58},"end":{"line":83,"column":5}}},"8":{"name":"(anonymous_17)","decl":{"start":{"line":89,"column":2},"end":{"line":89,"column":27}},"loc":{"start":{"line":89,"column":2},"end":{"line":91,"column":3}}},"9":{"name":"(anonymous_18)","decl":{"start":{"line":93,"column":2},"end":{"line":93,"column":29}},"loc":{"start":{"line":93,"column":2},"end":{"line":95,"column":3}}},"10":{"name":"(anonymous_19)","decl":{"start":{"line":99,"column":2},"end":{"line":99,"column":26}},"loc":{"start":{"line":99,"column":2},"end":{"line":107,"column":3}}},"11":{"name":"(anonymous_20)","decl":{"start":{"line":112,"column":2},"end":{"line":112,"column":22}},"loc":{"start":{"line":112,"column":2},"end":{"line":120,"column":3}}},"12":{"name":"(anonymous_21)","decl":{"start":{"line":124,"column":2},"end":{"line":124,"column":13}},"loc":{"start":{"line":124,"column":2},"end":{"line":126,"column":3}}},"13":{"name":"(anonymous_22)","decl":{"start":{"line":131,"column":2},"end":{"line":131,"column":6}},"loc":{"start":{"line":131,"column":2},"end":{"line":134,"column":3}}},"14":{"name":"(anonymous_23)","decl":{"start":{"line":139,"column":2},"end":{"line":139,"column":9}},"loc":{"start":{"line":139,"column":2},"end":{"line":141,"column":3}}},"15":{"name":"(anonymous_24)","decl":{"start":{"line":146,"column":2},"end":{"line":146,"column":19}},"loc":{"start":{"line":146,"column":2},"end":{"line":149,"column":3}}},"16":{"name":"createSameOriginEventBus","decl":{"start":{"line":155,"column":16},"end":{"line":155,"column":40}},"loc":{"start":{"line":156,"column":41},"end":{"line":159,"column":1}}}},"branchMap":{"0":{"loc":{"start":{"line":22,"column":14},"end":{"line":22,"column":null}},"type":"if","locations":[{"start":{"line":22,"column":14},"end":{"line":22,"column":null}}]},"1":{"loc":{"start":{"line":23,"column":4},"end":{"line":23,"column":12}},"type":"binary-expr","locations":[{"start":{"line":23,"column":4},"end":{"line":23,"column":11}},{"start":{"line":23,"column":11},"end":{"line":23,"column":12}}]},"2":{"loc":{"start":{"line":24,"column":23},"end":{"line":24,"column":79}},"type":"binary-expr","locations":[{"start":{"line":24,"column":23},"end":{"line":24,"column":41}},{"start":{"line":24,"column":45},"end":{"line":24,"column":79}}]},"3":{"loc":{"start":{"line":25,"column":21},"end":{"line":25,"column":55}},"type":"binary-expr","locations":[{"start":{"line":25,"column":21},"end":{"line":25,"column":37}},{"start":{"line":25,"column":41},"end":{"line":25,"column":55}}]},"4":{"loc":{"start":{"line":101,"column":4},"end":{"line":105,"column":5}},"type":"if","locations":[{"start":{"line":101,"column":4},"end":{"line":105,"column":5}}]},"5":{"loc":{"start":{"line":114,"column":4},"end":{"line":118,"column":5}},"type":"if","locations":[{"start":{"line":114,"column":4},"end":{"line":118,"column":5}}]}},"s":{"0":2,"1":2,"2":2,"3":2,"4":2,"5":24,"6":13,"7":13,"8":13,"9":13,"10":13,"11":13,"12":2,"13":2,"14":2,"15":1,"16":1,"17":2,"18":1,"19":1,"20":2,"21":1,"22":1,"23":2,"24":2,"25":2,"26":0,"27":2,"28":0,"29":0,"30":0,"31":0,"32":0,"33":0,"34":2,"35":1,"36":1,"37":1,"38":1,"39":1,"40":0,"41":2,"42":4,"43":2,"44":14,"45":14,"46":2,"47":1,"48":2,"49":1,"50":1,"51":2,"52":13},"f":{"0":2,"1":13,"2":2,"3":1,"4":1,"5":1,"6":1,"7":1,"8":2,"9":0,"10":0,"11":1,"12":4,"13":14,"14":1,"15":1,"16":13},"b":{"0":[11],"1":[13,0],"2":[13,12],"3":[13,12],"4":[0],"5":[1]}}
,"D:\\repository\\wxwzl\\github\\cross-domain-emitter\\src\\sameOrigin\\index.ts": {"path":"D:\\repository\\wxwzl\\github\\cross-domain-emitter\\src\\sameOrigin\\index.ts","statementMap":{"0":{"start":{"line":1,"column":0},"end":{"line":1,"column":52}},"1":{"start":{"line":2,"column":0},"end":{"line":2,"column":9}},"2":{"start":{"line":2,"column":9},"end":{"line":2,"column":38}},"3":{"start":{"line":2,"column":40},"end":{"line":2,"column":95}}},"fnMap":{"0":{"name":"(anonymous_5)","decl":{"start":{"line":2,"column":9},"end":{"line":2,"column":16}},"loc":{"start":{"line":2,"column":9},"end":{"line":2,"column":38}}},"1":{"name":"(anonymous_6)","decl":{"start":{"line":2,"column":40},"end":{"line":2,"column":64}},"loc":{"start":{"line":2,"column":40},"end":{"line":2,"column":95}}}},"branchMap":{},"s":{"0":2,"1":2,"2":5,"3":15},"f":{"0":3,"1":13},"b":{}}
,"D:\\repository\\wxwzl\\github\\cross-domain-emitter\\src\\sameOrigin\\transceiver\\SameOriginTransceiver.ts": {"path":"D:\\repository\\wxwzl\\github\\cross-domain-emitter\\src\\sameOrigin\\transceiver\\SameOriginTransceiver.ts","statementMap":{"0":{"start":{"line":214,"column":0},"end":{"line":214,"column":16}},"1":{"start":{"line":2,"column":0},"end":{"line":2,"column":92}},"2":{"start":{"line":3,"column":0},"end":{"line":3,"column":null}},"3":{"start":{"line":7,"column":0},"end":{"line":7,"column":42}},"4":{"start":{"line":18,"column":0},"end":{"line":18,"column":null}},"5":{"start":{"line":19,"column":2},"end":{"line":19,"column":null}},"6":{"start":{"line":20,"column":2},"end":{"line":20,"column":null}},"7":{"start":{"line":23,"column":0},"end":{"line":23,"column":13}},"8":{"start":{"line":32,"column":10},"end":{"line":32,"column":73}},"9":{"start":{"line":33,"column":10},"end":{"line":33,"column":81}},"10":{"start":{"line":34,"column":9},"end":{"line":34,"column":97}},"11":{"start":{"line":35,"column":10},"end":{"line":35,"column":70}},"12":{"start":{"line":38,"column":10},"end":{"line":38,"column":28}},"13":{"start":{"line":39,"column":10},"end":{"line":39,"column":46}},"14":{"start":{"line":42,"column":4},"end":{"line":42,"column":40}},"15":{"start":{"line":43,"column":4},"end":{"line":43,"column":32}},"16":{"start":{"line":44,"column":4},"end":{"line":44,"column":80}},"17":{"start":{"line":45,"column":4},"end":{"line":45,"column":56}},"18":{"start":{"line":46,"column":4},"end":{"line":46,"column":25}},"19":{"start":{"line":47,"column":4},"end":{"line":47,"column":72}},"20":{"start":{"line":49,"column":4},"end":{"line":49,"column":34}},"21":{"start":{"line":52,"column":10},"end":{"line":72,"column":null}},"22":{"start":{"line":54,"column":4},"end":{"line":62,"column":5}},"23":{"start":{"line":55,"column":6},"end":{"line":58,"column":9}},"24":{"start":{"line":59,"column":6},"end":{"line":59,"column":65}},"25":{"start":{"line":60,"column":6},"end":{"line":60,"column":58}},"26":{"start":{"line":61,"column":6},"end":{"line":61,"column":13}},"27":{"start":{"line":65,"column":4},"end":{"line":69,"column":7}},"28":{"start":{"line":70,"column":4},"end":{"line":70,"column":59}},"29":{"start":{"line":71,"column":4},"end":{"line":71,"column":52}},"30":{"start":{"line":75,"column":2},"end":{"line":79,"column":null}},"31":{"start":{"line":76,"column":4},"end":{"line":76,"column":65}},"32":{"start":{"line":76,"column":53},"end":{"line":76,"column":65}},"33":{"start":{"line":77,"column":4},"end":{"line":77,"column":58}},"34":{"start":{"line":78,"column":4},"end":{"line":78,"column":16}},"35":{"start":{"line":81,"column":2},"end":{"line":89,"column":null}},"36":{"start":{"line":82,"column":4},"end":{"line":82,"column":36}},"37":{"start":{"line":82,"column":24},"end":{"line":82,"column":36}},"38":{"start":{"line":84,"column":4},"end":{"line":84,"column":26}},"39":{"start":{"line":85,"column":4},"end":{"line":87,"column":5}},"40":{"start":{"line":86,"column":6},"end":{"line":86,"column":38}},"41":{"start":{"line":88,"column":4},"end":{"line":88,"column":16}},"42":{"start":{"line":91,"column":2},"end":{"line":99,"column":null}},"43":{"start":{"line":92,"column":4},"end":{"line":92,"column":37}},"44":{"start":{"line":92,"column":25},"end":{"line":92,"column":37}},"45":{"start":{"line":94,"column":4},"end":{"line":94,"column":27}},"46":{"start":{"line":95,"column":4},"end":{"line":97,"column":5}},"47":{"start":{"line":96,"column":6},"end":{"line":96,"column":37}},"48":{"start":{"line":98,"column":4},"end":{"line":98,"column":16}},"49":{"start":{"line":101,"column":2},"end":{"line":105,"column":null}},"50":{"start":{"line":102,"column":4},"end":{"line":102,"column":16}},"51":{"start":{"line":103,"column":4},"end":{"line":103,"column":17}},"52":{"start":{"line":104,"column":4},"end":{"line":104,"column":16}},"53":{"start":{"line":108,"column":2},"end":{"line":116,"column":null}},"54":{"start":{"line":109,"column":4},"end":{"line":109,"column":53}},"55":{"start":{"line":109,"column":41},"end":{"line":109,"column":53}},"56":{"start":{"line":111,"column":4},"end":{"line":111,"column":32}},"57":{"start":{"line":112,"column":4},"end":{"line":114,"column":5}},"58":{"start":{"line":113,"column":6},"end":{"line":113,"column":50}},"59":{"start":{"line":115,"column":4},"end":{"line":115,"column":16}},"60":{"start":{"line":118,"column":2},"end":{"line":127,"column":null}},"61":{"start":{"line":119,"column":18},"end":{"line":119,"column":48}},"62":{"start":{"line":120,"column":4},"end":{"line":125,"column":5}},"63":{"start":{"line":121,"column":6},"end":{"line":121,"column":37}},"64":{"start":{"line":122,"column":6},"end":{"line":124,"column":7}},"65":{"start":{"line":123,"column":8},"end":{"line":123,"column":55}},"66":{"start":{"line":126,"column":4},"end":{"line":126,"column":16}},"67":{"start":{"line":129,"column":2},"end":{"line":135,"column":null}},"68":{"start":{"line":130,"column":4},"end":{"line":130,"column":23}},"69":{"start":{"line":131,"column":4},"end":{"line":133,"column":5}},"70":{"start":{"line":132,"column":6},"end":{"line":132,"column":45}},"71":{"start":{"line":134,"column":4},"end":{"line":134,"column":16}},"72":{"start":{"line":138,"column":2},"end":{"line":140,"column":null}},"73":{"start":{"line":139,"column":4},"end":{"line":139,"column":70}},"74":{"start":{"line":142,"column":2},"end":{"line":144,"column":null}},"75":{"start":{"line":143,"column":4},"end":{"line":143,"column":28}},"76":{"start":{"line":146,"column":9},"end":{"line":148,"column":null}},"77":{"start":{"line":147,"column":4},"end":{"line":147,"column":69}},"78":{"start":{"line":151,"column":2},"end":{"line":168,"column":null}},"79":{"start":{"line":152,"column":4},"end":{"line":152,"column":75}},"80":{"start":{"line":152,"column":62},"end":{"line":152,"column":75}},"81":{"start":{"line":155,"column":4},"end":{"line":155,"column":75}},"82":{"start":{"line":155,"column":63},"end":{"line":155,"column":75}},"83":{"start":{"line":158,"column":4},"end":{"line":163,"column":5}},"84":{"start":{"line":159,"column":6},"end":{"line":162,"column":9}},"85":{"start":{"line":166,"column":4},"end":{"line":166,"column":95}},"86":{"start":{"line":167,"column":4},"end":{"line":167,"column":16}},"87":{"start":{"line":170,"column":2},"end":{"line":186,"column":null}},"88":{"start":{"line":172,"column":4},"end":{"line":172,"column":71}},"89":{"start":{"line":172,"column":59},"end":{"line":172,"column":71}},"90":{"start":{"line":175,"column":4},"end":{"line":181,"column":5}},"91":{"start":{"line":176,"column":6},"end":{"line":180,"column":9}},"92":{"start":{"line":184,"column":4},"end":{"line":184,"column":87}},"93":{"start":{"line":185,"column":4},"end":{"line":185,"column":16}},"94":{"start":{"line":188,"column":10},"end":{"line":211,"column":null}},"95":{"start":{"line":193,"column":4},"end":{"line":196,"column":5}},"96":{"start":{"line":194,"column":6},"end":{"line":194,"column":37}},"97":{"start":{"line":195,"column":6},"end":{"line":195,"column":45}},"98":{"start":{"line":199,"column":4},"end":{"line":199,"column":45}},"99":{"start":{"line":200,"column":4},"end":{"line":200,"column":31}},"100":{"start":{"line":203,"column":4},"end":{"line":205,"column":7}},"101":{"start":{"line":204,"column":6},"end":{"line":204,"column":41}},"102":{"start":{"line":208,"column":4},"end":{"line":210,"column":5}},"103":{"start":{"line":209,"column":6},"end":{"line":209,"column":29}},"104":{"start":{"line":212,"column":0},"end":{"line":212,"column":null}},"105":{"start":{"line":23,"column":13},"end":{"line":23,"column":34}},"106":{"start":{"line":215,"column":2},"end":{"line":215,"column":43}}},"fnMap":{"0":{"name":"(anonymous_0)","decl":{"start":{"line":18,"column":0},"end":{"line":18,"column":12}},"loc":{"start":{"line":18,"column":27},"end":{"line":21,"column":1}}},"1":{"name":"(anonymous_1)","decl":{"start":{"line":23,"column":0},"end":{"line":23,"column":13}},"loc":{"start":{"line":23,"column":0},"end":{"line":212,"column":null}}},"2":{"name":"SameOriginTransceiver","decl":{"start":{"line":41,"column":2},"end":{"line":41,"column":14}},"loc":{"start":{"line":41,"column":55},"end":{"line":50,"column":3}}},"3":{"name":"(anonymous_3)","decl":{"start":{"line":52,"column":2},"end":{"line":52,"column":10}},"loc":{"start":{"line":52,"column":2},"end":{"line":72,"column":3}}},"4":{"name":"(anonymous_4)","decl":{"start":{"line":75,"column":2},"end":{"line":75,"column":6}},"loc":{"start":{"line":75,"column":63},"end":{"line":79,"column":3}}},"5":{"name":"(anonymous_5)","decl":{"start":{"line":81,"column":2},"end":{"line":81,"column":7}},"loc":{"start":{"line":81,"column":2},"end":{"line":89,"column":3}}},"6":{"name":"(anonymous_6)","decl":{"start":{"line":91,"column":2},"end":{"line":91,"column":6}},"loc":{"start":{"line":91,"column":2},"end":{"line":99,"column":3}}},"7":{"name":"(anonymous_7)","decl":{"start":{"line":101,"column":2},"end":{"line":101,"column":9}},"loc":{"start":{"line":101,"column":2},"end":{"line":105,"column":3}}},"8":{"name":"(anonymous_8)","decl":{"start":{"line":108,"column":2},"end":{"line":108,"column":12}},"loc":{"start":{"line":108,"column":40},"end":{"line":116,"column":3}}},"9":{"name":"(anonymous_9)","decl":{"start":{"line":118,"column":2},"end":{"line":118,"column":15}},"loc":{"start":{"line":118,"column":43},"end":{"line":127,"column":3}}},"10":{"name":"(anonymous_10)","decl":{"start":{"line":129,"column":2},"end":{"line":129,"column":14}},"loc":{"start":{"line":129,"column":2},"end":{"line":135,"column":3}}},"11":{"name":"(anonymous_11)","decl":{"start":{"line":138,"column":2},"end":{"line":138,"column":13}},"loc":{"start":{"line":138,"column":2},"end":{"line":140,"column":3}}},"12":{"name":"(anonymous_12)","decl":{"start":{"line":142,"column":2},"end":{"line":142,"column":27}},"loc":{"start":{"line":142,"column":2},"end":{"line":144,"column":3}}},"13":{"name":"(anonymous_13)","decl":{"start":{"line":146,"column":2},"end":{"line":146,"column":9}},"loc":{"start":{"line":146,"column":2},"end":{"line":148,"column":3}}},"14":{"name":"(anonymous_14)","decl":{"start":{"line":151,"column":2},"end":{"line":151,"column":26}},"loc":{"start":{"line":151,"column":2},"end":{"line":168,"column":3}}},"15":{"name":"(anonymous_15)","decl":{"start":{"line":170,"column":2},"end":{"line":170,"column":22}},"loc":{"start":{"line":170,"column":2},"end":{"line":186,"column":3}}},"16":{"name":"(anonymous_16)","decl":{"start":{"line":188,"column":2},"end":{"line":188,"column":10}},"loc":{"start":{"line":190,"column":28},"end":{"line":211,"column":3}}},"17":{"name":"(anonymous_17)","decl":{"start":{"line":203,"column":26},"end":{"line":203,"column":27}},"loc":{"start":{"line":203,"column":34},"end":{"line":205,"column":5}}},"18":{"name":"createSameOriginTransceiver","decl":{"start":{"line":214,"column":16},"end":{"line":214,"column":43}},"loc":{"start":{"line":214,"column":85},"end":{"line":216,"column":1}}}},"branchMap":{"0":{"loc":{"start":{"line":18,"column":12},"end":{"line":18,"column":null}},"type":"binary-expr","locations":[{"start":{"line":18,"column":12},"end":{"line":18,"column":27}},{"start":{"line":18,"column":27},"end":{"line":18,"column":null}}]},"1":{"loc":{"start":{"line":42,"column":19},"end":{"line":42,"column":39}},"type":"binary-expr","locations":[{"start":{"line":42,"column":19},"end":{"line":42,"column":29}},{"start":{"line":42,"column":33},"end":{"line":42,"column":39}}]},"2":{"loc":{"start":{"line":44,"column":23},"end":{"line":44,"column":79}},"type":"binary-expr","locations":[{"start":{"line":44,"column":23},"end":{"line":44,"column":41}},{"start":{"line":44,"column":45},"end":{"line":44,"column":79}}]},"3":{"loc":{"start":{"line":45,"column":21},"end":{"line":45,"column":55}},"type":"binary-expr","locations":[{"start":{"line":45,"column":21},"end":{"line":45,"column":37}},{"start":{"line":45,"column":41},"end":{"line":45,"column":55}}]},"4":{"loc":{"start":{"line":47,"column":34},"end":{"line":47,"column":71}},"type":"cond-expr","locations":[{"start":{"line":47,"column":63},"end":{"line":47,"column":67}},{"start":{"line":47,"column":67},"end":{"line":47,"column":71}}]},"5":{"loc":{"start":{"line":47,"column":34},"end":{"line":47,"column":67}},"type":"binary-expr","locations":[{"start":{"line":47,"column":34},"end":{"line":47,"column":67}},{"start":{"line":47,"column":63},"end":{"line":47,"column":67}}]},"6":{"loc":{"start":{"line":54,"column":4},"end":{"line":62,"column":5}},"type":"if","locations":[{"start":{"line":54,"column":4},"end":{"line":62,"column":5}}]},"7":{"loc":{"start":{"line":54,"column":8},"end":{"line":54,"column":90}},"type":"binary-expr","locations":[{"start":{"line":54,"column":8},"end":{"line":54,"column":59}},{"start":{"line":54,"column":63},"end":{"line":54,"column":90}}]},"8":{"loc":{"start":{"line":76,"column":4},"end":{"line":76,"column":65}},"type":"if","locations":[{"start":{"line":76,"column":4},"end":{"line":76,"column":65}}]},"9":{"loc":{"start":{"line":76,"column":8},"end":{"line":76,"column":51}},"type":"binary-expr","locations":[{"start":{"line":76,"column":8},"end":{"line":76,"column":23}},{"start":{"line":76,"column":27},"end":{"line":76,"column":51}}]},"10":{"loc":{"start":{"line":82,"column":4},"end":{"line":82,"column":36}},"type":"if","locations":[{"start":{"line":82,"column":4},"end":{"line":82,"column":36}}]},"11":{"loc":{"start":{"line":85,"column":4},"end":{"line":87,"column":5}},"type":"if","locations":[{"start":{"line":85,"column":4},"end":{"line":87,"column":5}}]},"12":{"loc":{"start":{"line":92,"column":4},"end":{"line":92,"column":37}},"type":"if","locations":[{"start":{"line":92,"column":4},"end":{"line":92,"column":37}}]},"13":{"loc":{"start":{"line":95,"column":4},"end":{"line":97,"column":5}},"type":"if","locations":[{"start":{"line":95,"column":4},"end":{"line":97,"column":5}}]},"14":{"loc":{"start":{"line":109,"column":4},"end":{"line":109,"column":53}},"type":"if","locations":[{"start":{"line":109,"column":4},"end":{"line":109,"column":53}}]},"15":{"loc":{"start":{"line":112,"column":4},"end":{"line":114,"column":5}},"type":"if","locations":[{"start":{"line":112,"column":4},"end":{"line":114,"column":5}}]},"16":{"loc":{"start":{"line":120,"column":4},"end":{"line":125,"column":5}},"type":"if","locations":[{"start":{"line":120,"column":4},"end":{"line":125,"column":5}}]},"17":{"loc":{"start":{"line":122,"column":6},"end":{"line":124,"column":7}},"type":"if","locations":[{"start":{"line":122,"column":6},"end":{"line":124,"column":7}}]},"18":{"loc":{"start":{"line":131,"column":4},"end":{"line":133,"column":5}},"type":"if","locations":[{"start":{"line":131,"column":4},"end":{"line":133,"column":5}}]},"19":{"loc":{"start":{"line":139,"column":11},"end":{"line":139,"column":70}},"type":"binary-expr","locations":[{"start":{"line":139,"column":11},"end":{"line":139,"column":25}},{"start":{"line":139,"column":29},"end":{"line":139,"column":70}}]},"20":{"loc":{"start":{"line":139,"column"
[...]
{"line":51,"column":6},"end":{"line":51,"column":13}},"35":{"start":{"line":53,"column":4},"end":{"line":82,"column":5}},"36":{"start":{"line":58,"column":34},"end":{"line":58,"column":38}},"37":{"start":{"line":59,"column":6},"end":{"line":63,"column":7}},"38":{"start":{"line":60,"column":8},"end":{"line":60,"column":48}},"39":{"start":{"line":61,"column":13},"end":{"line":63,"column":7}},"40":{"start":{"line":62,"column":8},"end":{"line":62,"column":45}},"41":{"start":{"line":64,"column":6},"end":{"line":81,"column":7}},"42":{"start":{"line":65,"column":8},"end":{"line":68,"column":9}},"43":{"start":{"line":66,"column":10},"end":{"line":66,"column":33}},"44":{"start":{"line":67,"column":10},"end":{"line":67,"column":17}},"45":{"start":{"line":69,"column":8},"end":{"line":72,"column":9}},"46":{"start":{"line":70,"column":10},"end":{"line":70,"column":27}},"47":{"start":{"line":71,"column":10},"end":{"line":71,"column":17}},"48":{"start":{"line":73,"column":8},"end":{"line":75,"column":9}},"49":{"start":{"line":74,"column":10},"end":{"line":74,"column":29}},"50":{"start":{"line":76,"column":8},"end":{"line":76,"column":36}},"51":{"start":{"line":77,"column":8},"end":{"line":77,"column":41}},"52":{"start":{"line":78,"column":8},"end":{"line":80,"column":11}},"53":{"start":{"line":79,"column":10},"end":{"line":79,"column":46}},"54":{"start":{"line":84,"column":2},"end":{"line":105,"column":null}},"55":{"start":{"line":85,"column":4},"end":{"line":88,"column":5}},"56":{"start":{"line":86,"column":6},"end":{"line":86,"column":59}},"57":{"start":{"line":87,"column":6},"end":{"line":87,"column":18}},"58":{"start":{"line":89,"column":4},"end":{"line":91,"column":5}},"59":{"start":{"line":90,"column":6},"end":{"line":90,"column":18}},"60":{"start":{"line":92,"column":4},"end":{"line":103,"column":5}},"61":{"start":{"line":93,"column":6},"end":{"line":93,"column":95}},"62":{"start":{"line":95,"column":6},"end":{"line":102,"column":8}},"63":{"start":{"line":104,"column":4},"end":{"line":104,"column":16}},"64":{"start":{"line":106,"column":2},"end":{"line":119,"column":null}},"65":{"start":{"line":107,"column":4},"end":{"line":118,"column":5}},"66":{"start":{"line":108,"column":6},"end":{"line":108,"column":38}},"67":{"start":{"line":109,"column":6},"end":{"line":111,"column":46}},"68":{"start":{"line":112,"column":6},"end":{"line":116,"column":8}},"69":{"start":{"line":117,"column":6},"end":{"line":117,"column":21}},"70":{"start":{"line":120,"column":2},"end":{"line":126,"column":null}},"71":{"start":{"line":121,"column":4},"end":{"line":121,"column":31}},"72":{"start":{"line":122,"column":4},"end":{"line":122,"column":27}},"73":{"start":{"line":123,"column":4},"end":{"line":125,"column":5}},"74":{"start":{"line":124,"column":6},"end":{"line":124,"column":77}},"75":{"start":{"line":127,"column":2},"end":{"line":129,"column":null}},"76":{"start":{"line":128,"column":4},"end":{"line":128,"column":23}},"77":{"start":{"line":130,"column":2},"end":{"line":141,"column":null}},"78":{"start":{"line":131,"column":15},"end":{"line":131,"column":19}},"79":{"start":{"line":132,"column":4},"end":{"line":137,"column":7}},"80":{"start":{"line":133,"column":6},"end":{"line":136,"column":7}},"81":{"start":{"line":134,"column":8},"end":{"line":134,"column":21}},"82":{"start":{"line":135,"column":8},"end":{"line":135,"column":20}},"83":{"start":{"line":138,"column":4},"end":{"line":140,"column":5}},"84":{"start":{"line":139,"column":6},"end":{"line":139,"column":34}},"85":{"start":{"line":142,"column":2},"end":{"line":149,"column":null}},"86":{"start":{"line":142,"column":2},"end":{"line":142,"column":15}},"87":{"start":{"line":143,"column":4},"end":{"line":148,"column":7}},"88":{"start":{"line":144,"column":6},"end":{"line":147,"column":7}},"89":{"start":{"line":145,"column":8},"end":{"line":145,"column":39}},"90":{"start":{"line":146,"column":8},"end":{"line":146,"column":20}},"91":{"start":{"line":150,"column":2},"end":{"line":155,"column":null}},"92":{"start":{"line":151,"column":4},"end":{"line":153,"column":5}},"93":{"start":{"line":152,"column":6},"end":{"line":152,"column":18}},"94":{"start":{"line":154,"column":4},"end":{"line":154,"column":17}},"95":{"start":{"line":156,"column":2},"end":{"line":158,"column":null}},"96":{"start":{"line":157,"column":4},"end":{"line":157,"column":25}},"97":{"start":{"line":159,"column":2},"end":{"line":161,"column":null}},"98":{"start":{"line":160,"column":4},"end":{"line":160,"column":26}},"99":{"start":{"line":162,"column":2},"end":{"line":164,"column":null}},"100":{"start":{"line":163,"column":4},"end":{"line":163,"column":23}},"101":{"start":{"line":165,"column":2},"end":{"line":167,"column":null}},"102":{"start":{"line":166,"column":4},"end":{"line":166,"column":24}},"103":{"start":{"line":168,"column":2},"end":{"line":172,"column":null}},"104":{"start":{"line":169,"column":4},"end":{"line":169,"column":30}},"105":{"start":{"line":170,"column":4},"end":{"line":170,"column":28}},"106":{"start":{"line":171,"column":4},"end":{"line":171,"column":38}},"107":{"start":{"line":173,"column":10},"end":{"line":184,"column":null}},"108":{"start":{"line":173,"column":2},"end":{"line":173,"column":10}},"109":{"start":{"line":174,"column":4},"end":{"line":183,"column":5}},"110":{"start":{"line":175,"column":6},"end":{"line":175,"column":24}},"111":{"start":{"line":176,"column":6},"end":{"line":176,"column":27}},"112":{"start":{"line":177,"column":6},"end":{"line":179,"column":33}},"113":{"start":{"line":178,"column":8},"end":{"line":178,"column":23}},"114":{"start":{"line":181,"column":6},"end":{"line":181,"column":62}},"115":{"start":{"line":182,"column":6},"end":{"line":182,"column":30}},"116":{"start":{"line":185,"column":10},"end":{"line":189,"column":null}},"117":{"start":{"line":186,"column":4},"end":{"line":186,"column":27}},"118":{"start":{"line":187,"column":4},"end":{"line":187,"column":30}},"119":{"start":{"line":188,"column":4},"end":{"line":188,"column":31}},"120":{"start":{"line":190,"column":10},"end":{"line":197,"column":null}},"121":{"start":{"line":191,"column":4},"end":{"line":196,"column":5}},"122":{"start":{"line":192,"column":22},"end":{"line":192,"column":48}},"123":{"start":{"line":193,"column":6},"end":{"line":195,"column":7}},"124":{"start":{"line":194,"column":8},"end":{"line":194,"column":23}},"125":{"start":{"line":198,"column":10},"end":{"line":202,"column":null}},"126":{"start":{"line":199,"column":4},"end":{"line":199,"column":31}},"127":{"start":{"line":200,"column":4},"end":{"line":200,"column":48}},"128":{"start":{"line":201,"column":4},"end":{"line":201,"column":27}},"129":{"start":{"line":203,"column":2},"end":{"line":214,"column":null}},"130":{"start":{"line":204,"column":4},"end":{"line":213,"column":5}},"131":{"start":{"line":206,"column":8},"end":{"line":206,"column":19}},"132":{"start":{"line":207,"column":8},"end":{"line":207,"column":15}},"133":{"start":{"line":209,"column":8},"end":{"line":209,"column":36}},"134":{"start":{"line":210,"column":8},"end":{"line":210,"column":15}},"135":{"start":{"line":212,"column":8},"end":{"line":212,"column":42}},"136":{"start":{"line":215,"column":10},"end":{"line":221,"column":null}},"137":{"start":{"line":216,"column":4},"end":{"line":216,"column":25}},"138":{"start":{"line":217,"column":4},"end":{"line":220,"column":5}},"139":{"start":{"line":218,"column":6},"end":{"line":218,"column":35}},"140":{"start":{"line":219,"column":6},"end":{"line":219,"column":28}},"141":{"start":{"line":222,"column":0},"end":{"line":222,"column":null}},"142":{"start":{"line":20,"column":13},"end":{"line":20,"column":30}},"143":{"start":{"line":230,"column":2},"end":{"line":230,"column":39}}},"fnMap":{"0":{"name":"(anonymous_17)","decl":{"start":{"line":14,"column":0},"end":{"line":14,"column":5}},"loc":{"start":{"line":14,"column":11},"end":{"line":19,"column":1}}},"1":{"name":"(anonymous_18)","decl":{"start":{"line":20,"column":0},"end":{"line":20,"column":13}},"loc":{"start":{"line":20,"column":0},"end":{"line":222,"column":null}}},"2":{"name":"WindowTransceiver","decl":{"start":{"line":37,"column":2},"end":{"line":37,"column":14}},"loc":{"start":{"line":37,"column":51},"end":{"line":47,"column":3}}},"3":{"name":"(anonymous_20)","decl":{"start":{"line":48,"column":2},"end":{"line":48,"column":16}},"loc":{"start":{"line":48,"column":61},"end":{"line":83,"column":3}}},"4":{"name":"(anonymous_21)","decl":{"start":{"line":78,"column":53},"end":{"line":78,"column":54}},"loc":{"start":{"line":78,"column":61},"end":{"line":80,"column":9}}},"5":{"name":"(anonymous_22)","decl":{"start":{"line":84,"column":2},"end":{"line":84,"column":6}},"loc":{"start":{"line":84,"column":63},"end":{"line":105,"column":3}}},"6":{"name":"(anonymous_23)","decl":{"start":{"line":106,"column":2},"end":{"line":106,"column":7}},"loc":{"start":{"line":106,"column":2},"end":{"line":119,"column":3}}},"7":{"name":"(anonymous_24)","decl":{"start":{"line":120,"column":2},"end":{"line":120,"column":6}},"loc":{"start":{"line":120,"column":2},"end":{"line":126,"column":3}}},"8":{"name":"(anonymous_25)","decl":{"start":{"line":127,"column":2},"end":{"line":127,"column":14}},"loc":{"start":{"line":127,"column":2},"end":{"line":129,"column":3}}},"9":{"name":"(anonymous_26)","decl":{"start":{"line":130,"column":2},"end":{"line":130,"column":12}},"loc":{"start":{"line":130,"column":40},"end":{"line":141,"column":3}}},"10":{"name":"(anonymous_27)","decl":{"start":{"line":132,"column":29},"end":{"line":132,"column":30}},"loc":{"start":{"line":132,"column":36},"end":{"line":137,"column":5}}},"11":{"name":"(anonymous_28)","decl":{"start":{"line":142,"column":2},"end":{"line":142,"column":15}},"loc":{"start":{"line":142,"column":43},"end":{"line":149,"column":3}}},"12":{"name":"(anonymous_29)","decl":{"start":{"line":143,"column":29},"end":{"line":143,"column":30}},"loc":{"start":{"line":143,"column":43},"end":{"line":148,"column":5}}},"13":{"name":"(anonymous_30)","decl":{"start":{"line":150,"column":2},"end":{"line":150,"column":13}},"loc":{"start":{"line":150,"column":2},"end":{"line":155,"column":3}}},"14":{"name":"(anonymous_31)","decl":{"start":{"line":156,"column":2},"end":{"line":156,"column":9}},"loc":{"start":{"line":156,"column":21},"end":{"line":158,"column":3}}},"15":{"name":"(anonymous_32)","decl":{"start":{"line":159,"column":2},"end":{"line":159,"column":9}},"loc":{"start":{"line":159,"column":2},"end":{"line":161,"column":3}}},"16":{"name":"(anonymous_33)","decl":{"start":{"line":162,"column":2},"end":{"line":162,"column":12}},"loc":{"start":{"line":162,"column":24},"end":{"line":164,"column":3}}},"17":{"name":"(anonymous_34)","decl":{"start":{"line":165,"column":2},"end":{"line":165,"column":12}},"loc":{"start":{"line":165,"column":2},"end":{"line":167,"column":3}}},"18":{"name":"(anonymous_35)","decl":{"start":{"line":168,"column":2},"end":{"line":168,"column":14}},"loc":{"start":{"line":168,"column":52},"end":{"line":172,"column":3}}},"19":{"name":"(anonymous_36)","decl":{"start":{"line":173,"column":2},"end":{"line":173,"column":10}},"loc":{"start":{"line":173,"column":2},"end":{"line":184,"column":3}}},"20":{"name":"(anonymous_37)","decl":{"start":{"line":177,"column":34},"end":{"line":177,"column":null}},"loc":{"start":{"line":177,"column":34},"end":{"line":179,"column":7}}},"21":{"name":"(anonymous_38)","decl":{"start":{"line":185,"column":2},"end":{"line":185,"column":10}},"loc":{"start":{"line":185,"column":2},"end":{"line":189,"column":3}}},"22":{"name":"(anonymous_39)","decl":{"start":{"line":190,"column":2},"end":{"line":190,"column":10}},"loc":{"start":{"line":190,"column":43},"end":{"line":197,"column":3}}},"23":{"name":"(anonymous_40)","decl":{"start":{"line":198,"column":2},"end":{"line":198,"column":10}},"loc":{"start":{"line":198,"column":2},"end":{"line":202,"column":3}}},"24":{"name":"(anonymous_41)","decl":{"start":{"line":203,"column":2},"end":{"line":203,"column":13}},"loc":{"start":{"line":203,"column":47},"end":{"line":214,"column":3}}},"25":{"name":"(anonymous_42)","decl":{"start":{"line":215,"column":2},"end":{"line":215,"column":10}},"loc":{"start":{"line":215,"column":2},"end":{"line":221,"column":3}}},"26":{"name":"createWindowTransceiver","decl":{"start":{"line":229,"column":24},"end":{"line":229,"column":47}},"loc":{"start":{"line":229,"column":85},"end":{"line":231,"column":1}}}},"branchMap":{"0":{"loc":{"start":{"line":14,"column":5},"end":{"line":14,"column":null}},"type":"binary-expr","locations":[{"start":{"line":14,"column":5},"end":{"line":14,"column":11}},{"start":{"line":14,"column":5},"end":{"line":14,"column":null}}]},"1":{"loc":{"start":{"line":38,"column":4},"end":{"line":38,"column":12}},"type":"binary-expr","locations":[{"start":{"line":38,"column":4},"end":{"line":38,"column":11}},{"start":{"line":38,"column":11},"end":{"line":38,"column":12}}]},"2":{"loc":{"start":{"line":42,"column":14},"end":{"line":46,"column":16}},"type":"cond-expr","locations":[{"start":{"line":43,"column":8},"end":{"line":45,"column":28}},{"start":{"line":46,"column":8},"end":{"line":46,"column":16}}]},"3":{"loc":{"start":{"line":43,"column":8},"end":{"line":45,"column":28}},"type":"cond-expr","locations":[{"start":{"line":44,"column":10},"end":{"line":44,"column":30}},{"start":{"line":45,"column":10},"end":{"line":45,"column":28}}]},"4":{"loc":{"start":{"line":49,"column":4},"end":{"line":52,"column":5}},"type":"if","locations":[{"start":{"line":49,"column":4},"end":{"line":52,"column":5}}]},"5":{"loc":{"start":{"line":53,"column":4},"end":{"line":82,"column":5}},"type":"if","locations":[{"start":{"line":53,"column":4},"end":{"line":82,"column":5}}]},"6":{"loc":{"start":{"line":54,"column":6},"end":{"line":56,"column":23}},"type":"binary-expr","locations":[{"start":{"line":54,"column":7},"end":{"line":54,"column":21}},{"start":{"line":54,"column":25},"end":{"line":54,"column":62}},{"start":{"line":55,"column":6},"end":{"line":55,"column":32}},{"start":{"line":56,"column":6},"end":{"line":56,"column":23}}]},"7":{"loc":{"start":{"line":59,"column":6},"end":{"line":63,"column":7}},"type":"if","locations":[{"start":{"line":59,"column":6},"end":{"line":63,"column":7}},{"start":{"line":61,"column":13},"end":{"line":63,"column":7}}]},"8":{"loc":{"start":{"line":61,"column":13},"end":{"line":63,"column":7}},"type":"if","locations":[{"start":{"line":61,"column":13},"end":{"line":63,"column":7}}]},"9":{"loc":{"start":{"line":61,"column":17},"end":{"line":61,"column":56}},"type":"binary-expr","locations":[{"start":{"line":61,"column":17},"end":{"line":61,"column":37}},{"start":{"line":61,"column":41},"end":{"line":61,"column":56}}]},"10":{"loc":{"start":{"line":64,"column":6},"end":{"line":81,"column":7}},"type":"if","locations":[{"start":{"line":64,"column":6},"end":{"line":81,"column":7}}]},"11":{"loc":{"start":{"line":64,"column":10},"end":{"line":64,"column":68}},"type":"binary-expr","locations":[{"start":{"line":64,"column":10},"end":{"line":64,"column":34}},{"start":{"line":64,"column":38},"end":{"line":64,"column":68}}]},"12":{"loc":{"start":{"line":65,"column":8},"end":{"line":68,"column":9}},"type":"if","locations":[{"start":{"line":65,"column":8},"end":{"line":68,"column":9}}]},"13":{"loc":{"start":{"line":69,"column":8},"end":{"line":72,"column":9}},"type":"if","locations":[{"start":{"line":69,"column":8},"end":{"line":72,"column":9}}]},"14":{"loc":{"start":{"line":73,"column":8},"end":{"line":75,"column":9}},"type":"if","locations":[{"start":{"line":73,"column":8},"end":{"line":75,"column":9}}]},"15":{"loc":{"start":{"line":85,"column":4},"end":{"line":88,"column":5}},"type":"if","locations":[{"start":{"line":85,"column":4},"end":{"line":88,"column":5}}]},"16":{"loc":{"start":{"line":89,"column":4},"end":{"line":91,"column":5}},"type":"if","locations":[{"start":{"line":89,"column":4},"end":{"line":91,"column":5}}]},"17":{"loc":{"start":{"line":92,"column":4},"end":{"line":103,"column":5}},"type":"if","locations":[{"start":{"line":92,"column":4},"end":{"line":103,"column":5}},{"start":{"line":94,"column":11},"end":{"line":103,"column":5}}]},"18":{"loc":{"start":{"line":107,"column":4},"end":{"line":118,"column":5}},"type":"if","locations":[{"start":{"line":107,"column":4},"end":{"line":118,"column":5}}]},"19":{"loc":{"start":{"line":107,"column":8},"end":{"line":107,"column":68}},"type":"binary-expr","locations":[{"start":{"line":107,"column":8},"end":{"line":107,"column":36}},{"start":{"line":107,"column":40},"end":{"line":107,"column":68}}]},"20":{"loc":{"start":{"line":123,"column":4},"end":{"line":125,"column":5}},"type":"if","locations":[{"start":{"line":123,"column":4},"end":{"line":125,"column":5}}]},"21":{"loc":{"start":{"line":133,"column":6},"end":{"line":136,"column":7}},"type":"if","locations":[{"start":{"line":133,"column":6},"end":{"line":136,"column":7}}]},"22":{"loc":{"start":{"line":138,"column":4},"end":{"line":140,"column":5}},"type":"if","locations":[{"start":{"line":138,"column":4},"end":{"line":140,"column":5}}]},"23":{"loc":{"start":{"line":144,"column":6},"end":{"line":147,"column":7}},"type":"if","locations":[{"start":{"line":144,"column":6},"end":{"line":147,"column":7}}]},"24":{"loc":{"start":{"line":151,"column":4},"end":{"line":153,"column":5}},"type":"if","locations":[{"start":{"line":151,"column":4},"end":{"line":153,"column":5}}]},"25":{"loc":{"start":{"line":151,"column":8},"end":{"line":151,"column":43}},"type":"binary-expr","locations":[{"start":{"line":151,"column":8},"end":{"line":151,"column":20}},{"start":{"line":151,"column":24},"end":{"line":151,"column":43}}]},"26":{"loc":{"start":{"line":174,"column":4},"end":{"line":183,"column":5}},"type":"if","locations":[{"start":{"line":174,"column":4},"end":{"line":183,"column":5}},{"start":{"line":180,"column":11},"end":{"line":183,"column":5}}]},"27":{"loc":{"start":{"line":193,"column":6},"end":{"line":195,"column":7}},"type":"if","locations":[{"start":{"line":193,"column":6},"end":{"line":195,"column":7}}]},"28":{"loc":{"start":{"line":204,"column":4},"end":{"line":213,"column":5}},"type":"switch","locations":[{"start":{"line":205,"column":6},"end":{"line":207,"column":15}},{"start":{"line":208,"column":6},"end":{"line":210,"column":15}},{"start":{"line":211,"column":6},"end":{"line":212,"column":42}}]},"29":{"loc":{"start":{"line":217,"column":4},"end":{"line":220,"column":5}},"type":"if","locations":[{"start":{"line":217,"column":4},"end":{"line":220,"column":5}}]}},"s":{"0":1,"1":1,"2":1,"3":1,"4":1,"5":1,"6":1,"7":1,"8":1,"9":1,"10":1,"11":0,"12":0,"13":0,"14":0,"15":0,"16":0,"17":0,"18":0,"19":0,"20":0,"21":0,"22":0,"23":0,"24":0,"25":0,"26":0,"27":0,"28":0,"29":0,"30":0,"31":1,"32":0,"33":0,"34":0,"35":0,"36":0,"37":0,"38":0,"39":0,"40":0,"41":0,"42":0,"43":0,"44":0,"45":0,"46":0,"47":0,"48":0,"49":0,"50":0,"51":0,"52":0,"53":0,"54":1,"55":0,"56":0,"57":0,"58":0,"59":0,"60":0,"61":0,"62":0,"63":0,"64":1,"65":0,"66":0,"67":0,"68":0,"69":0,"70":1,"71":0,"72":0,"73":0,"74":0,"75":1,"76":0,"77":1,"78":0,"79":0,"80":0,"81":0,"82":0,"83":0,"84":0,"85":1,"86":0,"87":0,"88":0,"89":0,"90":0,"91":1,"92":0,"93":0,"94":0,"95":1,"96":0,"97":1,"98":0,"99":1,"100":0,"101":1,"102":0,"103":1,"104":0,"105":0,"106":0,"107":1,"108":0,"109":0,"110":0,"111":0,"112":0,"113":0,"114":0,"115":0,"116":1,"117":0,"118":0,"119":0,"120":1,"121":0,"122":0,"123":0,"124":0,"125":1,"126":0,"127":0,"128":0,"129":1,"130":0,"131":0,"132":0,"133":0,"134":0,"135":0,"136":1,"137":0,"138":0,"139":0,"140":0,"141":1,"142":1,"143":0},"f":{"0":1,"1":1,"2":0,"3":0,"4":0,"5":0,"6":0,"7":0,"8":0,"9":0,"10":0,"11":0,"12":0,"13":0,"14":0,"15":0,"16":0,"17":0,"18":0,"19":0,"20":0,"21":0,"22":0,"23":0,"24":0,"25":0,"26":0},"b":{"0":[1,1],"1":[0,0],"2":[0,0],"3":[0,0],"4":[0],"5":[0],"6":[0,0,0,0],"7":[0,0],"8":[0],"9":[0,0],"10":[0],"11":[0,0],"12":[0],"13":[0],"14":[0],"15":[0],"16":[0],"17":[0,0],"18":[0],"19":[0,0],"20":[0],"21":[0],"22":[0],"23":[0],"24":[0],"25":[0,0],"26":[0,0],"27":[0],"28":[0,0,0],"29":[0]}}
}
