{"D:\\repository\\wxwzl\\github\\cross-domain-emitter\\dist\\index.js": {"path":"D:\\repository\\wxwzl\\github\\cross-domain-emitter\\dist\\index.js","statementMap":{"0":{"start":{"line":1,"column":0},"end":{"line":899,"column":4}},"1":{"start":{"line":2,"column":4},"end":{"line":4,"column":120}},"2":{"start":{"line":23,"column":24},"end":{"line":28,"column":5}},"3":{"start":{"line":24,"column":8},"end":{"line":26,"column":110}},"4":{"start":{"line":25,"column":69},"end":{"line":25,"column":85}},"5":{"start":{"line":26,"column":30},"end":{"line":26,"column":107}},"6":{"start":{"line":26,"column":47},"end":{"line":26,"column":107}},"7":{"start":{"line":26,"column":95},"end":{"line":26,"column":107}},"8":{"start":{"line":27,"column":8},"end":{"line":27,"column":35}},"9":{"start":{"line":31,"column":8},"end":{"line":32,"column":102}},"10":{"start":{"line":32,"column":12},"end":{"line":32,"column":102}},"11":{"start":{"line":33,"column":8},"end":{"line":33,"column":28}},"12":{"start":{"line":34,"column":24},"end":{"line":34,"column":45}},"13":{"start":{"line":35,"column":8},"end":{"line":35,"column":93}},"14":{"start":{"line":38,"column":19},"end":{"line":47,"column":5}},"15":{"start":{"line":39,"column":8},"end":{"line":45,"column":10}},"16":{"start":{"line":40,"column":12},"end":{"line":43,"column":13}},"17":{"start":{"line":40,"column":28},"end":{"line":40,"column":29}},"18":{"start":{"line":40,"column":35},"end":{"line":40,"column":51}},"19":{"start":{"line":41,"column":16},"end":{"line":41,"column":33}},"20":{"start":{"line":42,"column":16},"end":{"line":42,"column":93}},"21":{"start":{"line":42,"column":33},"end":{"line":42,"column":93}},"22":{"start":{"line":42,"column":81},"end":{"line":42,"column":93}},"23":{"start":{"line":44,"column":12},"end":{"line":44,"column":21}},"24":{"start":{"line":46,"column":8},"end":{"line":46,"column":47}},"25":{"start":{"line":49,"column":41},"end":{"line":53,"column":7}},"26":{"start":{"line":52,"column":8},"end":{"line":52,"column":31}},"27":{"start":{"line":56,"column":8},"end":{"line":56,"column":72}},"28":{"start":{"line":59,"column":8},"end":{"line":59,"column":71}},"29":{"start":{"line":62,"column":8},"end":{"line":62,"column":72}},"30":{"start":{"line":65,"column":8},"end":{"line":65,"column":74}},"31":{"start":{"line":75,"column":8},"end":{"line":75,"column":63}},"32":{"start":{"line":78,"column":8},"end":{"line":80,"column":9}},"33":{"start":{"line":79,"column":12},"end":{"line":79,"column":19}},"34":{"start":{"line":81,"column":18},"end":{"line":81,"column":30}},"35":{"start":{"line":83,"column":8},"end":{"line":91,"column":9}},"36":{"start":{"line":83,"column":21},"end":{"line":83,"column":22}},"37":{"start":{"line":84,"column":12},"end":{"line":84,"column":29}},"38":{"start":{"line":85,"column":12},"end":{"line":90,"column":13}},"39":{"start":{"line":86,"column":29},"end":{"line":86,"column":67}},"40":{"start":{"line":87,"column":16},"end":{"line":89,"column":17}},"41":{"start":{"line":88,"column":20},"end":{"line":88,"column":27}},"42":{"start":{"line":94,"column":20},"end":{"line":94,"column":22}},"43":{"start":{"line":95,"column":23},"end":{"line":95,"column":40}},"44":{"start":{"line":96,"column":8},"end":{"line":102,"column":9}},"45":{"start":{"line":97,"column":23},"end":{"line":97,"column":42}},"46":{"start":{"line":98,"column":12},"end":{"line":101,"column":13}},"47":{"start":{"line":98,"column":25},"end":{"line":98,"column":26}},"48":{"start":{"line":99,"column":27},"end":{"line":99,"column":45}},"49":{"start":{"line":100,"column":16},"end":{"line":100,"column":41}},"50":{"start":{"line":103,"column":8},"end":{"line":103,"column":21}},"51":{"start":{"line":106,"column":25},"end":{"line":106,"column":195}},"52":{"start":{"line":108,"column":15},"end":{"line":108,"column":28}},"53":{"start":{"line":110,"column":4},"end":{"line":125,"column":14}},"54":{"start":{"line":111,"column":5},"end":{"line":124,"column":3004}},"55":{"start":{"line":111,"column":20},"end":{"line":111,"column":39}},"56":{"start":{"line":124,"column":107},"end":{"line":124,"column":232}},"57":{"start":{"line":124,"column":134},"end":{"line":124,"column":232}},"58":{"start":{"line":124,"column":146},"end":{"line":124,"column":147}},"59":{"start":{"line":124,"column":150},"end":{"line":124,"column":158}},"60":{"start":{"line":124,"column":167},"end":{"line":124,"column":232}},"61":{"start":{"line":124,"column":232},"end":{"line":124,"column":281}},"62":{"start":{"line":124,"column":296},"end":{"line":124,"column":355}},"63":{"start":{"line":124,"column":370},"end":{"line":124,"column":429}},"64":{"start":{"line":124,"column":444},"end":{"line":124,"column":502}},"65":{"start":{"line":124,"column":517},"end":{"line":124,"column":531}},"66":{"start":{"line":124,"column":552},"end":{"line":124,"column":611}},"67":{"start":{"line":124,"column":602},"end":{"line":124,"column":611}},"68":{"start":{"line":124,"column":611},"end":{"line":124,"column":802}},"69":{"start":{"line":124,"column":628},"end":{"line":124,"column":779}},"70":{"start":{"line":124,"column":636},"end":{"line":124,"column":692}},"71":{"start":{"line":124,"column":669},"end":{"line":124,"column":692}},"72":{"start":{"line":124,"column":697},"end":{"line":124,"column":779}},"73":{"start":{"line":124,"column":706},"end":{"line":124,"column":724}},"74":{"start":{"line":124,"column":724},"end":{"line":124,"column":778}},"75":{"start":{"line":124,"column":734},"end":{"line":124,"column":742}},"76":{"start":{"line":124,"column":745},"end":{"line":124,"column":746}},"77":{"start":{"line":124,"column":755},"end":{"line":124,"column":778}},"78":{"start":{"line":124,"column":785},"end":{"line":124,"column":802}},"79":{"start":{"line":124,"column":808},"end":{"line":124,"column":816}},"80":{"start":{"line":124,"column":823},"end":{"line":124,"column":1697}},"81":{"start":{"line":124,"column":848},"end":{"line":124,"column":890}},"82":{"start":{"line":124,"column":891},"end":{"line":124,"column":1694}},"83":{"start":{"line":124,"column":938},"end":{"line":124,"column":987}},"84":{"start":{"line":124,"column":1031},"end":{"line":124,"column":1035}},"85":{"start":{"line":124,"column":1036},"end":{"line":124,"column":1124}},"86":{"start":{"line":124,"column":1078},"end":{"line":124,"column":1119}},"87":{"start":{"line":124,"column":1094},"end":{"line":124,"column":1119}},"88":{"start":{"line":124,"column":1168},"end":{"line":124,"column":1206}},"89":{"start":{"line":124,"column":1206},"end":{"line":124,"column":1266}},"90":{"start":{"line":124,"column":1216},"end":{"line":124,"column":1218}},"91":{"start":{"line":124,"column":1221},"end":{"line":124,"column":1222}},"92":{"start":{"line":124,"column":1246},"end":{"line":124,"column":1266}},"93":{"start":{"line":124,"column":1266},"end":{"line":124,"column":1502}},"94":{"start":{"line":124,"column":1276},"end":{"line":124,"column":1289}},"95":{"start":{"line":124,"column":1292},"end":{"line":124,"column":1296}},"96":{"start":{"line":124,"column":1299},"end":{"line":124,"column":1300}},"97":{"start":{"line":124,"column":1317},"end":{"line":124,"column":1324}},"98":{"start":{"line":124,"column":1330},"end":{"line":124,"column":1336}},"99":{"start":{"line":124,"column":1339},"end":{"line":124,"column":1345}},"100":{"start":{"line":124,"column":1346},"end":{"line":124,"column":1501}},"101":{"start":{"line":124,"column":1496},"end":{"line":124,"column":1501}},"102":{"start":{"line":124,"column":1541},"end":{"line":124,"column":1691}},"103":{"start":{"line":124,"column":1558},"end":{"line":124,"column":1639}},"104":{"start":{"line":124,"column":1567},"end":{"line":124,"column":1639}},"105":{"start":{"line":124,"column":1579},"end":{"line":124,"column":1587}},"106":{"start":{"line":124,"column":1590},"end":{"line":124,"column":1591}},"107":{"start":{"line":124,"column":1600},"end":{"line":124,"column":1639}},"108":{"start":{"line":124,"column":1633},"end":{"line":124,"column":1639}},"109":{"start":{"line":124,"column":1672},"end":{"line":124,"column":1687}},"110":{"start":{"line":124,"column":1700},"end":{"line":124,"column":2991}},"111":{"start":{"line":124,"column":1724},"end":{"line":124,"column":1762}},"112":{"start":{"line":124,"column":1763},"end":{"line":124,"column":2988}},"113":{"start":{"line":124,"column":1803},"end":{"line":124,"column":1817}},"114":{"start":{"line":124,"column":1817},"end":{"line":124,"column":2000}},"115":{"start":{"line":124,"column":1829},"end":{"line":124,"column":1903}},"116":{"start":{"line":124,"column":1906},"end":{"line":124,"column":1917}},"117":{"start":{"line":124,"column":1920},"end":{"line":124,"column":1928}},"118":{"start":{"line":124,"column":1931},"end":{"line":124,"column":1932}},"119":{"start":{"line":124,"column":1948},"end":{"line":124,"column":1952}},"120":{"start":{"line":124,"column":1953},"end":{"line":124,"column":1999}},"121":{"start":{"line":124,"column":2000},"end":{"line":124,"column":2011}},"122":{"start":{"line":124,"column":2046},"end":{"line":124,"column":2069}},"123":{"start":{"line":124,"column":2100},"end":{"line":124,"column":2162}},"124":{"start":{"line":124,"column":2112},"end":{"line":124,"column":2114}},"125":{"start":{"line":124,"column":2117},"end":{"line":124,"column":2118}},"126":{"start":{"line":124,"column":2142},"end":{"line":124,"column":2162}},"127":{"start":{"line":124,"column":2162},"end":{"line":124,"column":2249}},"128":{"start":{"line":124,"column":2287},"end":{"line":124,"column":2349}},"129":{"start":{"line":124,"column":2299},"end":{"line":124,"column":2301}},"130":{"start":{"line":124,"column":2304},"end":{"line":124,"column":2305}},"131":{"start":{"line":124,"column":2329},"end":{"line":124,"column":2349}},"132":{"start":{"line":124,"column":2349},"end":{"line":124,"column":2436}},"133":{"start":{"line":124,"column":2472},"end":{"line":124,"column":2534}},"134":{"start":{"line":124,"column":2484},"end":{"line":124,"column":2486}},"135":{"start":{"line":124,"column":2489},"end":{"line":124,"column":2490}},"136":{"start":{"line":124,"column":2514},"end":{"line":124,"column":2534}},"137":{"start":{"line":124,"column":2534},"end":{"line":124,"column":2621}},"138":{"start":{"line":124,"column":2664},"end":{"line":124,"column":2726}},"139":{"start":{"line":124,"column":2676},"end":{"line":124,"column":2678}},"140":{"start":{"line":124,"column":2681},"end":{"line":124,"column":2682}},"141":{"start":{"line":124,"column":2706},"end":{"line":124,"column":2726}},"142":{"start":{"line":124,"column":2726},"end":{"line":124,"column":2813}},"143":{"start":{"line":124,"column":2845},"end":{"line":124,"column":2928}},"144":{"start":{"line":124,"column":2959},"end":{"line":124,"column":2985}},"145":{"start":{"line":124,"column":2992},"end":{"line":124,"column":3000}},"146":{"start":{"line":127,"column":23},"end":{"line":127,"column":35}},"147":{"start":{"line":129,"column":17},"end":{"line":142,"column":12}},"148":{"start":{"line":130,"column":6},"end":{"line":142,"column":12}},"149":{"start":{"line":131,"column":8},"end":{"line":131,"column":19}},"150":{"start":{"line":132,"column":8},"end":{"line":140,"column":9}},"151":{"start":{"line":133,"column":10},"end":{"line":133,"column":34}},"152":{"start":{"line":134,"column":15},"end":{"line":140,"column":9}},"153":{"start":{"line":135,"column":10},"end":{"line":135,"column":55}},"154":{"start":{"line":136,"column":15},"end":{"line":140,"column":9}},"155":{"start":{"line":137,"column":10},"end":{"line":137,"column":20}},"156":{"start":{"line":139,"column":10},"end":{"line":139,"column":20}},"157":{"start":{"line":141,"column":8},"end":{"line":141,"column":17}},"158":{"start":{"line":144,"column":34},"end":{"line":263,"column":19}},"159":{"start":{"line":145,"column":8},"end":{"line":145,"column":36}},"160":{"start":{"line":147,"column":24},"end":{"line":147,"column":80}},"161":{"start":{"line":148,"column":12},"end":{"line":148,"column":32}},"162":{"start":{"line":149,"column":12},"end":{"line":149,"column":36}},"163":{"start":{"line":150,"column":12},"end":{"line":150,"column":32}},"164":{"start":{"line":151,"column":12},"end":{"line":151,"column":25}},"165":{"start":{"line":153,"column":8},"end":{"line":213,"column":10}},"166":{"start":{"line":154,"column":12},"end":{"line":156,"column":13}},"167":{"start":{"line":155,"column":16},"end":{"line":155,"column":74}},"168":{"start":{"line":157,"column":12},"end":{"line":159,"column":13}},"169":{"start":{"line":158,"column":16},"end":{"line":158,"column":28}},"170":{"start":{"line":160,"column":12},"end":{"line":162,"column":13}},"171":{"start":{"line":161,"column":16},"end":{"line":161,"column":43}},"172":{"start":{"line":163,"column":12},"end":{"line":195,"column":13}},"173":{"start":{"line":164,"column":16},"end":{"line":193,"column":17}},"174":{"start":{"line":165,"column":20},"end":{"line":178,"column":23}},"175":{"start":{"line":166,"column":24},"end":{"line":177,"column":25}},"176":{"start":{"line":167,"column":28},"end":{"line":169,"column":29}},"177":{"start":{"line":168,"column":32},"end":{"line":168,"column":70}},"178":{"start":{"line":171,"column":29},"end":{"line":177,"column":25}},"179":{"start":{"line":172,"column":28},"end":{"line":176,"column":31}},"180":{"start":{"line":181,"column":20},"end":{"line":192,"column":21}},"181":{"start":{"line":182,"column":24},"end":{"line":184,"column":25}},"182":{"start":{"line":183,"column":28},"end":{"line":183,"column":71}},"183":{"start":{"line":186,"column":25},"end":{"line":192,"column":21}},"184":{"start":{"line":187,"column":24},"end":{"line":191,"column":27}},"185":{"start":{"line":194,"column":16},"end":{"line":194,"column":28}},"186":{"start":{"line":196,"column":12},"end":{"line":211,"column":13}},"187":{"start":{"line":197,"column":16},"end":{"line":199,"column":19}},"188":{"start":{"line":198,"column":20},"end":{"line":198,"column":87}},"189":{"start":{"line":200,"column":42},"end":{"line":200,"column":59}},"190":{"start":{"line":201,"column":16},"end":{"line":210,"column":17}},"191":{"start":{"line":201,"column":29},"end":{"line":201,"column":30}},"192":{"start":{"line":202,"column":34},"end":{"line":202,"column":56}},"193":{"start":{"line":203,"column":20},"end":{"line":209,"column":21}},"194":{"start":{"line":204,"column":24},"end":{"line":204,"column":62}},"195":{"start":{"line":207,"column":24},"end":{"line":207,"column":57}},"196":{"start":{"line":208,"column":24},"end":{"line":208,"column":28}},"197":{"start":{"line":212,"column":12},"end":{"line":212,"column":24}},"198":{"start":{"line":214,"column":8},"end":{"line":225,"column":10}},"199":{"start":{"line":215,"column":23},"end":{"line":215,"column":27}},"200":{"start":{"line":216,"column":12},"end":{"line":221,"column":15}},"201":{"start":{"line":217,"column":16},"end":{"line":220,"column":17}},"202":{"start":{"line":218,"column":20},"end":{"line":218,"column":33}},"203":{"start":{"line":219,"column":20},"end":{"line":219,"column":32}},"204":{"start":{"line":222,"column":12},"end":{"line":224,"column":13}},"205":{"start":{"line":223,"column":16},"end":{"line":223,"column":52}},"206":{"start":{"line":226,"column":8},"end":{"line":234,"column":10}},"207":{"start":{"line":227,"column":24},"end":{"line":227,"column":28}},"208":{"start":{"line":228,"column":12},"end":{"line":233,"column":15}},"209":{"start":{"line":229,"column":16},"end":{"line":232,"column":17}},"210":{"start":{"line":230,"column":20},"end":{"line":230,"column":56}},"211":{"start":{"line":231,"column":20},"end":{"line":231,"column":32}},"212":{"start":{"line":235,"column":8},"end":{"line":237,"column":10}},"213":{"start":{"line":236,"column":12},"end":{"line":236,"column":35}},"214":{"start":{"line":238,"column":8},"end":{"line":240,"column":10}},"215":{"start":{"line":239,"column":12},"end":{"line":239,"column":80}},"216":{"start":{"line":241,"column":8},"end":{"line":252,"column":10}},"217":{"start":{"line":242,"column":23},"end":{"line":242,"column":27}},"218":{"start":{"line":243,"column":12},"end":{"line":248,"column":15}},"219":{"start":{"line":244,"column":16},"end":{"line":247,"column":17}},"220":{"start":{"line":245,"column":20},"end":{"line":245,"column":33}},"221":{"start":{"line":246,"column":20},"end":{"line":246,"column":32}},"222":{"start":{"line":249,"column":12},"end":{"line":251,"column":13}},"223":{"start":{"line":250,"column":16},"end":{"line":250,"column":43}},"224":{"start":{"line":253,"column":8},"end":{"line":261,"column":10}},"225":{"start":{"line":254,"column":24},"end":{"line":254,"column":28}},"226":{"start":{"line":255,"column":12},"end":{"line":260,"column":15}},"227":{"start":{"line":256,"column":16},"end":{"line":259,"column":17}},"228":{"start":{"line":257,"column":20},"end":{"line":257,"column":52}},"229":{"start":{"line":258,"column":20},"end":{"line":258,"column":32}},"230":{"start":{"line":262,"column":8},"end":{"line":262,"column":24}},"231":{"start":{"line":280,"column":23},"end":{"line":280,"column":41}},"232":{"start":{"line":281,"column":26},"end":{"line":281,"column":47}},"233":{"start":{"line":282,"column":23},"end":{"line":282,"column":27}},"234":{"start":{"line":283,"column":27},"end":{"line":283,"column":36}},"235":{"start":{"line":284,"column":8},"end":{"line":341,"column":10}},"236":{"start":{"line":286,"column":16},"end":{"line":294,"column":19}},"237":{"start":{"line":287,"column":38},"end":{"line":287,"column":63}},"238":{"start":{"line":288,"column":20},"end":{"line":288,"column":50}},"239":{"start":{"line":289,"column":20},"end":{"line":292,"column":23}},"240":{"start":{"line":290,"column":24},"end":{"line":290,"column":57}},"241":{"start":{"line":291,"column":24},"end":{"line":291,"column":38}},"242":{"start":{"line":293,"column":20},"end":{"line":293,"column":80}},"243":{"start":{"line":297,"column":16},"end":{"line":297,"column":55}},"244":{"start":{"line":297,"column":40},"end":{"line":297,"column":53}},"245":{"start":{"line":298,"column":16},"end":{"line":300,"column":17}},"246":{"start":{"line":299,"column":20},"end":{"line":299,"column":43}},"247":{"start":{"line":301,"column":16},"end":{"line":316,"column":19}},"248":{"start":{"line":302,"column":38},"end":{"line":302,"column":46}},"249":{"start":{"line":303,"column":20},"end":{"line":305,"column":21}},"250":{"start":{"line":304,"column":24},"end":{"line":304,"column":57}},"251":{"start":{"line":306,"column":20},"end":{"line":315,"column":21}},"252":{"start":{"line":307,"column":24},"end":{"line":311,"column":27}},"253":{"start":{"line":308,"column":28},"end":{"line":308,"column":60}},"254":{"start":{"line":310,"column":28},"end":{"line":310,"column":61}},"255":{"start":{"line":314,"column":24},"end":{"line":314,"column":61}},"256":{"start":{"line":317,"column":16},"end":{"line":326,"column":17}},"257":{"start":{"line":318,"column":20},"end":{"line":321,"column":23}},"258":{"start":{"line":319,"column":24},"end":{"line":319,"column":87}},"259":{"start":{"line":320,"column":24},"end":{"line":320,"column":40}},"260":{"start":{"line":324,"column":20},"end":{"line":324,"column":87}},"261":{"start":{"line":325,"column":20},"end":{"line":325,"column":40}},"262":{"start":{"line":329,"column":16},"end":{"line":329,"column":51}},"263":{"start":{"line":332,"column":16},"end":{"line":332,"column":52}},"264":{"start":{"line":335,"column":16},"end":{"line":337,"column":19}},"265":{"start":{"line":336,"column":20},"end":{"line":336,"column":44}},"266":{"start":{"line":338,"column":16},"end":{"line":338,"column":39}},"267":{"start":{"line":339,"column":16},"end":{"line":339,"column":42}},"268":{"start":{"line":344,"column":31},"end":{"line":360,"column":15}},"269":{"start":{"line":345,"column":8},"end":{"line":345,"column":33}},"270":{"start":{"line":347,"column":24},"end":{"line":347,"column":80}},"271":{"start":{"line":348,"column":12},"end":{"line":348,"column":29}},"272":{"start":{"line":349,"column":12},"end":{"line":349,"column":25}},"273":{"start":{"line":351,"column":8},"end":{"line":355,"column":10}},"274":{"start":{"line":352,"column":25},"end":{"line":352,"column":40}},"275":{"start":{"line":353,"column":12},"end":{"line":353,"column":36}},"276":{"start":{"line":354,"column":12},"end":{"line":354,"column":62}},"277":{"start":{"line":356,"column":8},"end":{"line":358,"column":10}},"278":{"start":{"line":357,"column":12},"end":{"line":357,"column":35}},"279":{"start":{"line":359,"column":8},"end":{"line":359,"column":21}},"280":{"start":{"line":363,"column":8},"end":{"line":363,"column":51}},"281":{"start":{"line":364,"column":8},"end":{"line":364,"column":56}},"282":{"start":{"line":367,"column":8},"end":{"line":367,"column":54}},"283":{"start":{"line":368,"column":8},"end":{"line":368,"column":58}},"284":{"start":{"line":371,"column":44},"end":{"line":405,"column":7}},"285":{"start":{"line":373,"column":12},"end":{"line":373,"column":27}},"286":{"start":{"line":374,"column":12},"end":{"line":374,"column":27}},"287":{"start":{"line":375,"column":12},"end":{"line":375,"column":29}},"288":{"start":{"line":376,"column":12},"end":{"line":376,"column":29}},"289":{"start":{"line":377,"column":12},"end":{"line":377,"column":29}},"290":{"start":{"line":378,"column":12},"end":{"line":378,"column":29}},"291":{"start":{"line":379,"column":12},"end":{"line":381,"column":13}},"292":{"start":{"line":380,"column":16},"end":{"line":380,"column":37}},"293":{"start":{"line":383,"column":8},"end":{"line":385,"column":10}},"294":{"start":{"line":384,"column":12},"end":{"line":384,"column":40}},"295":{"start":{"line":386,"column":8},"end":{"line":400,"column":10}},"296":{"start":{"line":387,"column":12},"end":{"line":399,"column":13}},"297":{"start":{"line":388,"column":16},"end":{"line":395,"column":17}},"298":{"start":{"line":389,"column":31},"end":{"line":389,"column":55}},"299":{"start":{"line":390,"column":20},"end":{"line":390,"column":91}},"300":{"start":{"line":393,"column":20},"end":{"line":393,"column":39}},"301":{"start":{"line":394,"column":20},"end":{"line":394,"column":74}},"302":{"start":{"line":398,"column":16},"end":{"line":398,"column":56}},"303":{"start":{"line":401,"column":8},"end":{"line":403,"column":10}},"304":{"start":{"line":402,"column":12},"end":{"line":402,"column":88}},"305":{"start":{"line":404,"column":8},"end":{"line":404,"column":34}},"306":{"start":{"line":408,"column":4},"end":{"line":411,"column":36}},"307":{"start":{"line":409,"column":8},"end":{"line":409,"column":46}},"308":{"start":{"line":410,"column":8},"end":{"line":410,"column":44}},"309":{"start":{"line":412,"column":49},"end":{"line":514,"column":22}},"310":{"start":{"line":413,"column":8},"end":{"line":413,"column":51}},"311":{"start":{"line":415,"column":24},"end":{"line":415,"column":49}},"312":{"start":{"line":416,"column":12},"end":{"line":416,"column":42}},"313":{"start":{"line":417,"column":12},"end":{"line":417,"column":32}},"314":{"start":{"line":418,"column":12},"end":{"line":418,"column":35}},"315":{"start":{"line":419,"column":12},"end":{"line":419,"column":33}},"316":{"start":{"line":420,"column":12},"end":{"line":420,"column":37}},"317":{"start":{"line":421,"column":12},"end":{"line":421,"column":28}},"318":{"start":{"line":422,"column":12},"end":{"line":422,"column":39}},"319":{"start":{"line":423,"column":12},"end":{"line":423,"column":41}},"320":{"start":{"line":424,"column":12},"end":{"line":426,"column":13}},"321":{"start":{"line":425,"column":16},"end":{"line":425,"column":51}},"322":{"start":{"line":427,"column":12},"end":{"line":427,"column":87}},"323":{"start":{"line":428,"column":12},"end":{"line":428,"column":25}},"324":{"start":{"line":430,"column":8},"end":{"line":435,"column":10}},"325":{"start":{"line":431,"column":12},"end":{"line":433,"column":13}},"326":{"start":{"line":432,"column":16},"end":{"line":432,"column":28}},"327":{"start":{"line":434,"column":12},"end":{"line":434,"column":25}},"328":{"start":{"line":436,"column":8},"end":{"line":438,"column":10}},"329":{"start":{"line":437,"column":12},"end":{"line":437,"column":52}},"330":{"start":{"line":439,"column":8},"end":{"line":458,"column":10}},"331":{"start":{"line":440,"column":12},"end":{"line":440,"column":41}},"332":{"start":{"line":441,"column":28},"end":{"line":441,"column":37}},"333":{"start":{"line":442,"column":23},"end":{"line":442,"column":67}},"334":{"start":{"line":443,"column":12},"end":{"line":445,"column":13}},"335":{"start":{"line":444,"column":16},"end":{"line":444,"column":23}},"336":{"start":{"line":446,"column":12},"end":{"line":457,"column":13}},"337":{"start":{"line":447,"column":31},"end":{"line":447,"column":58}},"338":{"start":{"line":448,"column":31},"end":{"line":448,"column":77}},"339":{"start":{"line":449,"column":16},"end":{"line":456,"column":17}},"340":{"start":{"line":450,"column":20},"end":{"line":455,"column":21}},"341":{"start":{"line":451,"column":24},"end":{"line":453,"column":27}},"342":{"start":{"line":452,"column":28},"end":{"line":452,"column":56}},"343":{"start":{"line":454,"column":24},"end":{"line":454,"column":72}},"344":{"start":{"line":459,"column":8},"end":{"line":464,"column":10}},"345":{"start":{"line":460,"column":23},"end":{"line":460,"column":51}},"346":{"start":{"line":461,"column":22},"end":{"line":461,"column":92}},"347":{"start":{"line":462,"column":12},"end":{"line":462,"column":57}},"348":{"start":{"line":463,"column":12},"end":{"line":463,"column":24}},"349":{"start":{"line":465,"column":8},"end":{"line":467,"column":10}},"350":{"start":{"line":466,"column":12},"end":{"line":466,"column":46}},"351":{"start":{"line":468,"column":8},"end":{"line":473,"column":10}},"352":{"start":{"line":469,"column":12},"end":{"line":472,"column":13}},"353":{"start":{"line":470,"column":16},"end":{"line":470,"column":44}},"354":{"start":{"line":471,"column":16},"end":{"line":471,"column":89}},"355":{"start":{"line":474,"column":8},"end":{"line":477,"column":10}},"356":{"start":{"line":475,"column":12},"end":{"line":475,"column":41}},"357":{"start":{"line":476,"column":12},"end":{"line":476,"column":88}},"358":{"start":{"line":478,"column":8},"end":{"line":480,"column":10}},"359":{"start":{"line":479,"column":12},"end":{"line":479,"column":31}},"360":{"start":{"line":481,"column":8},"end":{"line":492,"column":10}},"361":{"start":{"line":482,"column":23},"end":{"line":482,"column":27}},"362":{"start":{"line":483,"column":12},"end":{"line":488,"column":15}},"363":{"start":{"line":484,"column":16},"end":{"line":487,"column":17}},"364":{"start":{"line":485,"column":20},"end":{"line":485,"column":33}},"365":{"start":{"line":486,"column":20},"end":{"line":486,"column":32}},"366":{"start":{"line":489,"column":12},"end":{"line":491,"column":13}},"367":{"start":{"line":490,"column":16},"end":{"line":490,"column":44}},"368":{"start":{"line":493,"column":8},"end":{"line":501,"column":10}},"369":{"start":{"line":494,"column":24},"end":{"line":494,"column":28}},"370":{"start":{"line":495,"column":12},"end":{"line":500,"column":15}},"371":{"start":{"line":496,"column":16},"end":{"line":499,"column":17}},"372":{"start":{"line":497,"column":20},"end":{"line":497,"column":52}},"373":{"start":{"line":498,"column":20},"end":{"line":498,"column":32}},"374":{"start":{"line":502,"column":8},"end":{"line":504,"column":10}},"375":{"start":{"line":503,"column":12},"end":{"line":503,"column":34}},"376":{"start":{"line":505,"column":8},"end":{"line":512,"column":10}},"377":{"start":{"line":506,"column":26},"end":{"line":506,"column":51}},"378":{"start":{"line":507,"column":12},"end":{"line":511,"column":13}},"379":{"start":{"line":508,"column":30},"end":{"line":508,"column":57}},"380":{"start":{"line":509,"column":16},"end":{"line":509,"column":46}},"381":{"start":{"line":510,"column":16},"end":{"line":510,"column":45}},"382":{"start":{"line":513,"column":8},"end":{"line":513,"column":39}},"383":{"start":{"line":516,"column":8},"end":{"line":516,"column":51}},"384":{"start":{"line":519,"column":38},"end":{"line":548,"column":7}},"385":{"start":{"line":521,"column":12},"end":{"line":521,"column":28}},"386":{"start":{"line":522,"column":12},"end":{"line":522,"column":27}},"387":{"start":{"line":523,"column":12},"end":{"line":523,"column":29}},"388":{"start":{"line":524,"column":12},"end":{"line":524,"column":30}},"389":{"start":{"line":525,"column":12},"end":{"line":525,"column":29}},"390":{"start":{"line":526,"column":12},"end":{"line":526,"column":29}},"391":{"start":{"line":527,"column":12},"end":{"line":529,"column":13}},"392":{"start":{"line":528,"column":16},"end":{"line":528,"column":37}},"393":{"start":{"line":531,"column":8},"end":{"line":533,"column":10}},"394":{"start":{"line":532,"column":12},"end":{"line":532,"column":40}},"395":{"start":{"line":534,"column":8},"end":{"line":543,"column":10}},"396":{"start":{"line":535,"column":12},"end":{"line":542,"column":13}},"397":{"start":{"line":536,"column":27},"end":{"line":536,"column":51}},"398":{"start":{"line":537,"column":16},"end":{"line":537,"column":87}},"399":{"start":{"line":540,"column":16},"end":{"line":540,"column":35}},"400":{"start":{"line":541,"column":16},"end":{"line":541,"column":28}},"401":{"start":{"line":544,"column":8},"end":{"line":546,"column":10}},"402":{"start":{"line":545,"column":12},"end":{"line":545,"column":83}},"403":{"start":{"line":547,"column":8},"end":{"line":547,"column":28}},"404":{"start":{"line":557,"column":4},"end":{"line":562,"column":32}},"405":{"start":{"line":558,"column":8},"end":{"line":558,"column":46}},"406":{"start":{"line":559,"column":8},"end":{"line":559,"column":44}},"407":{"start":{"line":560,"column":8},"end":{"line":560,"column":56}},"408":{"start":{"line":561,"column":8},"end":{"line":561,"column":46}},"409":{"start":{"line":563,"column":43},"end":{"line":753,"column":22}},"410":{"start":{"line":564,"column":8},"end":{"line":564,"column":45}},"411":{"start":{"line":566,"column":24},"end":{"line":566,"column":49}},"412":{"start":{"line":567,"column":12},"end":{"line":567,"column":32}},"413":{"start":{"line":568,"column":12},"end":{"line":568,"column":35}},"414":{"start":{"line":569,"column":12},"end":{"line":569,"column":40}},"415":{"start":{"line":570,"column":12},"end":{"line":570,"column":28}},"416":{"start":{"line":571,"column":12},"end":{"line":571,"column":33}},"417":{"start":{"line":572,"column":12},"end":{"line":572,"column":26}},"418":{"start":{"line":573,"column":12},"end":{"line":573,"column":31}},"419":{"start":{"line":574,"column":12},"end":{"line":574,"column":33}},"420":{"start":{"line":575,"column":12},"end":{"line":575,"column":36}},"421":{"start":{"line":576,"column":12},"end":{"line":576,"column":34}},"422":{"start":{"line":577,"column":12},"end":{"line":577,"column":42}},"423":{"start":{"line":578,"column":12},"end":{"line":578,"column":35}},"424":{"start":{"line":579,"column":12},"end":{"line":579,"column":43}},"425":{"start":{"line":580,"column":12},"end":{"line":580,"column":37}},"426":{"start":{"line":581,"column":12},"end":{"line":581,"column":39}},"427":{"start":{"line":582,"column":12},"end":{"line":582,"column":37}},"428":{"start":{"line":583,"column":12},"end":{"line":583,"column":47}},"429":{"start":{"line":584,"column":12},"end":{"line":588,"column":27}},"430":{"start":{"line":589,"column":12},"end":{"line":589,"column":25}},"431":{"start":{"line":591,"column":8},"end":{"line":625,"column":10}},"432":{"start":{"line":592,"column":12},"end":{"line":595,"column":13}},"433":{"start":{"line":593,"column":16},"end":{"line":593,"column":28}},"434":{"start":{"line":594,"column":16},"end":{"line":594,"column":23}},"435":{"start":{"line":596,"column":12},"end":{"line":624,"column":13}},"436":{"start":{"line":599,"column":31},"end":{"line":599,"column":35}},"437":{"start":{"line":600,"column":16},"end":{"line":605,"column":17}},"438":{"start":{"line":601,"column":20},"end":{"line":601,"column":68}},"439":{"start":{"line":603,"column":21},"end":{"line":605,"column":17}},"440":{"start":{"line":604,"column":20},"end":{"line":604,"column":65}},"441":{"start":{"line":606,"column":16},"end":{"line":623,"column":17}},"442":{"start":{"line":607,"column":20},"end":{"line":610,"column":21}},"443":{"start":{"line":608,"column":24},"end":{"line":608,"column":47}},"444":{"start":{"line":609,"column":24},"end":{"line":609,"column":31}},"445":{"start":{"line":611,"column":20},"end":{"line":614,"column":21}},"446":{"start":{"line":612,"column":24},"end":{"line":612,"column":41}},"447":{"start":{"line":613,"column":24},"end":{"line":613,"column":31}},"448":{"start":{"line":615,"column":20},"end":{"line":617,"column":21}},"449":{"start":{"line":616,"column":24},"end":{"line":616,"column":45}},"450":{"start":{"line":618,"column":20},"end":{"line":618,"column":50}},"451":{"start":{"line":619,"column":20},"end":{"line":619,"column":55}},"452":{"start":{"line":620,"column":20},"end":{"line":622,"column":23}},"453":{"start":{"line":621,"column":24},"end":{"line":621,"column":52}},"454":{"start":{"line":626,"column":8},"end":{"line":641,"column":10}},"455":{"start":{"line":627,"column":12},"end":{"line":630,"column":13}},"456":{"start":{"line":628,"column":16},"end":{"line":628,"column":69}},"457":{"start":{"line":629,"column":16},"end":{"line":629,"column":28}},"458":{"start":{"line":631,"column":12},"end":{"line":633,"column":13}},"459":{"start":{"line":632,"column":16},"end":{"line":632,"column":28}},"460":{"start":{"line":634,"column":12},"end":{"line":639,"column":13}},"461":{"start":{"line":635,"column":16},"end":{"line":635,"column":111}},"462":{"start":{"line":638,"column":16},"end":{"line":638,"column":193}},"463":{"start":{"line":640,"column":12},"end":{"line":640,"column":24}},"464":{"start":{"line":642,"column":8},"end":{"line":648,"column":10}},"465":{"start":{"line":643,"column":12},"end":{"line":647,"column":13}},"466":{"start":{"line":644,"column":16},"end":{"line":644,"column":48}},"467":{"start":{"line":645,"column":16},"end":{"line":645,"column":83}},"468":{"start":{"line":646,"column":16},"end":{"line":646,"column":31}},"469":{"start":{"line":649,"column":8},"end":{"line":653,"column":10}},"470":{"start":{"line":650,"column":12},"end":{"line":650,"column":39}},"471":{"start":{"line":651,"column":12},"end":{"line":651,"column":35}},"472":{"start":{"line":652,"column":12},"end":{"line":652,"column":82}},"473":{"start":{"line":654,"column":8},"end":{"line":656,"column":10}},"474":{"start":{"line":655,"column":12},"end":{"line":655,"column":31}},"475":{"start":{"line":657,"column":8},"end":{"line":668,"column":10}},"476":{"start":{"line":658,"column":23},"end":{"line":658,"column":27}},"477":{"start":{"line":659,"column":12},"end":{"line":664,"column":15}},"478":{"start":{"line":660,"column":16},"end":{"line":663,"column":17}},"479":{"start":{"line":661,"column":20},"end":{"line":661,"column":33}},"480":{"start":{"line":662,"column":20},"end":{"line":662,"column":32}},"481":{"start":{"line":665,"column":12},"end":{"line":667,"column":13}},"482":{"start":{"line":666,"column":16},"end":{"line":666,"column":44}},"483":{"start":{"line":669,"column":8},"end":{"line":677,"column":10}},"484":{"start":{"line":670,"column":24},"end":{"line":670,"column":28}},"485":{"start":{"line":671,"column":12},"end":{"line":676,"column":15}},"486":{"start":{"line":672,"column":16},"end":{"line":675,"column":17}},"487":{"start":{"line":673,"column":20},"end":{"line":673,"column":52}},"488":{"start":{"line":674,"column":20},"end":{"line":674,"column":32}},"489":{"start":{"line":678,"column":8},"end":{"line":683,"column":10}},"490":{"start":{"line":679,"column":12},"end":{"line":681,"column":13}},"491":{"start":{"line":680,"column":16},"end":{"line":680,"column":28}},"492":{"start":{"line":682,"column":12},"end":{"line":682,"column":25}},"493":{"start":{"line":684,"column":8},"end":{"line":686,"column":10}},"494":{"start":{"line":685,"column":12},"end":{"line":685,"column":33}},"495":{"start":{"line":687,"column":8},"end":{"line":689,"column":10}},"496":{"start":{"line":688,"column":12},"end":{"line":688,"column":34}},"497":{"start":{"line":690,"column":8},"end":{"line":692,"column":10}},"498":{"start":{"line":691,"column":12},"end":{"line":691,"column":31}},"499":{"start":{"line":693,"column":8},"end":{"line":695,"column":10}},"500":{"start":{"line":694,"column":12},"end":{"line":694,"column":32}},"501":{"start":{"line":696,"column":8},"end":{"line":700,"column":10}},"502":{"start":{"line":697,"column":12},"end":{"line":697,"column":38}},"503":{"start":{"line":698,"column":12},"end":{"line":698,"column":36}},"504":{"start":{"line":699,"column":12},"end":{"line":699,"column":46}},"505":{"start":{"line":701,"column":8},"end":{"line":714,"column":10}},"506":{"start":{"line":702,"column":24},"end":{"line":702,"column":28}},"507":{"start":{"line":703,"column":12},"end":{"line":713,"column":13}},"508":{"start":{"line":704,"column":16},"end":{"line":704,"column":34}},"509":{"start":{"line":705,"column":16},"end":{"line":705,"column":37}},"510":{"start":{"line":706,"column":16},"end":{"line":708,"column":43}},"511":{"start":{"line":707,"column":20},"end":{"line":707,"column":36}},"512":{"start":{"line":711,"column":16},"end":{"line":711,"column":72}},"513":{"start":{"line":712,"column":16},"end":{"line":712,"column":40}},"514":{"start":{"line":715,"column":8},"end":{"line":719,"column":10}},"515":{"start":{"line":716,"column":12},"end":{"line":716,"column":35}},"516":{"start":{"line":717,"column":12},"end":{"line":717,"column":38}},"517":{"start":{"line":718,"column":12},"end":{"line":718,"column":39}},"518":{"start":{"line":720,"column":8},"end":{"line":727,"column":10}},"519":{"start":{"line":721,"column":12},"end":{"line":726,"column":13}},"520":{"start":{"line":722,"column":30},"end":{"line":722,"column":56}},"521":{"start":{"line":723,"column":16},"end":{"line":725,"column":17}},"522":{"start":{"line":724,"column":20},"end":{"line":724,"column":35}},"523":{"start":{"line":728,"column":8},"end":{"line":732,"column":10}},"524":{"start":{"line":729,"column":12},"end":{"line":729,"column":39}},"525":{"start":{"line":730,"column":12},"end":{"line":730,"column":56}},"526":{"start":{"line":731,"column":12},"end":{"line":731,"column":35}},"527":{"start":{"line":733,"column":8},"end":{"line":744,"column":10}},"528":{"start":{"line":734,"column":12},"end":{"line":743,"column":13}},"529":{"start":{"line":736,"column":20},"end":{"line":736,"column":31}},"530":{"start":{"line":737,"column":20},"end":{"line":737,"column":27}},"531":{"start":{"line":739,"column":20},"end":{"line":739,"column":48}},"532":{"start":{"line":740,"column":20},"end":{"line":740,"column":27}},"533":{"start":{"line":742,"column":20},"end":{"line":742,"column":54}},"534":{"start":{"line":745,"column":8},"end":{"line":751,"column":10}},"535":{"start":{"line":746,"column":12},"end":{"line":746,"column":33}},"536":{"start":{"line":747,"column":12},"end":{"line":750,"column":13}},"537":{"start":{"line":748,"column":16},"end":{"line":748,"column":45}},"538":{"start":{"line":749,"column":16},"end":{"line":749,"column":38}},"539":{"start":{"line":752,"column":8},"end":{"line":752,"column":33}},"540":{"start":{"line":755,"column":8},"end":{"line":755,"column":45}},"541":{"start":{"line":758,"column":40},"end":{"line":809,"column":15}},"542":{"start":{"line":759,"column":8},"end":{"line":759,"column":42}},"543":{"start":{"line":761,"column":24},"end":{"line":761,"column":49}},"544":{"start":{"line":762,"column":12},"end":{"line":762,"column":31}},"545":{"start":{"line":763,"column":12},"end":{"line":763,"column":38}},"546":{"start":{"line":764,"column":12},"end":{"line":764,"column":53}},"547":{"start":{"line":765,"column":12},"end":{"line":765,"column":36}},"548":{"start":{"line":766,"column":12},"end":{"line":766,"column":25}},"549":{"start":{"line":768,"column":8},"end":{"line":780,"column":10}},"550":{"start":{"line":769,"column":30},"end":{"line":769,"column":69}},"551":{"start":{"line":770,"column":12},"end":{"line":778,"column":13}},"552":{"start":{"line":771,"column":16},"end":{"line":771,"column":49}},"553":{"start":{"line":774,"column":16},"end":{"line":774,"column":62}},"554":{"start":{"line":775,"column":16},"end":{"line":775,"column":69}},"555":{"start":{"line":776,"column":16},"end":{"line":776,"column":57}},"556":{"start":{"line":777,"column":16},"end":{"line":777,"column":63}},"557":{"start":{"line":779,"column":12},"end":{"line":779,"column":31}},"558":{"start":{"line":781,"column":8},"end":{"line":786,"column":10}},"559":{"start":{"line":782,"column":12},"end":{"line":782,"column":31}},"560":{"start":{"line":783,"column":12},"end":{"line":783,"column":64}},"561":{"start":{"line":784,"column":12},"end":{"line":784,"column":55}},"562":{"start":{"line":785,"column":12},"end":{"line":785,"column":61}},"563":{"start":{"line":787,"column":8},"end":{"line":792,"column":10}},"564":{"start":{"line":788,"column":30},"end":{"line":788,"column":62}},"565":{"start":{"line":789,"column":12},"end":{"line":791,"column":13}},"566":{"start":{"line":790,"column":16},"end":{"line":790,"column":58}},"567":{"start":{"line":793,"column":8},"end":{"line":807,"column":10}},"568":{"start":{"line":794,"column":24},"end":{"line":794,"column":28}},"569":{"start":{"line":795,"column":26},"end":{"line":795,"column":28}},"570":{"start":{"line":796,"column":12},"end":{"line":805,"column":15}},"571":{"start":{"line":797,"column":29},"end":{"line":801,"column":18}},"572":{"start":{"line":798,"column":20},"end":{"line":800,"column":21}},"573":{"start":{"line":799,"column":24},"end":{"line":799,"column":36}},"574":{"start":{"line":802,"column":16},"end":{"line":804,"column":17}},"575":{"start":{"line":803,"column":20},"end":{"line":803,"column":41}},"576":{"start":{"line":806,"column":12},"end":{"line":806,"column":27}},"577":{"start":{"line":808,"column":8},"end":{"line":808,"column":30}},"578":{"start":{"line":811,"column":38},"end":{"line":830,"column":21}},"579":{"start":{"line":812,"column":8},"end":{"line":812,"column":40}},"580":{"start":{"line":814,"column":12},"end":{"line":814,"column":76}},"581":{"start":{"line":816,"column":8},"end":{"line":824,"column":10}},"582":{"start":{"line":817,"column":23},"end":{"line":817,"column":57}},"583":{"start":{"line":818,"column":30},"end":{"line":821,"column":14}},"584":{"start":{"line":822,"column":12},"end":{"line":822,"column":38}},"585":{"start":{"line":823,"column":12},"end":{"line":823,"column":31}},"586":{"start":{"line":825,"column":8},"end":{"line":828,"column":10}},"587":{"start":{"line":826,"column":24},"end":{"line":826,"column":42}},"588":{"start":{"line":827,"column":12},"end":{"line":827,"column":39}},"589":{"start":{"line":829,"column":8},"end":{"line":829,"column":28}},"590":{"start":{"line":832,"column":38},"end":{"line":882,"column":21}},"591":{"start":{"line":833,"column":8},"end":{"line":833,"column":40}},"592":{"start":{"line":835,"column":12},"end":{"line":835,"column":76}},"593":{"start":{"line":837,"column":8},"end":{"line":848,"column":10}},"594":{"start":{"line":838,"column":28},"end":{"line":838,"column":74}},"595":{"start":{"line":839,"column":26},"end":{"line":839,"column":72}},"596":{"start":{"line":840,"column":12},"end":{"line":843,"column":13}},"597":{"start":{"line":841,"column":26},"end":{"line":841,"column":75}},"598":{"start":{"line":842,"column":16},"end":{"line":842,"column":40}},"599":{"start":{"line":844,"column":30},"end":{"line":844,"column":111}},"600":{"start":{"line":845,"column":12},"end":{"line":845,"column":43}},"601":{"start":{"line":846,"column":12},"end":{"line":846,"column":44}},"602":{"start":{"line":847,"column":12},"end":{"line":847,"column":31}},"603":{"start":{"line":849,"column":8},"end":{"line":862,"column":10}},"604":{"start":{"line":850,"column":28},"end":{"line":850,"column":87}},"605":{"start":{"line":851,"column":26},"end":{"line":851,"column":84}},"606":{"start":{"line":852,"column":12},"end":{"line":855,"column":13}},"607":{"start":{"line":853,"column":26},"end":{"line":853,"column":75}},"608":{"start":{"line":854,"column":16},"end":{"line":854,"column":40}},"609":{"start":{"line":856,"column":12},"end":{"line":860,"column":15}},"610":{"start":{"line":861,"column":12},"end":{"line":861,"column":31}},"611":{"start":{"line":863,"column":8},"end":{"line":867,"column":10}},"612":{"start":{"line":864,"column":12},"end":{"line":866,"column":13}},"613":{"start":{"line":865,"column":16},"end":{"line":865,"column":75}},"614":{"start":{"line":868,"column":8},"end":{"line":880,"column":10}},"615":{"start":{"line":869,"column":12},"end":{"line":871,"column":13}},"616":{"start":{"line":870,"column":16},"end":{"line":870,"column":32}},"617":{"start":{"line":872,"column":29},"end":{"line":872,"column":54}},"618":{"start":{"line":873,"column":12},"end":{"line":878,"column":13}},"619":{"start":{"line":874,"column":16},"end":{"line":874,"column":39}},"620":{"start":{"line":877,"column":16},"end":{"line":877,"column":45}},"621":{"start":{"line":879,"column":12},"end":{"line":879,"column":23}},"622":{"start":{"line":881,"column":8},"end":{"line":881,"column":28}},"623":{"start":{"line":884,"column":4},"end":{"line":884,"column":46}},"624":{"start":{"line":885,"column":4},"end":{"line":885,"column":32}},"625":{"start":{"line":886,"column":4},"end":{"line":886,"column":62}},"626":{"start":{"line":887,"column":4},"end":{"line":887,"column":26}},"627":{"start":{"line":888,"column":4},"end":{"line":888,"column":40}},"628":{"start":{"line":889,"column":4},"end":{"line":889,"column":44}},"629":{"start":{"line":890,"column":4},"end":{"line":890,"column":40}},"630":{"start":{"line":891,"column":4},"end":{"line":891,"column":50}},"631":{"start":{"line":892,"column":4},"end":{"line":892,"column":74}},"632":{"start":{"line":893,"column":4},"end":{"line":893,"column":56}},"633":{"start":{"line":894,"column":4},"end":{"line":894,"column":58}},"634":{"start":{"line":895,"column":4},"end":{"line":895,"column":62}},"635":{"start":{"line":897,"column":4},"end":{"line":897,"column":66}}},"fnMap":{"0":{"name":"(anonymous_0)","decl":{"start":{"line":1,"column":1},"end":{"line":1,"column":2}},"loc":{"start":{"line":1,"column":28},"end":{"line":5,"column":1}},"line":1},"1":{"name":"(anonymous_1)","decl":{"start":{"line":5,"column":10},"end":{"line":5,"column":11}},"loc":{"start":{"line":5,"column":29},"end":{"line":899,"column":1}},"line":5},"2":{"name":"(anonymous_2)","decl":{"start":{"line":23,"column":24},"end":{"line":23,"column":25}},"loc":{"start":{"line":23,"column":39},"end":{"line":28,"column":5}},"line":23},"3":{"name":"(anonymous_3)","decl":{"start":{"line":25,"column":51},"end":{"line":25,"column":52}},"loc":{"start":{"line":25,"column":67},"end":{"line":25,"column":87}},"line":25},"4":{"name":"(anonymous_4)","decl":{"start":{"line":26,"column":12},"end":{"line":26,"column":13}},"loc":{"start":{"line":26,"column":28},"end":{"line":26,"column":109}},"line":26},"5":{"name":"__extends","decl":{"start":{"line":30,"column":13},"end":{"line":30,"column":22}},"loc":{"start":{"line":30,"column":29},"end":{"line":36,"column":5}},"line":30},"6":{"name":"__","decl":{"start":{"line":34,"column":17},"end":{"line":34,"column":19}},"loc":{"start":{"line":34,"column":22},"end":{"line":34,"column":47}},"line":34},"7":{"name":"(anonymous_7)","decl":{"start":{"line":38,"column":19},"end":{"line":38,"column":20}},"loc":{"start":{"line":38,"column":30},"end":{"line":47,"column":5}},"line":38},"8":{"name":"__assign","decl":{"start":{"line":39,"column":45},"end":{"line":39,"column":53}},"loc":{"start":{"line":39,"column":57},"end":{"line":45,"column":9}},"line":39},"9":{"name":"(anonymous_9)","decl":{"start":{"line":49,"column":41},"end":{"line":49,"column":42}},"loc":{"start":{"line":49,"column":53},"end":{"line":53,"column":5}},"line":49},"10":{"name":"BaseTransceiver","decl":{"start":{"line":50,"column":17},"end":{"line":50,"column":32}},"loc":{"start":{"line":50,"column":35},"end":{"line":51,"column":9}},"line":50},"11":{"name":"isObject","decl":{"start":{"line":55,"column":13},"end":{"line":55,"column":21}},"loc":{"start":{"line":55,"column":27},"end":{"line":57,"column":5}},"line":55},"12":{"name":"isArray","decl":{"start":{"line":58,"column":13},"end":{"line":58,"column":20}},"loc":{"start":{"line":58,"column":26},"end":{"line":60,"column":5}},"line":58},"13":{"name":"isString","decl":{"start":{"line":61,"column":13},"end":{"line":61,"column":21}},"loc":{"start":{"line":61,"column":27},"end":{"line":63,"column":5}},"line":61},"14":{"name":"isFunction","decl":{"start":{"line":64,"column":13},"end":{"line":64,"column":23}},"loc":{"start":{"line":64,"column":29},"end":{"line":66,"column":5}},"line":64},"15":{"name":"isEmpty","decl":{"start":{"line":74,"column":13},"end":{"line":74,"column":20}},"loc":{"start":{"line":74,"column":26},"end":{"line":76,"column":5}},"line":74},"16":{"name":"walkArray","decl":{"start":{"line":77,"column":13},"end":{"line":77,"column":22}},"loc":{"start":{"line":77,"column":48},"end":{"line":92,"column":5}},"line":77},"17":{"name":"getQueryByUrl","decl":{"start":{"line":93,"column":13},"end":{"line":93,"column":26}},"loc":{"start":{"line":93,"column":32},"end":{"line":104,"column":5}},"line":93},"18":{"name":"(anonymous_18)","decl":{"start":{"line":110,"column":5},"end":{"line":110,"column":6}},"loc":{"start":{"line":110,"column":32},"end":{"line":125,"column":5}},"line":110},"19":{"name":"(anonymous_19)","decl":{"start":{"line":111,"column":6},"end":{"line":111,"column":7}},"loc":{"start":{"line":111,"column":19},"end":{"line":111,"column":40}},"line":111},"20":{"name":"(anonymous_20)","decl":{"start":{"line":111,"column":57},"end":{"line":111,"column":58}},"loc":{"start":{"line":111,"column":67},"end":{"line":124,"column":3001}},"line":111},"21":{"name":"t","decl":{"start":{"line":124,"column":98},"end":{"line":124,"column":99}},"loc":{"start":{"line":124,"column":106},"end":{"line":124,"column":282}},"line":124},"22":{"name":"e","decl":{"start":{"line":124,"column":291},"end":{"line":124,"column":292}},"loc":{"start":{"line":124,"column":295},"end":{"line":124,"column":356}},"line":124},"23":{"name":"n","decl":{"start":{"line":124,"column":365},"end":{"line":124,"column":366}},"loc":{"start":{"line":124,"column":369},"end":{"line":124,"column":430}},"line":124},"24":{"name":"r","decl":{"start":{"line":124,"column":439},"end":{"line":124,"column":440}},"loc":{"start":{"line":124,"column":443},"end":{"line":124,"column":503}},"line":124},"25":{"name":"o","decl":{"start":{"line":124,"column":512},"end":{"line":124,"column":513}},"loc":{"start":{"line":124,"column":516},"end":{"line":124,"column":532}},"line":124},"26":{"name":"i","decl":{"start":{"line":124,"column":541},"end":{"line":124,"column":542}},"loc":{"start":{"line":124,"column":551},"end":{"line":124,"column":817}},"line":124},"27":{"name":"(anonymous_27)","decl":{"start":{"line":124,"column":823},"end":{"line":124,"column":824}},"loc":{"start":{"line":124,"column":833},"end":{"line":124,"column":1695}},"line":124},"28":{"name":"t","decl":{"start":{"line":124,"column":843},"end":{"line":124,"column":844}},"loc":{"start":{"line":124,"column":847},"end":{"line":124,"column":891}},"line":124},"29":{"name":"(anonymous_29)","decl":{"start":{"line":124,"column":922},"end":{"line":124,"column":923}},"loc":{"start":{"line":124,"column":937},"end":{"line":124,"column":988}},"line":124},"30":{"name":"(anonymous_30)","decl":{"start":{"line":124,"column":1013},"end":{"line":124,"column":1014}},"loc":{"start":{"line":124,"column":1024},"end":{"line":124,"column":1125}},"line":124},"31":{"name":"(anonymous_31)","decl":{"start":{"line":124,"column":1062},"end":{"line":124,"column":1063}},"loc":{"start":{"line":124,"column":1077},"end":{"line":124,"column":1120}},"line":124},"32":{"name":"(anonymous_32)","decl":{"start":{"line":124,"column":1154},"end":{"line":124,"column":1155}},"loc":{"start":{"line":124,"column":1167},"end":{"line":124,"column":1503}},"line":124},"33":{"name":"(anonymous_33)","decl":{"start":{"line":124,"column":1529},"end":{"line":124,"column":1530}},"loc":{"start":{"line":124,"column":1540},"end":{"line":124,"column":1692}},"line":124},"34":{"name":"(anonymous_34)","decl":{"start":{"line":124,"column":1542},"end":{"line":124,"column":1543}},"loc":{"start":{"line":124,"column":1557},"end":{"line":124,"column":1640}},"line":124},"35":{"name":"(anonymous_35)","decl":{"start":{"line":124,"column":1656},"end":{"line":124,"column":1657}},"loc":{"start":{"line":124,"column":1671},"end":{"line":124,"column":1688}},"line":124},"36":{"name":"(anonymous_36)","decl":{"start":{"line":124,"column":1700},"end":{"line":124,"column":1701}},"loc":{"start":{"line":124,"column":1710},"end":{"line":124,"column":2989}},"line":124},"37":{"name":"n","decl":{"start":{"line":124,"column":1720},"end":{"line":124,"column":1721}},"loc":{"start":{"line":124,"column":1723},"end":{"line":124,"column":1763}},"line":124},"38":{"name":"(anonymous_38)","decl":{"start":{"line":124,"column":1785},"end":{"line":124,"column":1786}},"loc":{"start":{"line":124,"column":1802},"end":{"line":124,"column":2012}},"line":124},"39":{"name":"(anonymous_39)","decl":{"start":{"line":124,"column":2030},"end":{"line":124,"column":2031}},"loc":{"start":{"line":124,"column":2045},"end":{"line":124,"column":2070}},"line":124},"40":{"name":"(anonymous_40)","decl":{"start":{"line":124,"column":2088},"end":{"line":124,"column":2089}},"loc":{"start":{"line":124,"column":2099},"end":{"line":124,"column":2250}},"line":124},"41":{"name":"(anonymous_41)","decl":{"start":{"line":124,"column":2275},"end":{"line":124,"column":2276}},"loc":{"start":{"line":124,"column":2286},"end":{"line":124,"column":2437}},"line":124},"42":{"name":"(anonymous_42)","decl":{"start":{"line":124,"column":2460},"end":{"line":124,"column":2461}},"loc":{"start":{"line":124,"column":2471},"end":{"line":124,"column":2622}},"line":124},"43":{"name":"(anonymous_43)","decl":{"start":{"line":124,"column":2652},"end":{"line":124,"column":2653}},"loc":{"start":{"line":124,"column":2663},"end":{"line":124,"column":2814}},"line":124},"44":{"name":"(anonymous_44)","decl":{"start":{"line":124,"column":2831},"end":{"line":124,"column":2832}},"loc":{"start":{"line":124,"column":2844},"end":{"line":124,"column":2929}},"line":124},"45":{"name":"(anonymous_45)","decl":{"start":{"line":124,"column":2948},"end":{"line":124,"column":2949}},"loc":{"start":{"line":124,"column":2958},"end":{"line":124,"column":2986}},"line":124},"46":{"name":"(anonymous_46)","decl":{"start":{"line":129,"column":17},"end":{"line":129,"column":18}},"loc":{"start":{"line":130,"column":6},"end":{"line":142,"column":12}},"line":130},"47":{"name":"(anonymous_47)","decl":{"start":{"line":130,"column":58},"end":{"line":130,"column":59}},"loc":{"start":{"line":130,"column":72},"end":{"line":142,"column":7}},"line":130},"48":{"name":"(anonymous_48)","decl":{"start":{"line":144,"column":34},"end":{"line":144,"column":35}},"loc":{"start":{"line":144,"column":52},"end":{"line":263,"column":5}},"line":144},"49":{"name":"EventBus","decl":{"start":{"line":146,"column":17},"end":{"line":146,"column":25}},"loc":{"start":{"line":146,"column":28},"end":{"line":152,"column":9}},"line":146},"50":{"name":"(anonymous_50)","decl":{"start":{"line":153,"column":34},"end":{"line":153,"column":35}},"loc":{"start":{"line":153,"column":83},"end":{"line":213,"column":9}},"line":153},"51":{"name":"(anonymous_51)","decl":{"start":{"line":165,"column":44},"end":{"line":165,"column":45}},"loc":{"start":{"line":165,"column":63},"end":{"line":178,"column":21}},"line":165},"52":{"name":"(anonymous_52)","decl":{"start":{"line":197,"column":38},"end":{"line":197,"column":39}},"loc":{"start":{"line":197,"column":57},"end":{"line":199,"column":17}},"line":197},"53":{"name":"(anonymous_53)","decl":{"start":{"line":214,"column":45},"end":{"line":214,"column":46}},"loc":{"start":{"line":214,"column":68},"end":{"line":225,"column":9}},"line":214},"54":{"name":"(anonymous_54)","decl":{"start":{"line":216,"column":41},"end":{"line":216,"column":42}},"loc":{"start":{"line":216,"column":59},"end":{"line":221,"column":13}},"line":216},"55":{"name":"(anonymous_55)","decl":{"start":{"line":226,"column":47},"end":{"line":226,"column":48}},"loc":{"start":{"line":226,"column":70},"end":{"line":234,"column":9}},"line":226},"56":{"name":"(anonymous_56)","decl":{"start":{"line":228,"column":41},"end":{"line":228,"column":42}},"loc":{"start":{"line":228,"column":66},"end":{"line":233,"column":13}},"line":228},"57":{"name":"(anonymous_57)","decl":{"start":{"line":235,"column":46},"end":{"line":235,"column":47}},"loc":{"start":{"line":235,"column":58},"end":{"line":237,"column":9}},"line":235},"58":{"name":"(anonymous_58)","decl":{"start":{"line":238,"column":39},"end":{"line":238,"column":40}},"loc":{"start":{"line":238,"column":55},"end":{"line":240,"column":9}},"line":238},"59":{"name":"(anonymous_59)","decl":{"start":{"line":241,"column":40},"end":{"line":241,"column":41}},"loc":{"start":{"line":241,"column":58},"end":{"line":252,"column":9}},"line":241},"60":{"name":"(anonymous_60)","decl":{"start":{"line":243,"column":37},"end":{"line":243,"column":38}},"loc":{"start":{"line":243,"column":62},"end":{"line":248,"column":13}},"line":243},"61":{"name":"(anonymous_61)","decl":{"start":{"line":253,"column":43},"end":{"line":253,"column":44}},"loc":{"start":{"line":253,"column":61},"end":{"line":261,"column":9}},"line":253},"62":{"name":"(anonymous_62)","decl":{"start":{"line":255,"column":37},"end":{"line":255,"column":38}},"loc":{"start":{"line":255,"column":62},"end":{"line":260,"column":13}},"line":255},"63":{"name":"createVirtualService","decl":{"start":{"line":279,"column":13},"end":{"line":279,"column":33}},"loc":{"start":{"line":279,"column":55},"end":{"line":342,"column":5}},"line":279},"64":{"name":"(anonymous_64)","decl":{"start":{"line":285,"column":17},"end":{"line":285,"column":18}},"loc":{"start":{"line":285,"column":29},"end":{"line":295,"column":13}},"line":285},"65":{"name":"(anonymous_65)","decl":{"start":{"line":286,"column":35},"end":{"line":286,"column":36}},"loc":{"start":{"line":286,"column":54},"end":{"line":294,"column":17}},"line":286},"66":{"name":"(anonymous_66)","decl":{"start":{"line":289,"column":47},"end":{"line":289,"column":48}},"loc":{"start":{"line":289,"column":63},"end":{"line":292,"column":21}},"line":289},"67":{"name":"(anonymous_67)","decl":{"start":{"line":296,"column":17},"end":{"line":296,"column":18}},"loc":{"start":{"line":296,"column":44},"end":{"line":327,"column":13}},"line":296},"68":{"name":"(anonymous_68)","decl":{"start":{"line":301,"column":38},"end":{"line":301,"column":39}},"loc":{"start":{"line":301,"column":62},"end":{"line":316,"column":17}},"line":301},"69":{"name":"(anonymous_69)","decl":{"start":{"line":307,"column":36},"end":{"line":307,"column":37}},"loc":{"start":{"line":307,"column":55},"end":{"line":309,"column":25}},"line":307},"70":{"name":"(anonymous_70)","decl":{"start":{"line":309,"column":32},"end":{"line":309,"column":33}},"loc":{"start":{"line":309,"column":48},"end":{"line":311,"column":25}},"line":309},"71":{"name":"(anonymous_71)","decl":{"start":{"line":318,"column":51},"end":{"line":318,"column":52}},"loc":{"start":{"line":318,"column":67},"end":{"line":321,"column":21}},"line":318},"72":{"name":"(anonymous_72)","decl":{"start":{"line":328,"column":16},"end":{"line":328,"column":17}},"loc":{"start":{"line":328,"column":36},"end":{"line":330,"column":13}},"line":328},"73":{"name":"(anonymous_73)","decl":{"start":{"line":331,"column":17},"end":{"line":331,"column":18}},"loc":{"start":{"line":331,"column":37},"end":{"line":333,"column":13}},"line":331},"74":{"name":"(anonymous_74)","decl":{"start":{"line":334,"column":21},"end":{"line":334,"column":22}},"loc":{"start":{"line":334,"column":33},"end":{"line":340,"column":13}},"line":334},"75":{"name":"(anonymous_75)","decl":{"start":{"line":335,"column":37},"end":{"line":335,"column":38}},"loc":{"start":{"line":335,"column":58},"end":{"line":337,"column":17}},"line":335},"76":{"name":"(anonymous_76)","decl":{"start":{"line":344,"column":31},"end":{"line":344,"column":32}},"loc":{"start":{"line":344,"column":49},"end":{"line":360,"column":5}},"line":344},"77":{"name":"Store","decl":{"start":{"line":346,"column":17},"end":{"line":346,"column":22}},"loc":{"start":{"line":346,"column":25},"end":{"line":350,"column":9}},"line":346},"78":{"name":"(anonymous_78)","decl":{"start":{"line":351,"column":30},"end":{"line":351,"column":31}},"loc":{"start":{"line":351,"column":52},"end":{"line":355,"column":9}},"line":351},"79":{"name":"(anonymous_79)","decl":{"start":{"line":356,"column":30},"end":{"line":356,"column":31}},"loc":{"start":{"line":356,"column":45},"end":{"line":358,"column":9}},"line":356},"80":{"name":"hingeJointTransceiver","decl":{"start":{"line":362,"column":13},"end":{"line":362,"column":34}},"loc":{"start":{"line":362,"column":68},"end":{"line":365,"column":5}},"line":362},"81":{"name":"unHingeJointTransceiver","decl":{"start":{"line":366,"column":13},"end":{"line":366,"column":36}},"loc":{"start":{"line":366,"column":70},"end":{"line":369,"column":5}},"line":366},"82":{"name":"(anonymous_82)","decl":{"start":{"line":371,"column":44},"end":{"line":371,"column":45}},"loc":{"start":{"line":371,"column":56},"end":{"line":405,"column":5}},"line":371},"83":{"name":"LocalStorageSignal","decl":{"start":{"line":372,"column":17},"end":{"line":372,"column":35}},"loc":{"start":{"line":372,"column":62},"end":{"line":382,"column":9}},"line":372},"84":{"name":"(anonymous_84)","decl":{"start":{"line":383,"column":49},"end":{"line":383,"column":50}},"loc":{"start":{"line":383,"column":61},"end":{"line":385,"column":9}},"line":383},"85":{"name":"(anonymous_85)","decl":{"start":{"line":386,"column":41},"end":{"line":386,"column":42}},"loc":{"start":{"line":386,"column":71},"end":{"line":400,"column":9}},"line":386},"86":{"name":"(anonymous_86)","decl":{"start":{"line":401,"column":38},"end":{"line":401,"column":39}},"loc":{"start":{"line":401,"column":54},"end":{"line":403,"column":9}},"line":401},"87":{"name":"(anonymous_87)","decl":{"start":{"line":408,"column":5},"end":{"line":408,"column":6}},"loc":{"start":{"line":408,"column":23},"end":{"line":411,"column":5}},"line":408},"88":{"name":"(anonymous_88)","decl":{"start":{"line":412,"column":49},"end":{"line":412,"column":50}},"loc":{"start":{"line":412,"column":67},"end":{"line":514,"column":5}},"line":412},"89":{"name":"LocalStorageTransceiver","decl":{"start":{"line":414,"column":17},"end":{"line":414,"column":40}},"loc":{"start":{"line":414,"column":49},"end":{"line":429,"column":9}},"line":414},"90":{"name":"(anonymous_90)","decl":{"start":{"line":430,"column":56},"end":{"line":430,"column":57}},"loc":{"start":{"line":430,"column":77},"end":{"line":435,"column":9}},"line":430},"91":{"name":"(anonymous_91)","decl":{"start":{"line":436,"column":56},"end":{"line":436,"column":57}},"loc":{"start":{"line":436,"column":72},"end":{"line":438,"column":9}},"line":436},"92":{"name":"(anonymous_92)","decl":{"start":{"line":439,"column":59},"end":{"line":439,"column":60}},"loc":{"start":{"line":439,"column":76},"end":{"line":458,"column":9}},"line":439},"93":{"name":"(anonymous_93)","decl":{"start":{"line":451,"column":49},"end":{"line":451,"column":50}},"loc":{"start":{"line":451,"column":68},"end":{"line":453,"column":25}},"line":451},"94":{"name":"(anonymous_94)","decl":{"start":{"line":459,"column":49},"end":{"line":459,"column":50}},"loc":{"start":{"line":459,"column":84},"end":{"line":464,"column":9}},"line":459},"95":{"name":"(anonymous_95)","decl":{"start":{"line":465,"column":57},"end":{"line":465,"column":58}},"loc":{"start":{"line":465,"column":78},"end":{"line":467,"column":9}},"line":465},"96":{"name":"(anonymous_96)","decl":{"start":{"line":468,"column":50},"end":{"line":468,"column":51}},"loc":{"start":{"line":468,"column":62},"end":{"line":473,"column":9}},"line":468},"97":{"name":"(anonymous_97)","decl":{"start":{"line":474,"column":49},"end":{"line":474,"column":50}},"loc":{"start":{"line":474,"column":61},"end":{"line":477,"column":9}},"line":474},"98":{"name":"(anonymous_98)","decl":{"start":{"line":478,"column":57},"end":{"line":478,"column":58}},"loc":{"start":{"line":478,"column":69},"end":{"line":480,"column":9}},"line":478},"99":{"name":"(anonymous_99)","decl":{"start":{"line":481,"column":55},"end":{"line":481,"column":56}},"loc":{"start":{"line":481,"column":74},"end":{"line":492,"column":9}},"line":481},"100":{"name":"(anonymous_100)","decl":{"start":{"line":483,"column":37},"end":{"line":483,"column":38}},"loc":{"start":{"line":483,"column":55},"end":{"line":488,"column":13}},"line":483},"101":{"name":"(anonymous_101)","decl":{"start":{"line":493,"column":58},"end":{"line":493,"column":59}},"loc":{"start":{"line":493,"column":77},"end":{"line":501,"column":9}},"line":493},"102":{"name":"(anonymous_102)","decl":{"start":{"line":495,"column":37},"end":{"line":495,"column":38}},"loc":{"start":{"line":495,"column":62},"end":{"line":500,"column":13}},"line":495},"103":{"name":"(anonymous_103)","decl":{"start":{"line":502,"column":56},"end":{"line":502,"column":57}},"loc":{"start":{"line":502,"column":68},"end":{"line":504,"column":9}},"line":502},"104":{"name":"(anonymous_104)","decl":{"start":{"line":505,"column":63},"end":{"line":505,"column":64}},"loc":{"start":{"line":505,"column":75},"end":{"line":512,"column":9}},"line":505},"105":{"name":"createLocalStorageTransceiver","decl":{"start":{"line":515,"column":13},"end":{"line":515,"column":42}},"loc":{"start":{"line":515,"column":51},"end":{"line":517,"column":5}},"line":515},"106":{"name":"(anonymous_106)","decl":{"start":{"line":519,"column":38},"end":{"line":519,"column":39}},"loc":{"start":{"line":519,"column":50},"end":{"line":548,"column":5}},"line":519},"107":{"name":"WindowSignal","decl":{"start":{"line":520,"column":17},"end":{"line":520,"column":29}},"loc":{"start":{"line":520,"column":56},"end":{"line":530,"column":9}},"line":520},"108":{"name":"(anonymous_108)","decl":{"start":{"line":531,"column":43},"end":{"line":531,"column":44}},"loc":{"start":{"line":531,"column":55},"end":{"line":533,"column":9}},"line":531},"109":{"name":"(anonymous_109)","decl":{"start":{"line":534,"column":35},"end":{"line":534,"column":36}},"loc":{"start":{"line":534,"column":59},"end":{"line":543,"column":9}},"line":534},"110":{"name":"(anonymous_110)","decl":{"start":{"line":544,"column":32},"end":{"line":544,"column":33}},"loc":{"start":{"line":544,"column":48},"end":{"line":546,"column":9}},"line":544},"111":{"name":"(anonymous_111)","decl":{"start":{"line":557,"column":5},"end":{"line":557,"column":6}},"loc":{"start":{"line":557,"column":23},"end":{"line":562,"column":5}},"line":557},"112":{"name":"(anonymous_112)","decl":{"start":{"line":563,"column":43},"end":{"line":563,"column":44}},"loc":{"start":{"line":563,"column":61},"end":{"line":753,"column":5}},"line":563},"113":{"name":"WindowTransceiver","decl":{"start":{"line":565,"column":17},"end":{"line":565,"column":34}},"loc":{"start":{"line":565,"column":43},"end":{"line":590,"column":9}},"line":565},"114":{"name":"(anonymous_114)","decl":{"start":{"line":591,"column":53},"end":{"line":591,"column":54}},"loc":{"start":{"line":591,"column":70},"end":{"line":625,"column":9}},"line":591},"115":{"name":"(anonymous_115)","decl":{"start":{"line":620,"column":45},"end":{"line":620,"column":46}},"loc":{"start":{"line":620,"column":64},"end":{"line":622,"column":21}},"line":620},"116":{"name":"(anonymous_116)","decl":{"start":{"line":626,"column":43},"end":{"line":626,"column":44}},"loc":{"start":{"line":626,"column":78},"end":{"line":641,"column":9}},"line":626},"117":{"name":"(anonymous_117)","decl":{"start":{"line":642,"column":44},"end":{"line":642,"column":45}},"loc":{"start":{"line":642,"column":56},"end":{"line":648,"column":9}},"line":642},"118":{"name":"(anonymous_118)","decl":{"start":{"line":649,"column":43},"end":{"line":649,"column":44}},"loc":{"start":{"line":649,"column":55},"end":{"line":653,"column":9}},"line":649},"119":{"name":"(anonymous_119)","decl":{"start":{"line":654,"column":51},"end":{"line":654,"column":52}},"loc":{"start":{"line":654,"column":63},"end":{"line":656,"column":9}},"line":654},"120":{"name":"(anonymous_120)","decl":{"start":{"line":657,"column":49},"end":{"line":657,"column":50}},"loc":{"start":{"line":657,"column":68},"end":{"line":668,"column":9}},"line":657},"121":{"name":"(anonymous_121)","decl":{"start":{"line":659,"column":37},"end":{"line":659,"column":38}},"loc":{"start":{"line":659,"column":55},"end":{"line":664,"column":13}},"line":659},"122":{"name":"(anonymous_122)","decl":{"start":{"line":669,"column":52},"end":{"line":669,"column":53}},"loc":{"start":{"line":669,"column":71},"end":{"line":677,"column":9}},"line":669},"123":{"name":"(anonymous_123)","decl":{"start":{"line":671,"column":37},"end":{"line":671,"column":38}},"loc":{"start":{"line":671,"column":62},"end":{"line":676,"column":13}},"line":671},"124":{"name":"(anonymous_124)","decl":{"start":{"line":678,"column":50},"end":{"line":678,"column":51}},"loc":{"start":{"line":678,"column":62},"end":{"line":683,"column":9}},"line":678},"125":{"name":"(anonymous_125)","decl":{"start":{"line":684,"column":46},"end":{"line":684,"column":47}},"loc":{"start":{"line":684,"column":61},"end":{"line":686,"column":9}},"line":684},"126":{"name":"(anonymous_126)","decl":{"start":{"line":687,"column":46},"end":{"line":687,"column":47}},"loc":{"start":{"line":687,"column":58},"end":{"line":689,"column":9}},"line":687},"127":{"name":"(anonymous_127)","decl":{"start":{"line":690,"column":49},"end":{"line":690,"column":50}},"loc":{"start":{"line":690,"column":64},"end":{"line":692,"column":9}},"line":690},"128":{"name":"(anonymous_128)","decl":{"start":{"line":693,"column":49},"end":{"line":693,"column":50}},"loc":{"start":{"line":693,"column":61},"end":{"line":695,"column":9}},"line":693},"129":{"name":"(anonymous_129)","decl":{"start":{"line":696,"column":51},"end":{"line":696,"column":52}},"loc":{"start":{"line":696,"column":69},"end":{"line":700,"column":9}},"line":696},"130":{"name":"(anonymous_130)","decl":{"start":{"line":701,"column":46},"end":{"line":701,"column":47}},"loc":{"start":{"line":701,"column":58},"end":{"line":714,"column":9}},"line":701},"131":{"name":"(anonymous_131)","decl":{"start":{"line":706,"column":44},"end":{"line":706,"column":45}},"loc":{"start":{"line":706,"column":56},"end":{"line":708,"column":17}},"line":706},"132":{"name":"(anonymous_132)","decl":{"start":{"line":715,"column":48},"end":{"line":715,"column":49}},"loc":{"start":{"line":715,"column":60},"end":{"line":719,"column":9}},"line":715},"133":{"name":"(anonymous_133)","decl":{"start":{"line":720,"column":58},"end":{"line":720,"column":59}},"loc":{"start":{"line":720,"column":75},"end":{"line":727,"column":9}},"line":720},"134":{"name":"(anonymous_134)","decl":{"start":{"line":728,"column":55},"end":{"line":728,"column":56}},"loc":{"start":{"line":728,"column":67},"end":{"line":732,"column":9}},"line":728},"135":{"name":"(anonymous_135)","decl":{"start":{"line":733,"column":50},"end":{"line":733,"column":51}},"loc":{"start":{"line":733,"column":70},"end":{"line":744,"column":9}},"line":733},"136":{"name":"(anonymous_136)","decl":{"start":{"line":745,"column":54},"end":{"line":745,"column":55}},"loc":{"start":{"line":745,"column":66},"end":{"line":751,"column":9}},"line":745},"137":{"name":"createWindowTransceiver","decl":{"start":{"line":754,"column":13},"end":{"line":754,"column":36}},"loc":{"start":{"line":754,"column":45},"end":{"line":756,"column":5}},"line":754},"138":{"name":"(anonymous_138)","decl":{"start":{"line":758,"column":40},"end":{"line":758,"column":41}},"loc":{"start":{"line":758,"column":58},"end":{"line":809,"column":5}},"line":758},"139":{"name":"WindowEventBus","decl":{"start":{"line":760,"column":17},"end":{"line":760,"column":31}},"loc":{"start":{"line":760,"column":41},"end":{"line":767,"column":9}},"line":760},"140":{"name":"(anonymous_140)","decl":{"start":{"line":768,"column":56},"end":{"line":768,"column":57}},"loc":{"start":{"line":768,"column":74},"end":{"line":780,"column":9}},"line":768},"141":{"name":"(anonymous_141)","decl":{"start":{"line":781,"column":59},"end":{"line":781,"column":60}},"loc":{"start":{"line":781,"column":82},"end":{"line":786,"column":9}},"line":781},"142":{"name":"(anonymous_142)","decl":{"start":{"line":787,"column":67},"end":{"line":787,"column":68}},"loc":{"start":{"line":787,"column":82},"end":{"line":792,"column":9}},"line":787},"143":{"name":"(anonymous_143)","decl":{"start":{"line":793,"column":68},"end":{"line":793,"column":69}},"loc":{"start":{"line":793,"column":83},"end":{"line":807,"column":9}},"line":793},"144":{"name":"(anonymous_144)","decl":{"start":{"line":796,"column":27},"end":{"line":796,"column":28}},"loc":{"start":{"line":796,"column":41},"end":{"line":805,"column":13}},"line":796},"145":{"name":"(anonymous_145)","decl":{"start":{"line":797,"column":53},"end":{"line":797,"column":54}},"loc":{"start":{"line":797,"column":76},"end":{"line":801,"column":17}},"line":797},"146":{"name":"(anonymous_146)","decl":{"start":{"line":811,"column":38},"end":{"line":811,"column":39}},"loc":{"start":{"line":811,"column":56},"end":{"line":830,"column":5}},"line":811},"147":{"name":"WindowClient","decl":{"start":{"line":813,"column":17},"end":{"line":813,"column":29}},"loc":{"start":{"line":813,"column":32},"end":{"line":815,"column":9}},"line":813},"148":{"name":"(anonymous_148)","decl":{"start":{"line":816,"column":57},"end":{"line":816,"column":58}},"loc":{"start":{"line":816,"column":73},"end":{"line":824,"column":9}},"line":816},"149":{"name":"(anonymous_149)","decl":{"start":{"line":825,"column":41},"end":{"line":825,"column":42}},"loc":{"start":{"line":825,"column":56},"end":{"line":828,"column":9}},"line":825},"150":{"name":"(anonymous_150)","decl":{"start":{"line":832,"column":38},"end":{"line":832,"column":39}},"loc":{"start":{"line":832,"column":56},"end":{"line":882,"column":5}},"line":832},"151":{"name":"WindowServer","decl":{"start":{"line":834,"column":17},"end":{"line":834,"column":29}},"loc":{"start":{"line":834,"column":32},"end":{"line":836,"column":9}},"line":834},"152":{"name":"(anonymous_152)","decl":{"start":{"line":837,"column":54},"end":{"line":837,"column":55}},"loc":{"start":{"line":837,"column":72},"end":{"line":848,"column":9}},"line":837},"153":{"name":"(anonymous_153)","decl":{"start":{"line":849,"column":57},"end":{"line":849,"column":58}},"loc":{"start":{"line":849,"column":88},"end":{"line":862,"column":9}},"line":849},"154":{"name":"(anonymous_154)","decl":{"start":{"line":863,"column":57},"end":{"line":863,"column":58}},"loc":{"start":{"line":863,"column":75},"end":{"line":867,"column":9}},"line":863},"155":{"name":"(anonymous_155)","decl":{"start":{"line":868,"column":46},"end":{"line":868,"column":47}},"loc":{"start":{"line":868,"column":81},"end":{"line":880,"column":9}},"line":868}},"branchMap":{"0":{"loc":{"start":{"line":2,"column":4},"end":{"line":4,"column":119}},"type":"cond-expr","locations":[{"start":{"line":2,"column":67},"end":{"line":2,"column":83}},{"start":{"line":3,"column":4},"end":{"line":4,"column":119}}],"line":2},"1":{"loc":{"start":{"line":2,"column":4},"end":{"line":2,"column":64}},"type":"binary-expr","locations":[{"start":{"line":2,"column":4},"end":{"line":2,"column":31}},{"start":{"line":2,"column":35},"end":{"line":2,"column":64}}],"line":2},"2":{"loc":{"start":{"line":3,"column":4},"end":{"line":4,"column":119}},"type":"cond-expr","locations":[{"start":{"line":3,"column":49},"end":{"line":3,"column":77}},{"start":{"line":4,"column":5},"end":{"line":4,"column":118}}],"line":3},"3":{"loc":{"start":{"line":3,"column":4},"end":{"line":3,"column":46}},"type":"binary-expr","locations":[{"start":{"line":3,"column":4},"end":{"line":3,"column":32}},{"start":{"line":3,"column":36},"end":{"line":3,"column":46}}],"line":3},"4":{"loc":{"start":{"line":4,"column":14},"end":{"line":4,"column":77}},"type":"cond-expr","locations":[{"start":{"line":4,"column":50},"end":{"line":4,"column":60}},{"start":{"line":4,"column":63},"end":{"line":4,"column":77}}],"line":4},"5":{"loc":{"start":{"line":4,"column":63},"end":{"line":4,"column":77}},"type":"binary-expr","locations":[{"start":{"line":4,"column":63},"end":{"line":4,"column":69}},{"start":{"line":4,"column":73},"end":{"line":4,"column":77}}],"line":4},"6":{"loc":{"start":{"line":24,"column":24},"end":{"line":26,"column":109}},"type":"binary-expr","locations":[{"start":{"line":24,"column":24},"end":{"line":24,"column":45}},{"start":{"line":25,"column":13},"end":{"line":25,"column":47}},{"start":{"line":25,"column":51},"end":{"line":25,"column":87}},{"start":{"line":26,"column":12},"end":{"line":26,"column":109}}],"line":24},"7":{"loc":{"start":{"line":26,"column":47},"end":{"line":26,"column":107}},"type":"if","locations":[{"start":{"line":26,"column":47},"end":{"line":26,"column":107}},{"start":{},"end":{}}],"line":26},"8":{"loc":{"start":{"line":31,"column":8},"end":{"line":32,"column":102}},"type":"if","locations":[{"start":{"line":31,"column":8},"end":{"line":32,"column":102}},{"start":{},"end":{}}],"line":31},"9":{"loc":{"start":{"line":31,"column":12},"end":{"line":31,"column":49}},"type":"binary-expr","locations":[{"start":{"line":31,"column":12},"end":{"line":31,"column":35}},{"start":{"line":31,"column":39},"end":{"line":31,"column":49}}],"line":31},"10":{"loc":{"start":{"line":35,"column":22},"end":{"line":35,"column":92}},"type":"cond-expr","locations":[{"start":{"line":35,"column":35},"end":{"line":35,"column":51}},{"start":{"line":35,"column":55},"end":{"line":35,"column":91}}],"line":35},"11":{"loc":{"start":{"line":39,"column":19},"end":{"line":45,"column":9}},"type":"binary-expr","locations":[{"start":{"line":39,"column":19},"end":{"line":39,"column":32}},{"start":{"line":39,"column":36},"end":{"line":45,"column":9}}],"line":39},"12":{"loc":{"start":{"line":42,"column":33},"end":{"line":42,"column":93}},"type":"if","locations":[{"start":{"line":42,"column":33},"end":{"line":42,"column":93}},{"start":{},"end":{}}],"line":42},"13":{"loc":{"start":{"line":75,"column":15},"end":{"line":75,"column":62}},"type":"binary-expr","locations":[{"start":{"line":75,"column":15},"end":{"line":75,"column":32}},{"start":{"line":75,"column":36},"end":{"line":75,"column":48}},{"start":{"line":75,"column":52},"end":{"line":75,"column":62}}],"line":75},"14":{"loc":{"start":{"line":78,"column":8},"end":{"line":80,"column":9}},"type":"if","locations":[{"start":{"line":78,"column":8},"end":{"line":80,"column":9}},{"start":{},"end":{}}],"line":78},"15":{"loc":{"start":{"line":85,"column":12},"end":{"line":90,"column":13}},"type":"if","locations":[{"start":{"line":85,"column":12},"end":{"line":90,"column":13}},{"start":{},"end":{}}],"line":85},"16":{"loc":{"start":{"line":87,"column":16},"end":{"line":89,"column":17}},"type":"if","locations":[{"start":{"line":87,"column":16},"end":{"line":89,"column":17}},{"start":{},"end":{}}],"line":87},"17":{"loc":{"start":{"line":96,"column":8},"end":{"line":102,"column":9}},"type":"if","locations":[{"start":{"line":96,"column":8},"end":{"line":102,"column":9}},{"start":{},"end":{}}],"line":96},"18":{"loc":{"start":{"line":106,"column":25},"end":{"line":106,"column":195}},"type":"cond-expr","locations":[{"start":{"line":106,"column":61},"end":{"line":106,"column":71}},{"start":{"line":106,"column":74},"end":{"line":106,"column":195}}],"line":106},"19":{"loc":{"start":{"line":106,"column":74},"end":{"line":106,"column":195}},"type":"cond-expr","locations":[{"start":{"line":106,"column":106},"end":{"line":106,"column":112}},{"start":{"line":106,"column":115},"end":{"line":106,"column":195}}],"line":106},"20":{"loc":{"start":{"line":106,"column":115},"end":{"line":106,"column":195}},"type":"cond-expr","locations":[{"start":{"line":106,"column":147},"end":{"line":
[...]
:{"line":456,"column":17}},{"start":{},"end":{}}],"line":449},"105":{"loc":{"start":{"line":450,"column":20},"end":{"line":455,"column":21}},"type":"if","locations":[{"start":{"line":450,"column":20},"end":{"line":455,"column":21}},{"start":{},"end":{}}],"line":450},"106":{"loc":{"start":{"line":450,"column":24},"end":{"line":450,"column":58}},"type":"binary-expr","locations":[{"start":{"line":450,"column":24},"end":{"line":450,"column":36}},{"start":{"line":450,"column":40},"end":{"line":450,"column":58}}],"line":450},"107":{"loc":{"start":{"line":469,"column":12},"end":{"line":472,"column":13}},"type":"if","locations":[{"start":{"line":469,"column":12},"end":{"line":472,"column":13}},{"start":{},"end":{}}],"line":469},"108":{"loc":{"start":{"line":484,"column":16},"end":{"line":487,"column":17}},"type":"if","locations":[{"start":{"line":484,"column":16},"end":{"line":487,"column":17}},{"start":{},"end":{}}],"line":484},"109":{"loc":{"start":{"line":489,"column":12},"end":{"line":491,"column":13}},"type":"if","locations":[{"start":{"line":489,"column":12},"end":{"line":491,"column":13}},{"start":{},"end":{}}],"line":489},"110":{"loc":{"start":{"line":496,"column":16},"end":{"line":499,"column":17}},"type":"if","locations":[{"start":{"line":496,"column":16},"end":{"line":499,"column":17}},{"start":{},"end":{}}],"line":496},"111":{"loc":{"start":{"line":527,"column":12},"end":{"line":529,"column":13}},"type":"if","locations":[{"start":{"line":527,"column":12},"end":{"line":529,"column":13}},{"start":{},"end":{}}],"line":527},"112":{"loc":{"start":{"line":562,"column":7},"end":{"line":562,"column":30}},"type":"binary-expr","locations":[{"start":{"line":562,"column":7},"end":{"line":562,"column":13}},{"start":{"line":562,"column":18},"end":{"line":562,"column":29}}],"line":562},"113":{"loc":{"start":{"line":566,"column":24},"end":{"line":566,"column":49}},"type":"binary-expr","locations":[{"start":{"line":566,"column":24},"end":{"line":566,"column":41}},{"start":{"line":566,"column":45},"end":{"line":566,"column":49}}],"line":566},"114":{"loc":{"start":{"line":584,"column":23},"end":{"line":588,"column":26}},"type":"cond-expr","locations":[{"start":{"line":585,"column":18},"end":{"line":587,"column":40}},{"start":{"line":588,"column":18},"end":{"line":588,"column":26}}],"line":584},"115":{"loc":{"start":{"line":585,"column":18},"end":{"line":587,"column":40}},"type":"cond-expr","locations":[{"start":{"line":586,"column":22},"end":{"line":586,"column":42}},{"start":{"line":587,"column":22},"end":{"line":587,"column":40}}],"line":585},"116":{"loc":{"start":{"line":592,"column":12},"end":{"line":595,"column":13}},"type":"if","locations":[{"start":{"line":592,"column":12},"end":{"line":595,"column":13}},{"start":{},"end":{}}],"line":592},"117":{"loc":{"start":{"line":596,"column":12},"end":{"line":624,"column":13}},"type":"if","locations":[{"start":{"line":596,"column":12},"end":{"line":624,"column":13}},{"start":{},"end":{}}],"line":596},"118":{"loc":{"start":{"line":596,"column":16},"end":{"line":598,"column":33}},"type":"binary-expr","locations":[{"start":{"line":596,"column":17},"end":{"line":596,"column":31}},{"start":{"line":596,"column":35},"end":{"line":596,"column":72}},{"start":{"line":597,"column":16},"end":{"line":597,"column":42}},{"start":{"line":598,"column":16},"end":{"line":598,"column":33}}],"line":596},"119":{"loc":{"start":{"line":600,"column":16},"end":{"line":605,"column":17}},"type":"if","locations":[{"start":{"line":600,"column":16},"end":{"line":605,"column":17}},{"start":{"line":603,"column":21},"end":{"line":605,"column":17}}],"line":600},"120":{"loc":{"start":{"line":603,"column":21},"end":{"line":605,"column":17}},"type":"if","locations":[{"start":{"line":603,"column":21},"end":{"line":605,"column":17}},{"start":{},"end":{}}],"line":603},"121":{"loc":{"start":{"line":603,"column":25},"end":{"line":603,"column":64}},"type":"binary-expr","locations":[{"start":{"line":603,"column":25},"end":{"line":603,"column":45}},{"start":{"line":603,"column":49},"end":{"line":603,"column":64}}],"line":603},"122":{"loc":{"start":{"line":606,"column":16},"end":{"line":623,"column":17}},"type":"if","locations":[{"start":{"line":606,"column":16},"end":{"line":623,"column":17}},{"start":{},"end":{}}],"line":606},"123":{"loc":{"start":{"line":606,"column":20},"end":{"line":606,"column":75}},"type":"binary-expr","locations":[{"start":{"line":606,"column":20},"end":{"line":606,"column":38}},{"start":{"line":606,"column":42},"end":{"line":606,"column":75}}],"line":606},"124":{"loc":{"start":{"line":607,"column":20},"end":{"line":610,"column":21}},"type":"if","locations":[{"start":{"line":607,"column":20},"end":{"line":610,"column":21}},{"start":{},"end":{}}],"line":607},"125":{"loc":{"start":{"line":611,"column":20},"end":{"line":614,"column":21}},"type":"if","locations":[{"start":{"line":611,"column":20},"end":{"line":614,"column":21}},{"start":{},"end":{}}],"line":611},"126":{"loc":{"start":{"line":615,"column":20},"end":{"line":617,"column":21}},"type":"if","locations":[{"start":{"line":615,"column":20},"end":{"line":617,"column":21}},{"start":{},"end":{}}],"line":615},"127":{"loc":{"start":{"line":627,"column":12},"end":{"line":630,"column":13}},"type":"if","locations":[{"start":{"line":627,"column":12},"end":{"line":630,"column":13}},{"start":{},"end":{}}],"line":627},"128":{"loc":{"start":{"line":631,"column":12},"end":{"line":633,"column":13}},"type":"if","locations":[{"start":{"line":631,"column":12},"end":{"line":633,"column":13}},{"start":{},"end":{}}],"line":631},"129":{"loc":{"start":{"line":634,"column":12},"end":{"line":639,"column":13}},"type":"if","locations":[{"start":{"line":634,"column":12},"end":{"line":639,"column":13}},{"start":{"line":637,"column":17},"end":{"line":639,"column":13}}],"line":634},"130":{"loc":{"start":{"line":643,"column":12},"end":{"line":647,"column":13}},"type":"if","locations":[{"start":{"line":643,"column":12},"end":{"line":647,"column":13}},{"start":{},"end":{}}],"line":643},"131":{"loc":{"start":{"line":643,"column":16},"end":{"line":643,"column":76}},"type":"binary-expr","locations":[{"start":{"line":643,"column":16},"end":{"line":643,"column":44}},{"start":{"line":643,"column":48},"end":{"line":643,"column":76}}],"line":643},"132":{"loc":{"start":{"line":660,"column":16},"end":{"line":663,"column":17}},"type":"if","locations":[{"start":{"line":660,"column":16},"end":{"line":663,"column":17}},{"start":{},"end":{}}],"line":660},"133":{"loc":{"start":{"line":665,"column":12},"end":{"line":667,"column":13}},"type":"if","locations":[{"start":{"line":665,"column":12},"end":{"line":667,"column":13}},{"start":{},"end":{}}],"line":665},"134":{"loc":{"start":{"line":672,"column":16},"end":{"line":675,"column":17}},"type":"if","locations":[{"start":{"line":672,"column":16},"end":{"line":675,"column":17}},{"start":{},"end":{}}],"line":672},"135":{"loc":{"start":{"line":679,"column":12},"end":{"line":681,"column":13}},"type":"if","locations":[{"start":{"line":679,"column":12},"end":{"line":681,"column":13}},{"start":{},"end":{}}],"line":679},"136":{"loc":{"start":{"line":703,"column":12},"end":{"line":713,"column":13}},"type":"if","locations":[{"start":{"line":703,"column":12},"end":{"line":713,"column":13}},{"start":{"line":710,"column":17},"end":{"line":713,"column":13}}],"line":703},"137":{"loc":{"start":{"line":723,"column":16},"end":{"line":725,"column":17}},"type":"if","locations":[{"start":{"line":723,"column":16},"end":{"line":725,"column":17}},{"start":{},"end":{}}],"line":723},"138":{"loc":{"start":{"line":734,"column":12},"end":{"line":743,"column":13}},"type":"switch","locations":[{"start":{"line":735,"column":16},"end":{"line":737,"column":27}},{"start":{"line":738,"column":16},"end":{"line":740,"column":27}},{"start":{"line":741,"column":16},"end":{"line":742,"column":54}}],"line":734},"139":{"loc":{"start":{"line":747,"column":12},"end":{"line":750,"column":13}},"type":"if","locations":[{"start":{"line":747,"column":12},"end":{"line":750,"column":13}},{"start":{},"end":{}}],"line":747},"140":{"loc":{"start":{"line":761,"column":24},"end":{"line":761,"column":49}},"type":"binary-expr","locations":[{"start":{"line":761,"column":24},"end":{"line":761,"column":41}},{"start":{"line":761,"column":45},"end":{"line":761,"column":49}}],"line":761},"141":{"loc":{"start":{"line":770,"column":12},"end":{"line":778,"column":13}},"type":"if","locations":[{"start":{"line":770,"column":12},"end":{"line":778,"column":13}},{"start":{"line":773,"column":17},"end":{"line":778,"column":13}}],"line":770},"142":{"loc":{"start":{"line":789,"column":12},"end":{"line":791,"column":13}},"type":"if","locations":[{"start":{"line":789,"column":12},"end":{"line":791,"column":13}},{"start":{},"end":{}}],"line":789},"143":{"loc":{"start":{"line":798,"column":20},"end":{"line":800,"column":21}},"type":"if","locations":[{"start":{"line":798,"column":20},"end":{"line":800,"column":21}},{"start":{},"end":{}}],"line":798},"144":{"loc":{"start":{"line":802,"column":16},"end":{"line":804,"column":17}},"type":"if","locations":[{"start":{"line":802,"column":16},"end":{"line":804,"column":17}},{"start":{},"end":{}}],"line":802},"145":{"loc":{"start":{"line":814,"column":19},"end":{"line":814,"column":75}},"type":"binary-expr","locations":[{"start":{"line":814,"column":19},"end":{"line":814,"column":34}},{"start":{"line":814,"column":38},"end":{"line":814,"column":67}},{"start":{"line":814,"column":71},"end":{"line":814,"column":75}}],"line":814},"146":{"loc":{"start":{"line":835,"column":19},"end":{"line":835,"column":75}},"type":"binary-expr","locations":[{"start":{"line":835,"column":19},"end":{"line":835,"column":34}},{"start":{"line":835,"column":38},"end":{"line":835,"column":67}},{"start":{"line":835,"column":71},"end":{"line":835,"column":75}}],"line":835},"147":{"loc":{"start":{"line":838,"column":28},"end":{"line":838,"column":74}},"type":"cond-expr","locations":[{"start":{"line":838,"column":47},"end":{"line":838,"column":63}},{"start":{"line":838,"column":66},"end":{"line":838,"column":74}}],"line":838},"148":{"loc":{"start":{"line":839,"column":26},"end":{"line":839,"column":72}},"type":"cond-expr","locations":[{"start":{"line":839,"column":43},"end":{"line":839,"column":57}},{"start":{"line":839,"column":60},"end":{"line":839,"column":72}}],"line":839},"149":{"loc":{"start":{"line":840,"column":12},"end":{"line":843,"column":13}},"type":"if","locations":[{"start":{"line":840,"column":12},"end":{"line":843,"column":13}},{"start":{},"end":{}}],"line":840},"150":{"loc":{"start":{"line":850,"column":28},"end":{"line":850,"column":87}},"type":"cond-expr","locations":[{"start":{"line":850,"column":47},"end":{"line":850,"column":63}},{"start":{"line":850,"column":66},"end":{"line":850,"column":87}}],"line":850},"151":{"loc":{"start":{"line":851,"column":26},"end":{"line":851,"column":84}},"type":"cond-expr","locations":[{"start":{"line":851,"column":43},"end":{"line":851,"column":57}},{"start":{"line":851,"column":60},"end":{"line":851,"column":84}}],"line":851},"152":{"loc":{"start":{"line":852,"column":12},"end":{"line":855,"column":13}},"type":"if","locations":[{"start":{"line":852,"column":12},"end":{"line":855,"column":13}},{"start":{},"end":{}}],"line":852},"153":{"loc":{"start":{"line":864,"column":12},"end":{"line":866,"column":13}},"type":"if","locations":[{"start":{"line":864,"column":12},"end":{"line":866,"column":13}},{"start":{},"end":{}}],"line":864},"154":{"loc":{"start":{"line":869,"column":12},"end":{"line":871,"column":13}},"type":"if","locations":[{"start":{"line":869,"column":12},"end":{"line":871,"column":13}},{"start":{},"end":{}}],"line":869},"155":{"loc":{"start":{"line":873,"column":12},"end":{"line":878,"column":13}},"type":"if","locations":[{"start":{"line":873,"column":12},"end":{"line":878,"column":13}},{"start":{"line":876,"column":17},"end":{"line":878,"column":13}}],"line":873}},"s":{"0":1,"1":1,"2":1,"3":1,"4":0,"5":0,"6":0,"7":0,"8":1,"9":7,"10":0,"11":7,"12":7,"13":7,"14":1,"15":0,"16":0,"17":0,"18":0,"19":0,"20":0,"21":0,"22":0,"23":0,"24":0,"25":1,"26":1,"27":0,"28":0,"29":0,"30":3,"31":0,"32":0,"33":0,"34":0,"35":0,"36":0,"37":0,"38":0,"39":0,"40":0,"41":0,"42":0,"43":0,"44":0,"45":0,"46":0,"47":0,"48":0,"49":0,"50":0,"51":1,"52":1,"53":1,"54":1,"55":1,"56":5,"57":0,"58":0,"59":0,"60":0,"61":5,"62":9,"63":0,"64":5,"65":2,"66":0,"67":0,"68":0,"69":0,"70":0,"71":0,"72":0,"73":0,"74":0,"75":0,"76":0,"77":0,"78":0,"79":0,"80":1,"81":5,"82":1,"83":5,"84":1,"85":1,"86":1,"87":1,"88":5,"89":5,"90":5,"91":5,"92":10,"93":5,"94":5,"95":5,"96":5,"97":4,"98":4,"99":4,"100":4,"101":0,"102":1,"103":1,"104":1,"105":1,"106":1,"107":1,"108":1,"109":1,"110":1,"111":3,"112":1,"113":5,"114":5,"115":5,"116":5,"117":5,"118":5,"119":5,"120":5,"121":5,"122":1,"123":6,"124":6,"125":6,"126":12,"127":6,"128":0,"129":0,"130":0,"131":0,"132":0,"133":0,"134":0,"135":0,"136":0,"137":0,"138":0,"139":0,"140":0,"141":0,"142":0,"143":3,"144":0,"145":1,"146":1,"147":1,"148":4,"149":84,"150":84,"151":50,"152":34,"153":26,"154":8,"155":2,"156":6,"157":84,"158":1,"159":1,"160":3,"161":3,"162":3,"163":3,"164":3,"165":1,"166":6,"167":6,"168":6,"169":5,"170":6,"171":6,"172":6,"173":0,"174":0,"175":0,"176":0,"177":0,"178":0,"179":0,"180":0,"181":0,"182":0,"183":0,"184":0,"185":0,"186":6,"187":6,"188":0,"189":6,"190":6,"191":6,"192":0,"193":0,"194":0,"195":0,"196":0,"197":6,"198":1,"199":0,"200":0,"201":0,"202":0,"203":0,"204":0,"205":0,"206":1,"207":0,"208":0,"209":0,"210":0,"211":0,"212":1,"213":0,"214":1,"215":0,"216":1,"217":0,"218":0,"219":0,"220":0,"221":0,"222":0,"223":0,"224":1,"225":0,"226":0,"227":0,"228":0,"229":0,"230":1,"231":1,"232":1,"233":1,"234":1,"235":1,"236":1,"237":1,"238":1,"239":1,"240":1,"241":1,"242":1,"243":2,"244":2,"245":2,"246":2,"247":2,"248":1,"249":1,"250":1,"251":1,"252":1,"253":1,"254":1,"255":0,"256":2,"257":2,"258":1,"259":1,"260":0,"261":0,"262":1,"263":0,"264":0,"265":0,"266":0,"267":0,"268":1,"269":1,"270":2,"271":2,"272":2,"273":1,"274":3,"275":3,"276":3,"277":1,"278":3,"279":1,"280":0,"281":0,"282":0,"283":0,"284":1,"285":0,"286":0,"287":0,"288":0,"289":0,"290":0,"291":0,"292":0,"293":1,"294":0,"295":1,"296":0,"297":0,"298":0,"299":0,"300":0,"301":0,"302":0,"303":1,"304":0,"305":1,"306":1,"307":1,"308":1,"309":1,"310":1,"311":0,"312":0,"313":0,"314":0,"315":0,"316":0,"317":0,"318":0,"319":0,"320":0,"321":0,"322":0,"323":0,"324":1,"325":0,"326":0,"327":0,"328":1,"329":0,"330":1,"331":0,"332":0,"333":0,"334":0,"335":0,"336":0,"337":0,"338":0,"339":0,"340":0,"341":0,"342":0,"343":0,"344":1,"345":0,"346":0,"347":0,"348":0,"349":1,"350":0,"351":1,"352":0,"353":0,"354":0,"355":1,"356":0,"357":0,"358":1,"359":0,"360":1,"361":0,"362":0,"363":0,"364":0,"365":0,"366":0,"367":0,"368":1,"369":0,"370":0,"371":0,"372":0,"373":0,"374":1,"375":0,"376":1,"377":0,"378":0,"379":0,"380":0,"381":0,"382":1,"383":0,"384":1,"385":0,"386":0,"387":0,"388":0,"389":0,"390":0,"391":0,"392":0,"393":1,"394":0,"395":1,"396":0,"397":0,"398":0,"399":0,"400":0,"401":1,"402":0,"403":1,"404":1,"405":1,"406":1,"407":1,"408":1,"409":1,"410":1,"411":0,"412":0,"413":0,"414":0,"415":0,"416":0,"417":0,"418":0,"419":0,"420":0,"421":0,"422":0,"423":0,"424":0,"425":0,"426":0,"427":0,"428":0,"429":0,"430":0,"431":1,"432":0,"433":0,"434":0,"435":0,"436":0,"437":0,"438":0,"439":0,"440":0,"441":0,"442":0,"443":0,"444":0,"445":0,"446":0,"447":0,"448":0,"449":0,"450":0,"451":0,"452":0,"453":0,"454":1,"455":0,"456":0,"457":0,"458":0,"459":0,"460":0,"461":0,"462":0,"463":0,"464":1,"465":0,"466":0,"467":0,"468":0,"469":1,"470":0,"471":0,"472":0,"473":1,"474":0,"475":1,"476":0,"477":0,"478":0,"479":0,"480":0,"481":0,"482":0,"483":1,"484":0,"485":0,"486":0,"487":0,"488":0,"489":1,"490":0,"491":0,"492":0,"493":1,"494":0,"495":1,"496":0,"497":1,"498":0,"499":1,"500":0,"501":1,"502":0,"503":0,"504":0,"505":1,"506":0,"507":0,"508":0,"509":0,"510":0,"511":0,"512":0,"513":0,"514":1,"515":0,"516":0,"517":0,"518":1,"519":0,"520":0,"521":0,"522":0,"523":1,"524":0,"525":0,"526":0,"527":1,"528":0,"529":0,"530":0,"531":0,"532":0,"533":0,"534":1,"535":0,"536":0,"537":0,"538":0,"539":1,"540":0,"541":1,"542":1,"543":1,"544":1,"545":1,"546":1,"547":1,"548":1,"549":1,"550":0,"551":0,"552":0,"553":0,"554":0,"555":0,"556":0,"557":0,"558":1,"559":0,"560":0,"561":0,"562":0,"563":1,"564":0,"565":0,"566":0,"567":1,"568":0,"569":0,"570":0,"571":0,"572":0,"573":0,"574":0,"575":0,"576":0,"577":1,"578":1,"579":1,"580":1,"581":1,"582":0,"583":0,"584":0,"585":0,"586":1,"587":0,"588":0,"589":1,"590":1,"591":1,"592":0,"593":1,"594":0,"595":0,"596":0,"597":0,"598":0,"599":0,"600":0,"601":0,"602":0,"603":1,"604":0,"605":0,"606":0,"607":0,"608":0,"609":0,"610":0,"611":1,"612":0,"613":0,"614":1,"615":0,"616":0,"617":0,"618":0,"619":0,"620":0,"621":0,"622":1,"623":1,"624":1,"625":1,"626":1,"627":1,"628":1,"629":1,"630":1,"631":1,"632":1,"633":1,"634":1,"635":1},"f":{"0":1,"1":1,"2":1,"3":0,"4":0,"5":7,"6":7,"7":0,"8":0,"9":1,"10":0,"11":0,"12":0,"13":0,"14":3,"15":0,"16":0,"17":0,"18":1,"19":1,"20":1,"21":5,"22":9,"23":0,"24":5,"25":2,"26":0,"27":1,"28":5,"29":5,"30":1,"31":1,"32":5,"33":1,"34":1,"35":1,"36":1,"37":3,"38":5,"39":1,"40":6,"41":0,"42":0,"43":0,"44":3,"45":0,"46":4,"47":84,"48":1,"49":3,"50":6,"51":0,"52":0,"53":0,"54":0,"55":0,"56":0,"57":0,"58":0,"59":0,"60":0,"61":0,"62":0,"63":1,"64":1,"65":1,"66":1,"67":2,"68":1,"69":1,"70":1,"71":1,"72":1,"73":0,"74":0,"75":0,"76":1,"77":2,"78":3,"79":3,"80":0,"81":0,"82":1,"83":0,"84":0,"85":0,"86":0,"87":1,"88":1,"89":0,"90":0,"91":0,"92":0,"93":0,"94":0,"95":0,"96":0,"97":0,"98":0,"99":0,"100":0,"101":0,"102":0,"103":0,"104":0,"105":0,"106":1,"107":0,"108":0,"109":0,"110":0,"111":1,"112":1,"113":0,"114":0,"115":0,"116":0,"117":0,"118":0,"119":0,"120":0,"121":0,"122":0,"123":0,"124":0,"125":0,"126":0,"127":0,"128":0,"129":0,"130":0,"131":0,"132":0,"133":0,"134":0,"135":0,"136":0,"137":0,"138":1,"139":1,"140":0,"141":0,"142":0,"143":0,"144":0,"145":0,"146":1,"147":1,"148":0,"149":0,"150":1,"151":0,"152":0,"153":0,"154":0,"155":0},"b":{"0":[1,0],"1":[1,1],"2":[0,0],"3":[0,0],"4":[0,0],"5":[0,0],"6":[1,0,0,0],"7":[0,0],"8":[0,7],"9":[7,0],"10":[0,7],"11":[0,0],"12":[0,0],"13":[0,0,0],"14":[0,0],"15":[0,0],"16":[0,0],"17":[0,0],"18":[1,0],"19":[0,0],"20":[0,0],"21":[0,0],"22":[0,5],"23":[5,5],"24":[0,0,0],"25":[0,0],"26":[5,5],"27":[0,0],"28":[0,0],"29":[0,0],"30":[0,0],"31":[0,0],"32":[0,0],"33":[0,0],"34":[0,0,0],"35":[0,0],"36":[0,0,0],"37":[0,0,0],"38":[1,0],"39":[5,0],"40":[5,0],"41":[0,4],"42":[0,4],"43":[1,3],"44":[1,1],"45":[1,1],"46":[4,0],"47":[1,0],"48":[1,0],"49":[1,1],"50":[5,1],"51":[0,5],"52":[5,0],"53":[5,5],"54":[6,5],"55":[0,0],"56":[0,0],"57":[0,0],"58":[3,2],"59":[1,1],"60":[4],"61":[50,34],"62":[26,8],"63":[2,6],"64":[3,3,3],"65":[6,0],"66":[6,1],"67":[5,1],"68":[6,0],"69":[0,6],"70":[0,0],"71":[0,0],"72":[0,0],"73":[0,0],"74":[0,0],"75":[0,0],"76":[0,0],"77":[0,0],"78":[6,0],"79":[6,6],"80":[0,0],"81":[0,0],"82":[0,0],"83":[0,0],"84":[0,0],"85":[0,0],"86":[0,0],"87":[0,0],"88":[2,0],"89":[2,0],"90":[1,0],"91":[1,1],"92":[1,0],"93":[2,0],"94":[2,2,0],"95":[0,0],"96":[0,0],"97":[1,1],"98":[0,0],"99":[0,0],"100":[0,0],"101":[0,0,0],"102":[0,0],"103":[0,0],"104":[0,0],"105":[0,0],"106":[0,0],"107":[0,0],"108":[0,0],"109":[0,0],"110":[0,0],"111":[0,0],"112":[1,1],"113":[0,0],"114":[0,0],"115":[0,0],"116":[0,0],"117":[0,0],"118":[0,0,0,0],"119":[0,0],"120":[0,0],"121":[0,0],"122":[0,0],"123":[0,0],"124":[0,0],"125":[0,0],"126":[0,0],"127":[0,0],"128":[0,0],"129":[0,0],"130":[0,0],"131":[0,0],"132":[0,0],"133":[0,0],"134":[0,0],"135":[0,0],"136":[0,0],"137":[0,0],"138":[0,0,0],"139":[0,0],"140":[1,0],"141":[0,0],"142":[0,0],"143":[0,0],"144":[0,0],"145":[1,1,0],"146":[0,0,0],"147":[0,0],"148":[0,0],"149":[0,0],"150":[0,0],"151":[0,0],"152":[0,0],"153":[0,0],"154":[0,0],"155":[0,0]},"_coverageSchema":"1a1c01bbd47fc00a2c39e90264f33305004495a9","hash":"81d5359129658f1a89affa890633f0ac10a42262"}
}
